Release 14.7 - ngc2edif P.20131013 (nt)
Copyright (c) 1995-2013 Xilinx, Inc.  All rights reserved.
Reading design Ex1.ngc ...
WARNING:NetListWriters:298 - No output is written to Ex1.xncf, ignored.
Processing design ...
   Preping design's networks ...
   Preping design's macros ...
  finished :Prep
Writing EDIF netlist file Ex1.edif ...
ngc2edif: Total memory usage is 113880 kilobytes

Release 14.7 - ngc2edif P.20131013 (nt)
Copyright (c) 1995-2013 Xilinx, Inc.  All rights reserved.
Reading design Ex1.ngc ...
WARNING:NetListWriters:298 - No output is written to Ex1.xncf, ignored.
Processing design ...
   Preping design's networks ...
   Preping design's macros ...
  finished :Prep
Writing EDIF netlist file Ex1.edif ...
ngc2edif: Total memory usage is 114648 kilobytes

