#-----------------------------------------------------------
# PlanAhead v14.7
# Build 321239 by xbuild on Fri Sep 27 19:31:35 MDT 2013
# Start of session at: Thu Sep 27 09:16:01 2018
# Process ID: 14432
# Log file: C:/Users/John/Documents/PHYS301_Xilinx/Lab5/planAhead_run_2/planAhead.log
# Journal file: C:/Users/John/Documents/PHYS301_Xilinx/Lab5/planAhead_run_2/planAhead.jou
#-----------------------------------------------------------
INFO: [Common 17-78] Attempting to get a license: PlanAhead
INFO: [Common 17-290] Got license for PlanAhead
INFO: [Device 21-36] Loading parts and site information from C:/Xilinx/14.7/ISE_DS/PlanAhead/data/parts/arch.xml
Parsing RTL primitives file [C:/Xilinx/14.7/ISE_DS/PlanAhead/data/parts/xilinx/rtl/prims/rtl_prims.xml]
Finished parsing RTL primitives file [C:/Xilinx/14.7/ISE_DS/PlanAhead/data/parts/xilinx/rtl/prims/rtl_prims.xml]
start_gui
source C:/Users/John/Documents/PHYS301_Xilinx/Lab5/pa.fromNetlist.tcl
# create_project -name Lab5 -dir "C:/Users/John/Documents/PHYS301_Xilinx/Lab5/planAhead_run_2" -part xc3s100ecp132-4
ERROR: [Common 17-53] User Exception: Project already exists on disk, please use '-force' option to overwrite: 
     C:/Users/John/Documents/PHYS301_Xilinx/Lab5/planAhead_run_2/Lab5.ppr
     C:/Users/John/Documents/PHYS301_Xilinx/Lab5/planAhead_run_2/Lab5.data

    while executing
"create_project -name Lab5 -dir "C:/Users/John/Documents/PHYS301_Xilinx/Lab5/planAhead_run_2" -part xc3s100ecp132-4"
    (file "C:/Users/John/Documents/PHYS301_Xilinx/Lab5/pa.fromNetlist.tcl" line 4)
exit
INFO: [Common 17-206] Exiting PlanAhead at Thu Sep 27 09:17:23 2018...
INFO: [Common 17-83] Releasing license: PlanAhead
