#-----------------------------------------------------------
# PlanAhead v14.7
# Build 321239 by xbuild on Fri Sep 27 19:31:35 MDT 2013
# Start of session at: Sun Oct 07 18:05:44 2018
# Process ID: 7392
# Log file: C:/Users/Chris/Documents/School/7th Year/Fall 2018/Phys301/CSUSM - PHYS301_Fall2017/Lab6Experiment6/planAhead_run_3/planAhead.log
# Journal file: C:/Users/Chris/Documents/School/7th Year/Fall 2018/Phys301/CSUSM - PHYS301_Fall2017/Lab6Experiment6/planAhead_run_3/planAhead.jou
#-----------------------------------------------------------
INFO: [Common 17-78] Attempting to get a license: PlanAhead
INFO: [Common 17-290] Got license for PlanAhead
INFO: [Device 21-36] Loading parts and site information from C:/Xilinx/14.7/ISE_DS/PlanAhead/data/parts/arch.xml
Parsing RTL primitives file [C:/Xilinx/14.7/ISE_DS/PlanAhead/data/parts/xilinx/rtl/prims/rtl_prims.xml]
Finished parsing RTL primitives file [C:/Xilinx/14.7/ISE_DS/PlanAhead/data/parts/xilinx/rtl/prims/rtl_prims.xml]
start_gui
source {C:/Users/Chris/Documents/School/7th Year/Fall 2018/Phys301/CSUSM - PHYS301_Fall2017/Lab6Experiment6/pa.fromNetlist.tcl}
# create_project -name Lab6Experiment6 -dir "C:/Users/Chris/Documents/School/7th Year/Fall 2018/Phys301/CSUSM - PHYS301_Fall2017/Lab6Experiment6/planAhead_run_3" -part xc3s100ecp132-4
create_project: Time (s): elapsed = 00:00:06 . Memory (MB): peak = 367.512 ; gain = 31.316
# set_property design_mode GateLvl [get_property srcset [current_run -impl]]
# set_property edif_top_file "C:/Users/Chris/Documents/School/7th Year/Fall 2018/Phys301/CSUSM - PHYS301_Fall2017/Lab6Experiment6/Exp6.ngc" [ get_property srcset [ current_run ] ]
# add_files -norecurse { {C:/Users/Chris/Documents/School/7th Year/Fall 2018/Phys301/CSUSM - PHYS301_Fall2017/Lab6Experiment6} }
# set_param project.pinAheadLayout  yes
# set_property target_constrs_file "Exp6.ucf" [current_fileset -constrset]
Adding file 'C:/Users/Chris/Documents/School/7th Year/Fall 2018/Phys301/CSUSM - PHYS301_Fall2017/Lab6Experiment6/Exp6.ucf' to fileset 'constrs_1'
# add_files [list {Exp6.ucf}] -fileset [get_property constrset [current_run]]
# link_design
Design is defaulting to srcset: sources_1
Design is defaulting to constrset: constrs_1
Design is defaulting to project part: xc3s100ecp132-4
Release 14.7 - ngc2edif P.20131013 (nt)
Copyright (c) 1995-2013 Xilinx, Inc.  All rights reserved.

Release 14.7 - ngc2edif P.20131013 (nt)
Copyright (c) 1995-2013 Xilinx, Inc.  All rights reserved.
Reading design Exp6.ngc ...
WARNING:NetListWriters:298 - No output is written to Exp6.xncf, ignored.
Processing design ...
   Preping design's networks ...
   Preping design's macros ...
  finished :Prep
Writing EDIF netlist file Exp6.edif ...
ngc2edif: Total memory usage is 79180 kilobytes

Parsing EDIF File [./planAhead_run_3/Lab6Experiment6.data/cache/Exp6_ngc_zx.edif]
Finished Parsing EDIF File [./planAhead_run_3/Lab6Experiment6.data/cache/Exp6_ngc_zx.edif]
INFO: [Designutils 20-910] Reading macro library C:/Xilinx/14.7/ISE_DS/PlanAhead/data\./parts/xilinx/spartan3e/spartan3e/hd_int_macros.edn
Parsing EDIF File [C:/Xilinx/14.7/ISE_DS/PlanAhead/data\./parts/xilinx/spartan3e/spartan3e/hd_int_macros.edn]
Finished Parsing EDIF File [C:/Xilinx/14.7/ISE_DS/PlanAhead/data\./parts/xilinx/spartan3e/spartan3e/hd_int_macros.edn]
Loading clock regions from C:/Xilinx/14.7/ISE_DS/PlanAhead/data\parts/xilinx/spartan3e/spartan3e/xc3s100e/ClockRegion.xml
Loading clock buffers from C:/Xilinx/14.7/ISE_DS/PlanAhead/data\parts/xilinx/spartan3e/spartan3e/xc3s100e/ClockBuffers.xml
Loading package from C:/Xilinx/14.7/ISE_DS/PlanAhead/data\parts/xilinx/spartan3e/spartan3e/xc3s100e/cp132/Package.xml
Loading io standards from C:/Xilinx/14.7/ISE_DS/PlanAhead/data\./parts/xilinx/spartan3e/IOStandards.xml
INFO: [Device 21-19] Loading pkg sso from C:/Xilinx/14.7/ISE_DS/PlanAhead/data\parts/xilinx/spartan3e/spartan3e/xc3s100e/cp132/SSORules.xml
Loading list of drcs for the architecture : C:/Xilinx/14.7/ISE_DS/PlanAhead/data\./parts/xilinx/spartan3e/spartan3e/drc.xml
INFO: [Timing 38-77] Reading timing library C:/Xilinx/14.7/ISE_DS/PlanAhead/data\parts/xilinx/spartan3e/spartan3e/spartan3e-4.lib.
INFO: [Timing 38-34] Done reading timing library C:/Xilinx/14.7/ISE_DS/PlanAhead/data\parts/xilinx/spartan3e/spartan3e/spartan3e-4.lib.
Parsing UCF File [C:/Users/Chris/Documents/School/7th Year/Fall 2018/Phys301/CSUSM - PHYS301_Fall2017/Lab6Experiment6/Exp6.ucf]
Finished Parsing UCF File [C:/Users/Chris/Documents/School/7th Year/Fall 2018/Phys301/CSUSM - PHYS301_Fall2017/Lab6Experiment6/Exp6.ucf]
INFO: [Project 1-111] Unisim Transformation Summary:
No Unisim elements were transformed.

Phase 0 | Netlist Checksum: 688e557b
link_design: Time (s): elapsed = 00:00:19 . Memory (MB): peak = 430.371 ; gain = 59.332
exit
ERROR: [PlanAhead 12-106] *** Exception: ui.h.b: Found deleted key in HTclEventBroker. Verify if the classes listed here call cleanup()
HTclEvent: DEBUG_CORE_CONFIG_CHANGE   Classes: ui.views.aR 
HTclEvent: SIGNAL_BUS_MODIFY   Classes: ui.views.aR 
HTclEvent: DEBUG_PORT_CONFIG_CHANGE   Classes: ui.views.aR 
HTclEvent: SIGNAL_MODIFY   Classes: ui.views.aR 
 (See C:/Users/Chris/Documents/School/7th Year/Fall 2018/Phys301/CSUSM - PHYS301_Fall2017/Lab6Experiment6\planAhead_pid7392.debug)
ERROR: [Common 17-39] 'stop_gui' failed due to earlier errors.
INFO: [Common 17-206] Exiting PlanAhead at Sun Oct 07 20:23:58 2018...
INFO: [Common 17-83] Releasing license: PlanAhead
