
****** PlanAhead v14.7
  **** Build 321239 by xbuild on Fri Sep 27 19:31:35 MDT 2013
    ** Copyright 1986-1999, 2001-2013 Xilinx, Inc. All Rights Reserved.

INFO: [Common 17-78] Attempting to get a license: PlanAhead
INFO: [Common 17-290] Got license for PlanAhead
INFO: [Device 21-36] Loading parts and site information from C:/Xilinx/14.7/ISE_DS/PlanAhead/data/parts/arch.xml
Parsing RTL primitives file [C:/Xilinx/14.7/ISE_DS/PlanAhead/data/parts/xilinx/rtl/prims/rtl_prims.xml]
Finished parsing RTL primitives file [C:/Xilinx/14.7/ISE_DS/PlanAhead/data/parts/xilinx/rtl/prims/rtl_prims.xml]
start_gui
source C:/Users/John/Documents/PHYS301_Xilinx/Lab7/pa.fromNetlist.tcl
# create_project -name Lab7 -dir "C:/Users/John/Documents/PHYS301_Xilinx/Lab7/planAhead_run_4" -part xc3s100ecp132-4
create_project: Time (s): elapsed = 00:00:05 . Memory (MB): peak = 374.219 ; gain = 27.824
# set_property design_mode GateLvl [get_property srcset [current_run -impl]]
# set_property edif_top_file "C:/Users/John/Documents/PHYS301_Xilinx/Lab7/experiment6.ngc" [ get_property srcset [ current_run ] ]
# add_files -norecurse { {C:/Users/John/Documents/PHYS301_Xilinx/Lab7} }
# set_param project.pinAheadLayout  yes
# set_property target_constrs_file "experiment6.ucf" [current_fileset -constrset]
Adding file 'C:/Users/John/Documents/PHYS301_Xilinx/Lab7/experiment6.ucf' to fileset 'constrs_1'
# add_files [list {experiment6.ucf}] -fileset [get_property constrset [current_run]]
# link_design
Design is defaulting to srcset: sources_1
Design is defaulting to constrset: constrs_1
Design is defaulting to project part: xc3s100ecp132-4
Release 14.7 - ngc2edif P.20131013 (nt)
Copyright (c) 1995-2013 Xilinx, Inc.  All rights reserved.

Release 14.7 - ngc2edif P.20131013 (nt)
Copyright (c) 1995-2013 Xilinx, Inc.  All rights reserved.
Reading design experiment6.ngc ...
WARNING:NetListWriters:298 - No output is written to experiment6.xncf, ignored.
Processing design ...
   Preping design's networks ...
   Preping design's macros ...
WARNING:NetListWriters:306 - Signal bus XLXI_7/Mcompar_clk_1_cmp_gt0000_lut<11 :
   0> on block experiment6 is not reconstructed, because there are some missing
   bus signals.
WARNING:NetListWriters:306 - Signal bus XLXI_7/Mcompar_clk_1k_cmp_gt0000_lut<11
   : 0> on block experiment6 is not reconstructed, because there are some
   missing bus signals.
  finished :Prep
Writing EDIF netlist file experiment6.edif ...
ngc2edif: Total memory usage is 116120 kilobytes

Parsing EDIF File [./planAhead_run_4/Lab7.data/cache/experiment6_ngc_zx.edif]
Finished Parsing EDIF File [./planAhead_run_4/Lab7.data/cache/experiment6_ngc_zx.edif]
INFO: [Designutils 20-910] Reading macro library C:/Xilinx/14.7/ISE_DS/PlanAhead/data\./parts/xilinx/spartan3e/spartan3e/hd_int_macros.edn
Parsing EDIF File [C:/Xilinx/14.7/ISE_DS/PlanAhead/data\./parts/xilinx/spartan3e/spartan3e/hd_int_macros.edn]
Finished Parsing EDIF File [C:/Xilinx/14.7/ISE_DS/PlanAhead/data\./parts/xilinx/spartan3e/spartan3e/hd_int_macros.edn]
Loading clock regions from C:/Xilinx/14.7/ISE_DS/PlanAhead/data\parts/xilinx/spartan3e/spartan3e/xc3s100e/ClockRegion.xml
Loading clock buffers from C:/Xilinx/14.7/ISE_DS/PlanAhead/data\parts/xilinx/spartan3e/spartan3e/xc3s100e/ClockBuffers.xml
Loading package from C:/Xilinx/14.7/ISE_DS/PlanAhead/data\parts/xilinx/spartan3e/spartan3e/xc3s100e/cp132/Package.xml
Loading io standards from C:/Xilinx/14.7/ISE_DS/PlanAhead/data\./parts/xilinx/spartan3e/IOStandards.xml
INFO: [Device 21-19] Loading pkg sso from C:/Xilinx/14.7/ISE_DS/PlanAhead/data\parts/xilinx/spartan3e/spartan3e/xc3s100e/cp132/SSORules.xml
Loading list of drcs for the architecture : C:/Xilinx/14.7/ISE_DS/PlanAhead/data\./parts/xilinx/spartan3e/spartan3e/drc.xml
INFO: [Timing 38-77] Reading timing library C:/Xilinx/14.7/ISE_DS/PlanAhead/data\parts/xilinx/spartan3e/spartan3e/spartan3e-4.lib.
INFO: [Timing 38-34] Done reading timing library C:/Xilinx/14.7/ISE_DS/PlanAhead/data\parts/xilinx/spartan3e/spartan3e/spartan3e-4.lib.
Parsing UCF File [C:/Users/John/Documents/PHYS301_Xilinx/Lab7/experiment6.ucf]
Finished Parsing UCF File [C:/Users/John/Documents/PHYS301_Xilinx/Lab7/experiment6.ucf]
INFO: [Project 1-111] Unisim Transformation Summary:
No Unisim elements were transformed.

Phase 0 | Netlist Checksum: 0ddee476
link_design: Time (s): elapsed = 00:00:19 . Memory (MB): peak = 482.957 ; gain = 100.082
startgroup
set_property package_pin N13 [get_ports {ssdSegOut[7]}]
endgroup
startgroup
set_property package_pin L14 [get_ports {ssdSegOut[6]}]
endgroup
startgroup
set_property package_pin H12 [get_ports {ssdSegOut[5]}]
endgroup
startgroup
set_property package_pin N14 [get_ports {ssdSegOut[4]}]
endgroup
set_property package_pin "" [get_ports [list  {ssdSegOut[2]}]]
startgroup
set_property package_pin N11 [get_ports {ssdSegOut[3]}]
endgroup
startgroup
set_property package_pin P12 [get_ports {ssdSegOut[2]}]
endgroup
startgroup
set_property package_pin L13 [get_ports {ssdSegOut[1]}]
endgroup
startgroup
set_property package_pin K14 [get_ports {ssdSegOut[0]}]
endgroup
startgroup
set_property package_pin F12 [get_ports {ssdSelectOut[3]}]
endgroup
startgroup
set_property package_pin J12 [get_ports {ssdSelectOut[2]}]
endgroup
startgroup
set_property package_pin M13 [get_ports {ssdSelectOut[1]}]
endgroup
startgroup
set_property package_pin M12 [get_ports {ssdSegOut[0]}]
endgroup
startgroup
set_property package_pin K14 [get_ports {ssdSelectOut[0]}]
endgroup
startgroup
set_property package_pin G12 [get_ports CLKin]
endgroup
startgroup
set_property package_pin P11 [get_ports Din]
endgroup
startgroup
set_property package_pin B8 [get_ports MCLK]
endgroup
save_constraints
startgroup
set_property package_pin C8 [get_ports MCLK]
endgroup
