Release 14.7 - ngc2edif P.20131013 (nt)
Copyright (c) 1995-2013 Xilinx, Inc.  All rights reserved.
Reading design sequence_generator.ngc ...
WARNING:NetListWriters:298 - No output is written to sequence_generator.xncf,
   ignored.
Processing design ...
   Preping design's networks ...
   Preping design's macros ...
WARNING:NetListWriters:306 - Signal bus XLXI_1/Mcompar_cnt1_cmp_gt0000_lut<11 :
   0> on block sequence_generator is not reconstructed, because there are some
   missing bus signals.
WARNING:NetListWriters:306 - Signal bus XLXI_1/Mcompar_cnt1k_cmp_gt0000_lut<11 :
   0> on block sequence_generator is not reconstructed, because there are some
   missing bus signals.
WARNING:NetListWriters:306 - Signal bus
   XLXI_7/XLXI_6/Mcompar_cnt1k_cmp_gt0000_lut<11 : 0> on block
   sequence_generator is not reconstructed, because there are some missing bus
   signals.
  finished :Prep
Writing EDIF netlist file sequence_generator.edif ...
ngc2edif: Total memory usage is 79336 kilobytes

