Release 14.7 - xst P.20131013 (nt64)
Copyright (c) 1995-2013 Xilinx, Inc.  All rights reserved.
--> Parameter TMPDIR set to xst/projnav.tmp


Total REAL time to Xst completion: 0.00 secs
Total CPU time to Xst completion: 0.27 secs
 
--> Parameter xsthdpdir set to xst


Total REAL time to Xst completion: 0.00 secs
Total CPU time to Xst completion: 0.27 secs
 
--> Reading design: Lab9Exp2.prj

TABLE OF CONTENTS
  1) Synthesis Options Summary
  2) HDL Compilation
  3) Design Hierarchy Analysis
  4) HDL Analysis
  5) HDL Synthesis
     5.1) HDL Synthesis Report
  6) Advanced HDL Synthesis
     6.1) Advanced HDL Synthesis Report
  7) Low Level Synthesis
  8) Partition Report
  9) Final Report
	9.1) Device utilization summary
	9.2) Partition Resource Summary
	9.3) TIMING REPORT


=========================================================================
*                      Synthesis Options Summary                        *
=========================================================================
---- Source Parameters
Input File Name                    : "Lab9Exp2.prj"
Input Format                       : mixed
Ignore Synthesis Constraint File   : NO

---- Target Parameters
Output File Name                   : "Lab9Exp2"
Output Format                      : NGC
Target Device                      : xc3s100e-4-cp132

---- Source Options
Top Module Name                    : Lab9Exp2
Automatic FSM Extraction           : YES
FSM Encoding Algorithm             : Auto
Safe Implementation                : No
FSM Style                          : LUT
RAM Extraction                     : Yes
RAM Style                          : Auto
ROM Extraction                     : Yes
Mux Style                          : Auto
Decoder Extraction                 : YES
Priority Encoder Extraction        : Yes
Shift Register Extraction          : YES
Logical Shifter Extraction         : YES
XOR Collapsing                     : YES
ROM Style                          : Auto
Mux Extraction                     : Yes
Resource Sharing                   : YES
Asynchronous To Synchronous        : NO
Multiplier Style                   : Auto
Automatic Register Balancing       : No

---- Target Options
Add IO Buffers                     : YES
Global Maximum Fanout              : 100000
Add Generic Clock Buffer(BUFG)     : 24
Register Duplication               : YES
Slice Packing                      : YES
Optimize Instantiated Primitives   : NO
Use Clock Enable                   : Yes
Use Synchronous Set                : Yes
Use Synchronous Reset              : Yes
Pack IO Registers into IOBs        : Auto
Equivalent register Removal        : YES

---- General Options
Optimization Goal                  : Speed
Optimization Effort                : 1
Keep Hierarchy                     : No
Netlist Hierarchy                  : As_Optimized
RTL Output                         : Yes
Global Optimization                : AllClockNets
Read Cores                         : YES
Write Timing Constraints           : NO
Cross Clock Analysis               : NO
Hierarchy Separator                : /
Bus Delimiter                      : <>
Case Specifier                     : Maintain
Slice Utilization Ratio            : 100
BRAM Utilization Ratio             : 100
Verilog 2001                       : YES
Auto BRAM Packing                  : NO
Slice Utilization Ratio Delta      : 5

=========================================================================


=========================================================================
*                          HDL Compilation                              *
=========================================================================
Compiling vhdl file "C:/Users/Chris/Documents/School/7th Year/Fall 2018/Phys301/Programs/Lab9/Lab9Exp2/DCM_50M.vhd" in Library work.
Architecture behavioral of Entity dcm_50m is up to date.
Compiling vhdl file "C:/Users/Chris/Documents/School/7th Year/Fall 2018/Phys301/Programs/Lab9/Lab9Exp2/Lab9Exp2.vhf" in Library work.
Entity <d2_4e_mxilinx_lab9exp2> compiled.
Entity <d2_4e_mxilinx_lab9exp2> (Architecture <behavioral>) compiled.
Entity <fjkc_mxilinx_lab9exp2> compiled.
Entity <fjkc_mxilinx_lab9exp2> (Architecture <behavioral>) compiled.
Entity <m2_1b1_mxilinx_lab9exp2> compiled.
Entity <m2_1b1_mxilinx_lab9exp2> (Architecture <behavioral>) compiled.
Entity <m2_1_mxilinx_lab9exp2> compiled.
Entity <m2_1_mxilinx_lab9exp2> (Architecture <behavioral>) compiled.
Entity <ftclex_mxilinx_lab9exp2> compiled.
Entity <ftclex_mxilinx_lab9exp2> (Architecture <behavioral>) compiled.
Entity <cb4cled_mxilinx_lab9exp2> compiled.
Entity <cb4cled_mxilinx_lab9exp2> (Architecture <behavioral>) compiled.
Entity <lab9exp2> compiled.
Entity <lab9exp2> (Architecture <behavioral>) compiled.

=========================================================================
*                     Design Hierarchy Analysis                         *
=========================================================================
Analyzing hierarchy for entity <Lab9Exp2> in library <work> (architecture <behavioral>).

Analyzing hierarchy for entity <DCM_50M> in library <work> (architecture <behavioral>) with generics.
	DIV100 = 50
	DIV1k = 500
	DIV50 = 25

Analyzing hierarchy for entity <FJKC_MXILINX_Lab9Exp2> in library <work> (architecture <behavioral>) with generics.
	INIT = '0'

Analyzing hierarchy for entity <CB4CLED_MXILINX_Lab9Exp2> in library <work> (architecture <behavioral>).

Analyzing hierarchy for entity <D2_4E_MXILINX_Lab9Exp2> in library <work> (architecture <behavioral>).

Analyzing hierarchy for entity <FTCLEX_MXILINX_Lab9Exp2> in library <work> (architecture <behavioral>) with generics.
	INIT = '0'

Analyzing hierarchy for entity <M2_1_MXILINX_Lab9Exp2> in library <work> (architecture <behavioral>).

Analyzing hierarchy for entity <M2_1B1_MXILINX_Lab9Exp2> in library <work> (architecture <behavioral>).


=========================================================================
*                            HDL Analysis                               *
=========================================================================
Analyzing Entity <Lab9Exp2> in library <work> (Architecture <behavioral>).
WARNING:Xst:753 - "C:/Users/Chris/Documents/School/7th Year/Fall 2018/Phys301/Programs/Lab9/Lab9Exp2/Lab9Exp2.vhf" line 786: Unconnected output port 'CLK1M' of component 'DCM_50M'.
WARNING:Xst:753 - "C:/Users/Chris/Documents/School/7th Year/Fall 2018/Phys301/Programs/Lab9/Lab9Exp2/Lab9Exp2.vhf" line 786: Unconnected output port 'CLK10k' of component 'DCM_50M'.
WARNING:Xst:753 - "C:/Users/Chris/Documents/School/7th Year/Fall 2018/Phys301/Programs/Lab9/Lab9Exp2/Lab9Exp2.vhf" line 786: Unconnected output port 'CLK1k' of component 'DCM_50M'.
    Set user-defined property "HU_SET =  XLXI_4_10" for instance <XLXI_4> in unit <Lab9Exp2>.
    Set user-defined property "HU_SET =  XLXI_5_11" for instance <XLXI_5> in unit <Lab9Exp2>.
WARNING:Xst:753 - "C:/Users/Chris/Documents/School/7th Year/Fall 2018/Phys301/Programs/Lab9/Lab9Exp2/Lab9Exp2.vhf" line 808: Unconnected output port 'CEO' of component 'CB4CLED_MXILINX_Lab9Exp2'.
WARNING:Xst:753 - "C:/Users/Chris/Documents/School/7th Year/Fall 2018/Phys301/Programs/Lab9/Lab9Exp2/Lab9Exp2.vhf" line 808: Unconnected output port 'TC' of component 'CB4CLED_MXILINX_Lab9Exp2'.
    Set user-defined property "HU_SET =  XLXI_6_9" for instance <XLXI_6> in unit <Lab9Exp2>.
    Set user-defined property "HU_SET =  XLXI_24_12" for instance <XLXI_24> in unit <Lab9Exp2>.
Entity <Lab9Exp2> analyzed. Unit <Lab9Exp2> generated.

Analyzing generic Entity <DCM_50M> in library <work> (Architecture <behavioral>).
	DIV100 = 50
	DIV1k = 500
	DIV50 = 25
Entity <DCM_50M> analyzed. Unit <DCM_50M> generated.

Analyzing generic Entity <FJKC_MXILINX_Lab9Exp2> in library <work> (Architecture <behavioral>).
	INIT = '0'
    Set user-defined property "INIT =  0" for instance <I_36_32> in unit <FJKC_MXILINX_Lab9Exp2>.
    Set user-defined property "RLOC =  X0Y0" for instance <I_36_32> in unit <FJKC_MXILINX_Lab9Exp2>.
Entity <FJKC_MXILINX_Lab9Exp2> analyzed. Unit <FJKC_MXILINX_Lab9Exp2> generated.

Analyzing Entity <CB4CLED_MXILINX_Lab9Exp2> in library <work> (Architecture <behavioral>).
    Set user-defined property "HU_SET =  I_Q0_4" for instance <I_Q0> in unit <CB4CLED_MXILINX_Lab9Exp2>.
    Set user-defined property "HU_SET =  I_Q1_3" for instance <I_Q1> in unit <CB4CLED_MXILINX_Lab9Exp2>.
    Set user-defined property "HU_SET =  I_Q2_2" for instance <I_Q2> in unit <CB4CLED_MXILINX_Lab9Exp2>.
    Set user-defined property "HU_SET =  I_Q3_1" for instance <I_Q3> in unit <CB4CLED_MXILINX_Lab9Exp2>.
    Set user-defined property "HU_SET =  I_TC_7" for instance <I_TC> in unit <CB4CLED_MXILINX_Lab9Exp2>.
    Set user-defined property "HU_SET =  I_T1_8" for instance <I_T1> in unit <CB4CLED_MXILINX_Lab9Exp2>.
    Set user-defined property "HU_SET =  I_T2_5" for instance <I_T2> in unit <CB4CLED_MXILINX_Lab9Exp2>.
    Set user-defined property "HU_SET =  I_T3_6" for instance <I_T3> in unit <CB4CLED_MXILINX_Lab9Exp2>.
Entity <CB4CLED_MXILINX_Lab9Exp2> analyzed. Unit <CB4CLED_MXILINX_Lab9Exp2> generated.

Analyzing generic Entity <FTCLEX_MXILINX_Lab9Exp2> in library <work> (Architecture <behavioral>).
	INIT = '0'
    Set user-defined property "HU_SET =  I_36_30_0" for instance <I_36_30> in unit <FTCLEX_MXILINX_Lab9Exp2>.
    Set user-defined property "INIT =  0" for instance <I_36_35> in unit <FTCLEX_MXILINX_Lab9Exp2>.
    Set user-defined property "RLOC =  X0Y0" for instance <I_36_35> in unit <FTCLEX_MXILINX_Lab9Exp2>.
Entity <FTCLEX_MXILINX_Lab9Exp2> analyzed. Unit <FTCLEX_MXILINX_Lab9Exp2> generated.

Analyzing Entity <M2_1_MXILINX_Lab9Exp2> in library <work> (Architecture <behavioral>).
Entity <M2_1_MXILINX_Lab9Exp2> analyzed. Unit <M2_1_MXILINX_Lab9Exp2> generated.

Analyzing Entity <M2_1B1_MXILINX_Lab9Exp2> in library <work> (Architecture <behavioral>).
Entity <M2_1B1_MXILINX_Lab9Exp2> analyzed. Unit <M2_1B1_MXILINX_Lab9Exp2> generated.

Analyzing Entity <D2_4E_MXILINX_Lab9Exp2> in library <work> (Architecture <behavioral>).
Entity <D2_4E_MXILINX_Lab9Exp2> analyzed. Unit <D2_4E_MXILINX_Lab9Exp2> generated.


=========================================================================
*                           HDL Synthesis                               *
=========================================================================

Performing bidirectional port resolution...

Synthesizing Unit <DCM_50M>.
    Related source file is "C:/Users/Chris/Documents/School/7th Year/Fall 2018/Phys301/Programs/Lab9/Lab9Exp2/DCM_50M.vhd".
    Found 1-bit register for signal <clk_1>.
    Found 32-bit adder for signal <clk_1$add0000> created at line 121.
    Found 1-bit register for signal <clk_10k>.
    Found 1-bit register for signal <clk_1k>.
    Found 32-bit adder for signal <clk_1k$add0000> created at line 101.
    Found 1-bit register for signal <clk_1m>.
    Found 32-bit adder for signal <clk_1m$add0000> created at line 61.
    Found 32-bit up counter for signal <cnt1>.
    Found 32-bit comparator greater for signal <cnt1$cmp_gt0000> created at line 122.
    Found 32-bit up counter for signal <cnt10k>.
    Found 32-bit adder for signal <cnt10k$add0000> created at line 81.
    Found 32-bit comparator greater for signal <cnt10k$cmp_gt0000> created at line 82.
    Found 32-bit up counter for signal <cnt1k>.
    Found 32-bit comparator greater for signal <cnt1k$cmp_gt0000> created at line 102.
    Found 32-bit up counter for signal <cnt1M>.
    Found 32-bit comparator greatequal for signal <cnt1M$cmp_ge0000> created at line 62.
    Summary:
	inferred   4 Counter(s).
	inferred   4 D-type flip-flop(s).
	inferred   4 Adder/Subtractor(s).
	inferred   4 Comparator(s).
Unit <DCM_50M> synthesized.


Synthesizing Unit <FJKC_MXILINX_Lab9Exp2>.
    Related source file is "C:/Users/Chris/Documents/School/7th Year/Fall 2018/Phys301/Programs/Lab9/Lab9Exp2/Lab9Exp2.vhf".
Unit <FJKC_MXILINX_Lab9Exp2> synthesized.


Synthesizing Unit <D2_4E_MXILINX_Lab9Exp2>.
    Related source file is "C:/Users/Chris/Documents/School/7th Year/Fall 2018/Phys301/Programs/Lab9/Lab9Exp2/Lab9Exp2.vhf".
Unit <D2_4E_MXILINX_Lab9Exp2> synthesized.


Synthesizing Unit <M2_1_MXILINX_Lab9Exp2>.
    Related source file is "C:/Users/Chris/Documents/School/7th Year/Fall 2018/Phys301/Programs/Lab9/Lab9Exp2/Lab9Exp2.vhf".
Unit <M2_1_MXILINX_Lab9Exp2> synthesized.


Synthesizing Unit <M2_1B1_MXILINX_Lab9Exp2>.
    Related source file is "C:/Users/Chris/Documents/School/7th Year/Fall 2018/Phys301/Programs/Lab9/Lab9Exp2/Lab9Exp2.vhf".
Unit <M2_1B1_MXILINX_Lab9Exp2> synthesized.


Synthesizing Unit <FTCLEX_MXILINX_Lab9Exp2>.
    Related source file is "C:/Users/Chris/Documents/School/7th Year/Fall 2018/Phys301/Programs/Lab9/Lab9Exp2/Lab9Exp2.vhf".
Unit <FTCLEX_MXILINX_Lab9Exp2> synthesized.


Synthesizing Unit <CB4CLED_MXILINX_Lab9Exp2>.
    Related source file is "C:/Users/Chris/Documents/School/7th Year/Fall 2018/Phys301/Programs/Lab9/Lab9Exp2/Lab9Exp2.vhf".
Unit <CB4CLED_MXILINX_Lab9Exp2> synthesized.


Synthesizing Unit <Lab9Exp2>.
    Related source file is "C:/Users/Chris/Documents/School/7th Year/Fall 2018/Phys301/Programs/Lab9/Lab9Exp2/Lab9Exp2.vhf".
WARNING:Xst:653 - Signal <XLXI_6_L_openSignal> is used but never assigned. This sourceless signal will be automatically connected to value 0.
WARNING:Xst:653 - Signal <XLXI_6_D3_openSignal> is used but never assigned. This sourceless signal will be automatically connected to value 0.
WARNING:Xst:653 - Signal <XLXI_6_D2_openSignal> is used but never assigned. This sourceless signal will be automatically connected to value 0.
WARNING:Xst:653 - Signal <XLXI_6_D1_openSignal> is used but never assigned. This sourceless signal will be automatically connected to value 0.
WARNING:Xst:653 - Signal <XLXI_6_D0_openSignal> is used but never assigned. This sourceless signal will be automatically connected to value 0.
WARNING:Xst:653 - Signal <XLXI_5_CLR_openSignal> is used but never assigned. This sourceless signal will be automatically connected to value 0.
WARNING:Xst:653 - Signal <XLXI_4_CLR_openSignal> is used but never assigned. This sourceless signal will be automatically connected to value 0.
Unit <Lab9Exp2> synthesized.


=========================================================================
HDL Synthesis Report

Macro Statistics
# Adders/Subtractors                                   : 4
 32-bit adder                                          : 4
# Counters                                             : 4
 32-bit up counter                                     : 4
# Registers                                            : 4
 1-bit register                                        : 4
# Comparators                                          : 4
 32-bit comparator greatequal                          : 1
 32-bit comparator greater                             : 3

=========================================================================

=========================================================================
*                       Advanced HDL Synthesis                          *
=========================================================================


=========================================================================
Advanced HDL Synthesis Report

Macro Statistics
# Adders/Subtractors                                   : 4
 32-bit adder                                          : 4
# Counters                                             : 4
 32-bit up counter                                     : 4
# Registers                                            : 10
 Flip-Flops                                            : 10
# Comparators                                          : 4
 32-bit comparator greatequal                          : 1
 32-bit comparator greater                             : 3

=========================================================================

=========================================================================
*                         Low Level Synthesis                           *
=========================================================================

Optimizing unit <Lab9Exp2> ...

Optimizing unit <DCM_50M> ...

Optimizing unit <FJKC_MXILINX_Lab9Exp2> ...

Optimizing unit <D2_4E_MXILINX_Lab9Exp2> ...

Optimizing unit <M2_1_MXILINX_Lab9Exp2> ...

Optimizing unit <M2_1B1_MXILINX_Lab9Exp2> ...

Optimizing unit <FTCLEX_MXILINX_Lab9Exp2> ...

Optimizing unit <CB4CLED_MXILINX_Lab9Exp2> ...
WARNING:Xst:2677 - Node <XLXI_3/cnt10k_31> of sequential type is unconnected in block <Lab9Exp2>.
WARNING:Xst:2677 - Node <XLXI_3/cnt10k_30> of sequential type is unconnected in block <Lab9Exp2>.
WARNING:Xst:2677 - Node <XLXI_3/cnt10k_29> of sequential type is unconnected in block <Lab9Exp2>.
WARNING:Xst:2677 - Node <XLXI_3/cnt10k_28> of sequential type is unconnected in block <Lab9Exp2>.
WARNING:Xst:2677 - Node <XLXI_3/cnt10k_27> of sequential type is unconnected in block <Lab9Exp2>.
WARNING:Xst:2677 - Node <XLXI_3/cnt10k_26> of sequential type is unconnected in block <Lab9Exp2>.
WARNING:Xst:2677 - Node <XLXI_3/cnt10k_25> of sequential type is unconnected in block <Lab9Exp2>.
WARNING:Xst:2677 - Node <XLXI_3/cnt10k_24> of sequential type is unconnected in block <Lab9Exp2>.
WARNING:Xst:2677 - Node <XLXI_3/cnt10k_23> of sequential type is unconnected in block <Lab9Exp2>.
WARNING:Xst:2677 - Node <XLXI_3/cnt10k_22> of sequential type is unconnected in block <Lab9Exp2>.
WARNING:Xst:2677 - Node <XLXI_3/cnt10k_21> of sequential type is unconnected in block <Lab9Exp2>.
WARNING:Xst:2677 - Node <XLXI_3/cnt10k_20> of sequential type is unconnected in block <Lab9Exp2>.
WARNING:Xst:2677 - Node <XLXI_3/cnt10k_19> of sequential type is unconnected in block <Lab9Exp2>.
WARNING:Xst:2677 - Node <XLXI_3/cnt10k_18> of sequential type is unconnected in block <Lab9Exp2>.
WARNING:Xst:2677 - Node <XLXI_3/cnt10k_17> of sequential type is unconnected in block <Lab9Exp2>.
WARNING:Xst:2677 - Node <XLXI_3/cnt10k_16> of sequential type is unconnected in block <Lab9Exp2>.
WARNING:Xst:2677 - Node <XLXI_3/cnt10k_15> of sequential type is unconnected in block <Lab9Exp2>.
WARNING:Xst:2677 - Node <XLXI_3/cnt10k_14> of sequential type is unconnected in block <Lab9Exp2>.
WARNING:Xst:2677 - Node <XLXI_3/cnt10k_13> of sequential type is unconnected in block <Lab9Exp2>.
WARNING:Xst:2677 - Node <XLXI_3/cnt10k_12> of sequential type is unconnected in block <Lab9Exp2>.
WARNING:Xst:2677 - Node <XLXI_3/cnt10k_11> of sequential type is unconnected in block <Lab9Exp2>.
WARNING:Xst:2677 - Node <XLXI_3/cnt10k_10> of sequential type is unconnected in block <Lab9Exp2>.
WARNING:Xst:2677 - Node <XLXI_3/cnt10k_9> of sequential type is unconnected in block <Lab9Exp2>.
WARNING:Xst:2677 - Node <XLXI_3/cnt10k_8> of sequential type is unconnected in block <Lab9Exp2>.
WARNING:Xst:2677 - Node <XLXI_3/cnt10k_7> of sequential type is unconnected in block <Lab9Exp2>.
WARNING:Xst:2677 - Node <XLXI_3/cnt10k_6> of sequential type is unconnected in block <Lab9Exp2>.
WARNING:Xst:2677 - Node <XLXI_3/cnt10k_5> of sequential type is unconnected in block <Lab9Exp2>.
WARNING:Xst:2677 - Node <XLXI_3/cnt10k_4> of sequential type is unconnected in block <Lab9Exp2>.
WARNING:Xst:2677 - Node <XLXI_3/cnt10k_3> of sequential type is unconnected in block <Lab9Exp2>.
WARNING:Xst:2677 - Node <XLXI_3/cnt10k_2> of sequential type is unconnected in block <Lab9Exp2>.
WARNING:Xst:2677 - Node <XLXI_3/cnt10k_1> of sequential type is unconnected in block <Lab9Exp2>.
WARNING:Xst:2677 - Node <XLXI_3/cnt10k_0> of sequential type is unconnected in block <Lab9Exp2>.
WARNING:Xst:2677 - Node <XLXI_3/clk_10k> of sequential type is unconnected in block <Lab9Exp2>.

Mapping all equations...
Building and optimizing final netlist ...
Found area constraint ratio of 100 (+ 5) on block Lab9Exp2, actual ratio is 13.

Final Macro Processing ...

=========================================================================
Final Register Report

Macro Statistics
# Registers                                            : 105
 Flip-Flops                                            : 105

=========================================================================

=========================================================================
*                           Partition Report                            *
=========================================================================

Partition Implementation Status
-------------------------------

  No Partitions were found in this design.

-------------------------------

=========================================================================
*                            Final Report                               *
=========================================================================
Final Results
RTL Top Level Output File Name     : Lab9Exp2.ngr
Top Level Output File Name         : Lab9Exp2
Output Format                      : NGC
Optimization Goal                  : Speed
Keep Hierarchy                     : No

Design Statistics
# IOs                              : 9

Cell Usage :
# BELS                             : 710
#      AND2                        : 14
#      AND2B1                      : 9
#      AND2B2                      : 2
#      AND3                        : 2
#      AND3B1                      : 4
#      AND3B2                      : 3
#      AND3B3                      : 1
#      AND4                        : 2
#      AND4B4                      : 1
#      GND                         : 1
#      INV                         : 15
#      LUT1                        : 98
#      LUT2                        : 74
#      LUT3                        : 32
#      LUT4                        : 18
#      MUXCY                       : 221
#      OR2                         : 13
#      OR3                         : 2
#      VCC                         : 2
#      XOR2                        : 4
#      XORCY                       : 192
# FlipFlops/Latches                : 105
#      FDC                         : 2
#      FDCE                        : 4
#      FDE                         : 99
# Clock Buffers                    : 3
#      BUFG                        : 2
#      BUFGP                       : 1
# IO Buffers                       : 8
#      IBUF                        : 3
#      OBUF                        : 5
# Others                           : 4
#      PULLDOWN                    : 1
#      PULLUP                      : 3
=========================================================================

Device utilization summary:
---------------------------

Selected Device : 3s100ecp132-4 

 Number of Slices:                      123  out of    960    12%  
 Number of Slice Flip Flops:            105  out of   1920     5%  
 Number of 4 input LUTs:                237  out of   1920    12%  
 Number of IOs:                           9
 Number of bonded IOBs:                   9  out of     83    10%  
 Number of GCLKs:                         3  out of     24    12%  

---------------------------
Partition Resource Summary:
---------------------------

  No Partitions were found in this design.

---------------------------


=========================================================================
TIMING REPORT

NOTE: THESE TIMING NUMBERS ARE ONLY A SYNTHESIS ESTIMATE.
      FOR ACCURATE TIMING INFORMATION PLEASE REFER TO THE TRACE REPORT
      GENERATED AFTER PLACE-and-ROUTE.

Clock Information:
------------------
-----------------------------------+-----------------------------+-------+
Clock Signal                       | Clock buffer(FF name)       | Load  |
-----------------------------------+-----------------------------+-------+
Clk                                | BUFGP                       | 33    |
XLXI_3/clk_1m1                     | BUFG                        | 33    |
XLXI_3/clk_1k1                     | BUFG                        | 33    |
XLXN_50(XLXI_31:O)                 | NONE(*)(XLXI_5/I_36_32)     | 1     |
XLXN_49(XLXI_17:O)                 | NONE(*)(XLXI_4/I_36_32)     | 1     |
ClkOut_OBUF(XLXI_11:O)             | NONE(*)(XLXI_6/I_Q3/I_36_35)| 4     |
-----------------------------------+-----------------------------+-------+
(*) These 3 clock signal(s) are generated by combinatorial logic,
and XST is not able to identify which are the primary clock signals.
Please use the CLOCK_SIGNAL constraint to specify the clock signal(s) generated by combinatorial logic.
INFO:Xst:2169 - HDL ADVISOR - Some clock signals were not automatically buffered by XST with BUFG/BUFR resources. Please use the buffer_type constraint in order to insert these buffers to the clock signals to help prevent skew problems.

Asynchronous Control Signals Information:
----------------------------------------
-----------------------------------+--------------------------+-------+
Control Signal                     | Buffer(FF name)          | Load  |
-----------------------------------+--------------------------+-------+
XLXN_53(XLXI_32:O)                 | NONE(XLXI_6/I_Q0/I_36_35)| 4     |
N0(XST_GND:G)                      | NONE(XLXI_4/I_36_32)     | 2     |
-----------------------------------+--------------------------+-------+

Timing Summary:
---------------
Speed Grade: -4

   Minimum period: 12.348ns (Maximum Frequency: 80.986MHz)
   Minimum input arrival time before clock: No path found
   Maximum output required time after clock: 6.183ns
   Maximum combinational path delay: No path found

Timing Detail:
--------------
All values displayed in nanoseconds (ns)

=========================================================================
Timing constraint: Default period analysis for Clock 'Clk'
  Clock period: 12.348ns (frequency: 80.986MHz)
  Total number of paths / destination ports: 296737 / 34
-------------------------------------------------------------------------
Delay:               12.348ns (Levels of Logic = 66)
  Source:            XLXI_3/cnt1M_1 (FF)
  Destination:       XLXI_3/cnt1M_31 (FF)
  Source Clock:      Clk rising
  Destination Clock: Clk rising

  Data Path: XLXI_3/cnt1M_1 to XLXI_3/cnt1M_31
                                Gate     Net
    Cell:in->out      fanout   Delay   Delay  Logical Name (Net Name)
    ----------------------------------------  ------------
     FDE:C->Q              2   0.591   0.622  XLXI_3/cnt1M_1 (XLXI_3/cnt1M_1)
     LUT1:I0->O            1   0.704   0.000  XLXI_3/Madd_clk_1m_add0000_cy<1>_rt (XLXI_3/Madd_clk_1m_add0000_cy<1>_rt)
     MUXCY:S->O            1   0.464   0.000  XLXI_3/Madd_clk_1m_add0000_cy<1> (XLXI_3/Madd_clk_1m_add0000_cy<1>)
     MUXCY:CI->O           1   0.059   0.000  XLXI_3/Madd_clk_1m_add0000_cy<2> (XLXI_3/Madd_clk_1m_add0000_cy<2>)
     MUXCY:CI->O           1   0.059   0.000  XLXI_3/Madd_clk_1m_add0000_cy<3> (XLXI_3/Madd_clk_1m_add0000_cy<3>)
     MUXCY:CI->O           1   0.059   0.000  XLXI_3/Madd_clk_1m_add0000_cy<4> (XLXI_3/Madd_clk_1m_add0000_cy<4>)
     MUXCY:CI->O           1   0.059   0.000  XLXI_3/Madd_clk_1m_add0000_cy<5> (XLXI_3/Madd_clk_1m_add0000_cy<5>)
     MUXCY:CI->O           1   0.059   0.000  XLXI_3/Madd_clk_1m_add0000_cy<6> (XLXI_3/Madd_clk_1m_add0000_cy<6>)
     MUXCY:CI->O           1   0.059   0.000  XLXI_3/Madd_clk_1m_add0000_cy<7> (XLXI_3/Madd_clk_1m_add0000_cy<7>)
     MUXCY:CI->O           1   0.059   0.000  XLXI_3/Madd_clk_1m_add0000_cy<8> (XLXI_3/Madd_clk_1m_add0000_cy<8>)
     MUXCY:CI->O           1   0.059   0.000  XLXI_3/Madd_clk_1m_add0000_cy<9> (XLXI_3/Madd_clk_1m_add0000_cy<9>)
     MUXCY:CI->O           1   0.059   0.000  XLXI_3/Madd_clk_1m_add0000_cy<10> (XLXI_3/Madd_clk_1m_add0000_cy<10>)
     MUXCY:CI->O           1   0.059   0.000  XLXI_3/Madd_clk_1m_add0000_cy<11> (XLXI_3/Madd_clk_1m_add0000_cy<11>)
     MUXCY:CI->O           1   0.059   0.000  XLXI_3/Madd_clk_1m_add0000_cy<12> (XLXI_3/Madd_clk_1m_add0000_cy<12>)
     MUXCY:CI->O           1   0.059   0.000  XLXI_3/Madd_clk_1m_add0000_cy<13> (XLXI_3/Madd_clk_1m_add0000_cy<13>)
     MUXCY:CI->O           1   0.059   0.000  XLXI_3/Madd_clk_1m_add0000_cy<14> (XLXI_3/Madd_clk_1m_add0000_cy<14>)
     MUXCY:CI->O           1   0.059   0.000  XLXI_3/Madd_clk_1m_add0000_cy<15> (XLXI_3/Madd_clk_1m_add0000_cy<15>)
     MUXCY:CI->O           1   0.059   0.000  XLXI_3/Madd_clk_1m_add0000_cy<16> (XLXI_3/Madd_clk_1m_add0000_cy<16>)
     MUXCY:CI->O           1   0.059   0.000  XLXI_3/Madd_clk_1m_add0000_cy<17> (XLXI_3/Madd_clk_1m_add0000_cy<17>)
     MUXCY:CI->O           1   0.059   0.000  XLXI_3/Madd_clk_1m_add0000_cy<18> (XLXI_3/Madd_clk_1m_add0000_cy<18>)
     MUXCY:CI->O           1   0.059   0.000  XLXI_3/Madd_clk_1m_add0000_cy<19> (XLXI_3/Madd_clk_1m_add0000_cy<19>)
     MUXCY:CI->O           1   0.059   0.000  XLXI_3/Madd_clk_1m_add0000_cy<20> (XLXI_3/Madd_clk_1m_add0000_cy<20>)
     MUXCY:CI->O           1   0.059   0.000  XLXI_3/Madd_clk_1m_add0000_cy<21> (XLXI_3/Madd_clk_1m_add0000_cy<21>)
     MUXCY:CI->O           1   0.059   0.000  XLXI_3/Madd_clk_1m_add0000_cy<22> (XLXI_3/Madd_clk_1m_add0000_cy<22>)
     MUXCY:CI->O           1   0.059   0.000  XLXI_3/Madd_clk_1m_add0000_cy<23> (XLXI_3/Madd_clk_1m_add0000_cy<23>)
     MUXCY:CI->O           1   0.059   0.000  XLXI_3/Madd_clk_1m_add0000_cy<24> (XLXI_3/Madd_clk_1m_add0000_cy<24>)
     MUXCY:CI->O           1   0.059   0.000  XLXI_3/Madd_clk_1m_add0000_cy<25> (XLXI_3/Madd_clk_1m_add0000_cy<25>)
     MUXCY:CI->O           1   0.059   0.000  XLXI_3/Madd_clk_1m_add0000_cy<26> (XLXI_3/Madd_clk_1m_add0000_cy<26>)
     MUXCY:CI->O           1   0.059   0.000  XLXI_3/Madd_clk_1m_add0000_cy<27> (XLXI_3/Madd_clk_1m_add0000_cy<27>)
     MUXCY:CI->O           1   0.059   0.000  XLXI_3/Madd_clk_1m_add0000_cy<28> (XLXI_3/Madd_clk_1m_add0000_cy<28>)
     XORCY:CI->O           1   0.804   0.595  XLXI_3/Madd_clk_1m_add0000_xor<29> (XLXI_3/clk_1m_add0000<29>)
     LUT2:I0->O            1   0.704   0.000  XLXI_3/Mcompar_cnt1M_cmp_ge0000_lut<9> (XLXI_3/Mcompar_cnt1M_cmp_ge0000_lut<9>)
     MUXCY:S->O            1   0.464   0.000  XLXI_3/Mcompar_cnt1M_cmp_ge0000_cy<9> (XLXI_3/Mcompar_cnt1M_cmp_ge0000_cy<9>)
     MUXCY:CI->O          34   0.459   1.298  XLXI_3/Mcompar_cnt1M_cmp_ge0000_cy<10> (XLXI_3/cnt1M_cmp_ge0000)
     LUT3:I2->O            1   0.704   0.000  XLXI_3/Mcount_cnt1M_lut<0> (XLXI_3/Mcount_cnt1M_lut<0>)
     MUXCY:S->O            1   0.464   0.000  XLXI_3/Mcount_cnt1M_cy<0> (XLXI_3/Mcount_cnt1M_cy<0>)
     MUXCY:CI->O           1   0.059   0.000  XLXI_3/Mcount_cnt1M_cy<1> (XLXI_3/Mcount_cnt1M_cy<1>)
     MUXCY:CI->O           1   0.059   0.000  XLXI_3/Mcount_cnt1M_cy<2> (XLXI_3/Mcount_cnt1M_cy<2>)
     MUXCY:CI->O           1   0.059   0.000  XLXI_3/Mcount_cnt1M_cy<3> (XLXI_3/Mcount_cnt1M_cy<3>)
     MUXCY:CI->O           1   0.059   0.000  XLXI_3/Mcount_cnt1M_cy<4> (XLXI_3/Mcount_cnt1M_cy<4>)
     MUXCY:CI->O           1   0.059   0.000  XLXI_3/Mcount_cnt1M_cy<5> (XLXI_3/Mcount_cnt1M_cy<5>)
     MUXCY:CI->O           1   0.059   0.000  XLXI_3/Mcount_cnt1M_cy<6> (XLXI_3/Mcount_cnt1M_cy<6>)
     MUXCY:CI->O           1   0.059   0.000  XLXI_3/Mcount_cnt1M_cy<7> (XLXI_3/Mcount_cnt1M_cy<7>)
     MUXCY:CI->O           1   0.059   0.000  XLXI_3/Mcount_cnt1M_cy<8> (XLXI_3/Mcount_cnt1M_cy<8>)
     MUXCY:CI->O           1   0.059   0.000  XLXI_3/Mcount_cnt1M_cy<9> (XLXI_3/Mcount_cnt1M_cy<9>)
     MUXCY:CI->O           1   0.059   0.000  XLXI_3/Mcount_cnt1M_cy<10> (XLXI_3/Mcount_cnt1M_cy<10>)
     MUXCY:CI->O           1   0.059   0.000  XLXI_3/Mcount_cnt1M_cy<11> (XLXI_3/Mcount_cnt1M_cy<11>)
     MUXCY:CI->O           1   0.059   0.000  XLXI_3/Mcount_cnt1M_cy<12> (XLXI_3/Mcount_cnt1M_cy<12>)
     MUXCY:CI->O           1   0.059   0.000  XLXI_3/Mcount_cnt1M_cy<13> (XLXI_3/Mcount_cnt1M_cy<13>)
     MUXCY:CI->O           1   0.059   0.000  XLXI_3/Mcount_cnt1M_cy<14> (XLXI_3/Mcount_cnt1M_cy<14>)
     MUXCY:CI->O           1   0.059   0.000  XLXI_3/Mcount_cnt1M_cy<15> (XLXI_3/Mcount_cnt1M_cy<15>)
     MUXCY:CI->O           1   0.059   0.000  XLXI_3/Mcount_cnt1M_cy<16> (XLXI_3/Mcount_cnt1M_cy<16>)
     MUXCY:CI->O           1   0.059   0.000  XLXI_3/Mcount_cnt1M_cy<17> (XLXI_3/Mcount_cnt1M_cy<17>)
     MUXCY:CI->O           1   0.059   0.000  XLXI_3/Mcount_cnt1M_cy<18> (XLXI_3/Mcount_cnt1M_cy<18>)
     MUXCY:CI->O           1   0.059   0.000  XLXI_3/Mcount_cnt1M_cy<19> (XLXI_3/Mcount_cnt1M_cy<19>)
     MUXCY:CI->O           1   0.059   0.000  XLXI_3/Mcount_cnt1M_cy<20> (XLXI_3/Mcount_cnt1M_cy<20>)
     MUXCY:CI->O           1   0.059   0.000  XLXI_3/Mcount_cnt1M_cy<21> (XLXI_3/Mcount_cnt1M_cy<21>)
     MUXCY:CI->O           1   0.059   0.000  XLXI_3/Mcount_cnt1M_cy<22> (XLXI_3/Mcount_cnt1M_cy<22>)
     MUXCY:CI->O           1   0.059   0.000  XLXI_3/Mcount_cnt1M_cy<23> (XLXI_3/Mcount_cnt1M_cy<23>)
     MUXCY:CI->O           1   0.059   0.000  XLXI_3/Mcount_cnt1M_cy<24> (XLXI_3/Mcount_cnt1M_cy<24>)
     MUXCY:CI->O           1   0.059   0.000  XLXI_3/Mcount_cnt1M_cy<25> (XLXI_3/Mcount_cnt1M_cy<25>)
     MUXCY:CI->O           1   0.059   0.000  XLXI_3/Mcount_cnt1M_cy<26> (XLXI_3/Mcount_cnt1M_cy<26>)
     MUXCY:CI->O           1   0.059   0.000  XLXI_3/Mcount_cnt1M_cy<27> (XLXI_3/Mcount_cnt1M_cy<27>)
     MUXCY:CI->O           1   0.059   0.000  XLXI_3/Mcount_cnt1M_cy<28> (XLXI_3/Mcount_cnt1M_cy<28>)
     MUXCY:CI->O           1   0.059   0.000  XLXI_3/Mcount_cnt1M_cy<29> (XLXI_3/Mcount_cnt1M_cy<29>)
     MUXCY:CI->O           0   0.059   0.000  XLXI_3/Mcount_cnt1M_cy<30> (XLXI_3/Mcount_cnt1M_cy<30>)
     XORCY:CI->O           1   0.804   0.000  XLXI_3/Mcount_cnt1M_xor<31> (XLXI_3/Mcount_cnt1M31)
     FDE:D                     0.308          XLXI_3/cnt1M_31
    ----------------------------------------
    Total                     12.348ns (9.833ns logic, 2.515ns route)
                                       (79.6% logic, 20.4% route)

=========================================================================
Timing constraint: Default period analysis for Clock 'XLXI_3/clk_1m1'
  Clock period: 11.992ns (frequency: 83.390MHz)
  Total number of paths / destination ports: 314689 / 34
-------------------------------------------------------------------------
Delay:               11.992ns (Levels of Logic = 66)
  Source:            XLXI_3/cnt1k_1 (FF)
  Destination:       XLXI_3/cnt1k_31 (FF)
  Source Clock:      XLXI_3/clk_1m1 rising
  Destination Clock: XLXI_3/clk_1m1 rising

  Data Path: XLXI_3/cnt1k_1 to XLXI_3/cnt1k_31
                                Gate     Net
    Cell:in->out      fanout   Delay   Delay  Logical Name (Net Name)
    ----------------------------------------  ------------
     FDE:C->Q              2   0.591   0.622  XLXI_3/cnt1k_1 (XLXI_3/cnt1k_1)
     LUT1:I0->O            1   0.704   0.000  XLXI_3/Madd_clk_1k_add0000_cy<1>_rt (XLXI_3/Madd_clk_1k_add0000_cy<1>_rt)
     MUXCY:S->O            1   0.464   0.000  XLXI_3/Madd_clk_1k_add0000_cy<1> (XLXI_3/Madd_clk_1k_add0000_cy<1>)
     MUXCY:CI->O           1   0.059   0.000  XLXI_3/Madd_clk_1k_add0000_cy<2> (XLXI_3/Madd_clk_1k_add0000_cy<2>)
     MUXCY:CI->O           1   0.059   0.000  XLXI_3/Madd_clk_1k_add0000_cy<3> (XLXI_3/Madd_clk_1k_add0000_cy<3>)
     MUXCY:CI->O           1   0.059   0.000  XLXI_3/Madd_clk_1k_add0000_cy<4> (XLXI_3/Madd_clk_1k_add0000_cy<4>)
     MUXCY:CI->O           1   0.059   0.000  XLXI_3/Madd_clk_1k_add0000_cy<5> (XLXI_3/Madd_clk_1k_add0000_cy<5>)
     MUXCY:CI->O           1   0.059   0.000  XLXI_3/Madd_clk_1k_add0000_cy<6> (XLXI_3/Madd_clk_1k_add0000_cy<6>)
     MUXCY:CI->O           1   0.059   0.000  XLXI_3/Madd_clk_1k_add0000_cy<7> (XLXI_3/Madd_clk_1k_add0000_cy<7>)
     MUXCY:CI->O           1   0.059   0.000  XLXI_3/Madd_clk_1k_add0000_cy<8> (XLXI_3/Madd_clk_1k_add0000_cy<8>)
     MUXCY:CI->O           1   0.059   0.000  XLXI_3/Madd_clk_1k_add0000_cy<9> (XLXI_3/Madd_clk_1k_add0000_cy<9>)
     MUXCY:CI->O           1   0.059   0.000  XLXI_3/Madd_clk_1k_add0000_cy<10> (XLXI_3/Madd_clk_1k_add0000_cy<10>)
     MUXCY:CI->O           1   0.059   0.000  XLXI_3/Madd_clk_1k_add0000_cy<11> (XLXI_3/Madd_clk_1k_add0000_cy<11>)
     MUXCY:CI->O           1   0.059   0.000  XLXI_3/Madd_clk_1k_add0000_cy<12> (XLXI_3/Madd_clk_1k_add0000_cy<12>)
     MUXCY:CI->O           1   0.059   0.000  XLXI_3/Madd_clk_1k_add0000_cy<13> (XLXI_3/Madd_clk_1k_add0000_cy<13>)
     MUXCY:CI->O           1   0.059   0.000  XLXI_3/Madd_clk_1k_add0000_cy<14> (XLXI_3/Madd_clk_1k_add0000_cy<14>)
     MUXCY:CI->O           1   0.059   0.000  XLXI_3/Madd_clk_1k_add0000_cy<15> (XLXI_3/Madd_clk_1k_add0000_cy<15>)
     MUXCY:CI->O           1   0.059   0.000  XLXI_3/Madd_clk_1k_add0000_cy<16> (XLXI_3/Madd_clk_1k_add0000_cy<16>)
     MUXCY:CI->O           1   0.059   0.000  XLXI_3/Madd_clk_1k_add0000_cy<17> (XLXI_3/Madd_clk_1k_add0000_cy<17>)
     MUXCY:CI->O           1   0.059   0.000  XLXI_3/Madd_clk_1k_add0000_cy<18> (XLXI_3/Madd_clk_1k_add0000_cy<18>)
     MUXCY:CI->O           1   0.059   0.000  XLXI_3/Madd_clk_1k_add0000_cy<19> (XLXI_3/Madd_clk_1k_add0000_cy<19>)
     MUXCY:CI->O           1   0.059   0.000  XLXI_3/Madd_clk_1k_add0000_cy<20> (XLXI_3/Madd_clk_1k_add0000_cy<20>)
     MUXCY:CI->O           1   0.059   0.000  XLXI_3/Madd_clk_1k_add0000_cy<21> (XLXI_3/Madd_clk_1k_add0000_cy<21>)
     MUXCY:CI->O           1   0.059   0.000  XLXI_3/Madd_clk_1k_add0000_cy<22> (XLXI_3/Madd_clk_1k_add0000_cy<22>)
     MUXCY:CI->O           1   0.059   0.000  XLXI_3/Madd_clk_1k_add0000_cy<23> (XLXI_3/Madd_clk_1k_add0000_cy<23>)
     MUXCY:CI->O           1   0.059   0.000  XLXI_3/Madd_clk_1k_add0000_cy<24> (XLXI_3/Madd_clk_1k_add0000_cy<24>)
     MUXCY:CI->O           1   0.059   0.000  XLXI_3/Madd_clk_1k_add0000_cy<25> (XLXI_3/Madd_clk_1k_add0000_cy<25>)
     MUXCY:CI->O           1   0.059   0.000  XLXI_3/Madd_clk_1k_add0000_cy<26> (XLXI_3/Madd_clk_1k_add0000_cy<26>)
     MUXCY:CI->O           1   0.059   0.000  XLXI_3/Madd_clk_1k_add0000_cy<27> (XLXI_3/Madd_clk_1k_add0000_cy<27>)
     MUXCY:CI->O           1   0.059   0.000  XLXI_3/Madd_clk_1k_add0000_cy<28> (XLXI_3/Madd_clk_1k_add0000_cy<28>)
     XORCY:CI->O           1   0.804   0.595  XLXI_3/Madd_clk_1k_add0000_xor<29> (XLXI_3/clk_1k_add0000<29>)
     LUT2:I0->O            1   0.704   0.000  XLXI_3/Mcompar_cnt1k_cmp_gt0000_lut<10> (XLXI_3/Mcompar_cnt1k_cmp_gt0000_lut<10>)
     MUXCY:S->O            1   0.464   0.000  XLXI_3/Mcompar_cnt1k_cmp_gt0000_cy<10> (XLXI_3/Mcompar_cnt1k_cmp_gt0000_cy<10>)
     MUXCY:CI->O          34   0.059   1.342  XLXI_3/Mcompar_cnt1k_cmp_gt0000_cy<11> (XLXI_3/Mcompar_cnt1k_cmp_gt0000_cy<11>)
     LUT2:I1->O            1   0.704   0.000  XLXI_3/Mcount_cnt1k_lut<0> (XLXI_3/Mcount_cnt1k_lut<0>)
     MUXCY:S->O            1   0.464   0.000  XLXI_3/Mcount_cnt1k_cy<0> (XLXI_3/Mcount_cnt1k_cy<0>)
     MUXCY:CI->O           1   0.059   0.000  XLXI_3/Mcount_cnt1k_cy<1> (XLXI_3/Mcount_cnt1k_cy<1>)
     MUXCY:CI->O           1   0.059   0.000  XLXI_3/Mcount_cnt1k_cy<2> (XLXI_3/Mcount_cnt1k_cy<2>)
     MUXCY:CI->O           1   0.059   0.000  XLXI_3/Mcount_cnt1k_cy<3> (XLXI_3/Mcount_cnt1k_cy<3>)
     MUXCY:CI->O           1   0.059   0.000  XLXI_3/Mcount_cnt1k_cy<4> (XLXI_3/Mcount_cnt1k_cy<4>)
     MUXCY:CI->O           1   0.059   0.000  XLXI_3/Mcount_cnt1k_cy<5> (XLXI_3/Mcount_cnt1k_cy<5>)
     MUXCY:CI->O           1   0.059   0.000  XLXI_3/Mcount_cnt1k_cy<6> (XLXI_3/Mcount_cnt1k_cy<6>)
     MUXCY:CI->O           1   0.059   0.000  XLXI_3/Mcount_cnt1k_cy<7> (XLXI_3/Mcount_cnt1k_cy<7>)
     MUXCY:CI->O           1   0.059   0.000  XLXI_3/Mcount_cnt1k_cy<8> (XLXI_3/Mcount_cnt1k_cy<8>)
     MUXCY:CI->O           1   0.059   0.000  XLXI_3/Mcount_cnt1k_cy<9> (XLXI_3/Mcount_cnt1k_cy<9>)
     MUXCY:CI->O           1   0.059   0.000  XLXI_3/Mcount_cnt1k_cy<10> (XLXI_3/Mcount_cnt1k_cy<10>)
     MUXCY:CI->O           1   0.059   0.000  XLXI_3/Mcount_cnt1k_cy<11> (XLXI_3/Mcount_cnt1k_cy<11>)
     MUXCY:CI->O           1   0.059   0.000  XLXI_3/Mcount_cnt1k_cy<12> (XLXI_3/Mcount_cnt1k_cy<12>)
     MUXCY:CI->O           1   0.059   0.000  XLXI_3/Mcount_cnt1k_cy<13> (XLXI_3/Mcount_cnt1k_cy<13>)
     MUXCY:CI->O           1   0.059   0.000  XLXI_3/Mcount_cnt1k_cy<14> (XLXI_3/Mcount_cnt1k_cy<14>)
     MUXCY:CI->O           1   0.059   0.000  XLXI_3/Mcount_cnt1k_cy<15> (XLXI_3/Mcount_cnt1k_cy<15>)
     MUXCY:CI->O           1   0.059   0.000  XLXI_3/Mcount_cnt1k_cy<16> (XLXI_3/Mcount_cnt1k_cy<16>)
     MUXCY:CI->O           1   0.059   0.000  XLXI_3/Mcount_cnt1k_cy<17> (XLXI_3/Mcount_cnt1k_cy<17>)
     MUXCY:CI->O           1   0.059   0.000  XLXI_3/Mcount_cnt1k_cy<18> (XLXI_3/Mcount_cnt1k_cy<18>)
     MUXCY:CI->O           1   0.059   0.000  XLXI_3/Mcount_cnt1k_cy<19> (XLXI_3/Mcount_cnt1k_cy<19>)
     MUXCY:CI->O           1   0.059   0.000  XLXI_3/Mcount_cnt1k_cy<20> (XLXI_3/Mcount_cnt1k_cy<20>)
     MUXCY:CI->O           1   0.059   0.000  XLXI_3/Mcount_cnt1k_cy<21> (XLXI_3/Mcount_cnt1k_cy<21>)
     MUXCY:CI->O           1   0.059   0.000  XLXI_3/Mcount_cnt1k_cy<22> (XLXI_3/Mcount_cnt1k_cy<22>)
     MUXCY:CI->O           1   0.059   0.000  XLXI_3/Mcount_cnt1k_cy<23> (XLXI_3/Mcount_cnt1k_cy<23>)
     MUXCY:CI->O           1   0.059   0.000  XLXI_3/Mcount_cnt1k_cy<24> (XLXI_3/Mcount_cnt1k_cy<24>)
     MUXCY:CI->O           1   0.059   0.000  XLXI_3/Mcount_cnt1k_cy<25> (XLXI_3/Mcount_cnt1k_cy<25>)
     MUXCY:CI->O           1   0.059   0.000  XLXI_3/Mcount_cnt1k_cy<26> (XLXI_3/Mcount_cnt1k_cy<26>)
     MUXCY:CI->O           1   0.059   0.000  XLXI_3/Mcount_cnt1k_cy<27> (XLXI_3/Mcount_cnt1k_cy<27>)
     MUXCY:CI->O           1   0.059   0.000  XLXI_3/Mcount_cnt1k_cy<28> (XLXI_3/Mcount_cnt1k_cy<28>)
     MUXCY:CI->O           1   0.059   0.000  XLXI_3/Mcount_cnt1k_cy<29> (XLXI_3/Mcount_cnt1k_cy<29>)
     MUXCY:CI->O           0   0.059   0.000  XLXI_3/Mcount_cnt1k_cy<30> (XLXI_3/Mcount_cnt1k_cy<30>)
     XORCY:CI->O           1   0.804   0.000  XLXI_3/Mcount_cnt1k_xor<31> (XLXI_3/Mcount_cnt1k31)
     FDE:D                     0.308          XLXI_3/cnt1k_31
    ----------------------------------------
    Total                     11.992ns (9.433ns logic, 2.559ns route)
                                       (78.7% logic, 21.3% route)

=========================================================================
Timing constraint: Default period analysis for Clock 'XLXI_3/clk_1k1'
  Clock period: 11.992ns (frequency: 83.390MHz)
  Total number of paths / destination ports: 314689 / 34
-------------------------------------------------------------------------
Delay:               11.992ns (Levels of Logic = 66)
  Source:            XLXI_3/cnt1_1 (FF)
  Destination:       XLXI_3/cnt1_31 (FF)
  Source Clock:      XLXI_3/clk_1k1 rising
  Destination Clock: XLXI_3/clk_1k1 rising

  Data Path: XLXI_3/cnt1_1 to XLXI_3/cnt1_31
                                Gate     Net
    Cell:in->out      fanout   Delay   Delay  Logical Name (Net Name)
    ----------------------------------------  ------------
     FDE:C->Q              2   0.591   0.622  XLXI_3/cnt1_1 (XLXI_3/cnt1_1)
     LUT1:I0->O            1   0.704   0.000  XLXI_3/Madd_clk_1_add0000_cy<1>_rt (XLXI_3/Madd_clk_1_add0000_cy<1>_rt)
     MUXCY:S->O            1   0.464   0.000  XLXI_3/Madd_clk_1_add0000_cy<1> (XLXI_3/Madd_clk_1_add0000_cy<1>)
     MUXCY:CI->O           1   0.059   0.000  XLXI_3/Madd_clk_1_add0000_cy<2> (XLXI_3/Madd_clk_1_add0000_cy<2>)
     MUXCY:CI->O           1   0.059   0.000  XLXI_3/Madd_clk_1_add0000_cy<3> (XLXI_3/Madd_clk_1_add0000_cy<3>)
     MUXCY:CI->O           1   0.059   0.000  XLXI_3/Madd_clk_1_add0000_cy<4> (XLXI_3/Madd_clk_1_add0000_cy<4>)
     MUXCY:CI->O           1   0.059   0.000  XLXI_3/Madd_clk_1_add0000_cy<5> (XLXI_3/Madd_clk_1_add0000_cy<5>)
     MUXCY:CI->O           1   0.059   0.000  XLXI_3/Madd_clk_1_add0000_cy<6> (XLXI_3/Madd_clk_1_add0000_cy<6>)
     MUXCY:CI->O           1   0.059   0.000  XLXI_3/Madd_clk_1_add0000_cy<7> (XLXI_3/Madd_clk_1_add0000_cy<7>)
     MUXCY:CI->O           1   0.059   0.000  XLXI_3/Madd_clk_1_add0000_cy<8> (XLXI_3/Madd_clk_1_add0000_cy<8>)
     MUXCY:CI->O           1   0.059   0.000  XLXI_3/Madd_clk_1_add0000_cy<9> (XLXI_3/Madd_clk_1_add0000_cy<9>)
     MUXCY:CI->O           1   0.059   0.000  XLXI_3/Madd_clk_1_add0000_cy<10> (XLXI_3/Madd_clk_1_add0000_cy<10>)
     MUXCY:CI->O           1   0.059   0.000  XLXI_3/Madd_clk_1_add0000_cy<11> (XLXI_3/Madd_clk_1_add0000_cy<11>)
     MUXCY:CI->O           1   0.059   0.000  XLXI_3/Madd_clk_1_add0000_cy<12> (XLXI_3/Madd_clk_1_add0000_cy<12>)
     MUXCY:CI->O           1   0.059   0.000  XLXI_3/Madd_clk_1_add0000_cy<13> (XLXI_3/Madd_clk_1_add0000_cy<13>)
     MUXCY:CI->O           1   0.059   0.000  XLXI_3/Madd_clk_1_add0000_cy<14> (XLXI_3/Madd_clk_1_add0000_cy<14>)
     MUXCY:CI->O           1   0.059   0.000  XLXI_3/Madd_clk_1_add0000_cy<15> (XLXI_3/Madd_clk_1_add0000_cy<15>)
     MUXCY:CI->O           1   0.059   0.000  XLXI_3/Madd_clk_1_add0000_cy<16> (XLXI_3/Madd_clk_1_add0000_cy<16>)
     MUXCY:CI->O           1   0.059   0.000  XLXI_3/Madd_clk_1_add0000_cy<17> (XLXI_3/Madd_clk_1_add0000_cy<17>)
     MUXCY:CI->O           1   0.059   0.000  XLXI_3/Madd_clk_1_add0000_cy<18> (XLXI_3/Madd_clk_1_add0000_cy<18>)
     MUXCY:CI->O           1   0.059   0.000  XLXI_3/Madd_clk_1_add0000_cy<19> (XLXI_3/Madd_clk_1_add0000_cy<19>)
     MUXCY:CI->O           1   0.059   0.000  XLXI_3/Madd_clk_1_add0000_cy<20> (XLXI_3/Madd_clk_1_add0000_cy<20>)
     MUXCY:CI->O           1   0.059   0.000  XLXI_3/Madd_clk_1_add0000_cy<21> (XLXI_3/Madd_clk_1_add0000_cy<21>)
     MUXCY:CI->O           1   0.059   0.000  XLXI_3/Madd_clk_1_add0000_cy<22> (XLXI_3/Madd_clk_1_add0000_cy<22>)
     MUXCY:CI->O           1   0.059   0.000  XLXI_3/Madd_clk_1_add0000_cy<23> (XLXI_3/Madd_clk_1_add0000_cy<23>)
     MUXCY:CI->O           1   0.059   0.000  XLXI_3/Madd_clk_1_add0000_cy<24> (XLXI_3/Madd_clk_1_add0000_cy<24>)
     MUXCY:CI->O           1   0.059   0.000  XLXI_3/Madd_clk_1_add0000_cy<25> (XLXI_3/Madd_clk_1_add0000_cy<25>)
     MUXCY:CI->O           1   0.059   0.000  XLXI_3/Madd_clk_1_add0000_cy<26> (XLXI_3/Madd_clk_1_add0000_cy<26>)
     MUXCY:CI->O           1   0.059   0.000  XLXI_3/Madd_clk_1_add0000_cy<27> (XLXI_3/Madd_clk_1_add0000_cy<27>)
     MUXCY:CI->O           1   0.059   0.000  XLXI_3/Madd_clk_1_add0000_cy<28> (XLXI_3/Madd_clk_1_add0000_cy<28>)
     XORCY:CI->O           1   0.804   0.595  XLXI_3/Madd_clk_1_add0000_xor<29> (XLXI_3/clk_1_add0000<29>)
     LUT2:I0->O            1   0.704   0.000  XLXI_3/Mcompar_cnt1_cmp_gt0000_lut<10> (XLXI_3/Mcompar_cnt1_cmp_gt0000_lut<10>)
     MUXCY:S->O            1   0.464   0.000  XLXI_3/Mcompar_cnt1_cmp_gt0000_cy<10> (XLXI_3/Mcompar_cnt1_cmp_gt0000_cy<10>)
     MUXCY:CI->O          34   0.059   1.342  XLXI_3/Mcompar_cnt1_cmp_gt0000_cy<11> (XLXI_3/Mcompar_cnt1_cmp_gt0000_cy<11>)
     LUT2:I1->O            1   0.704   0.000  XLXI_3/Mcount_cnt1_lut<0> (XLXI_3/Mcount_cnt1_lut<0>)
     MUXCY:S->O            1   0.464   0.000  XLXI_3/Mcount_cnt1_cy<0> (XLXI_3/Mcount_cnt1_cy<0>)
     MUXCY:CI->O           1   0.059   0.000  XLXI_3/Mcount_cnt1_cy<1> (XLXI_3/Mcount_cnt1_cy<1>)
     MUXCY:CI->O           1   0.059   0.000  XLXI_3/Mcount_cnt1_cy<2> (XLXI_3/Mcount_cnt1_cy<2>)
     MUXCY:CI->O           1   0.059   0.000  XLXI_3/Mcount_cnt1_cy<3> (XLXI_3/Mcount_cnt1_cy<3>)
     MUXCY:CI->O           1   0.059   0.000  XLXI_3/Mcount_cnt1_cy<4> (XLXI_3/Mcount_cnt1_cy<4>)
     MUXCY:CI->O           1   0.059   0.000  XLXI_3/Mcount_cnt1_cy<5> (XLXI_3/Mcount_cnt1_cy<5>)
     MUXCY:CI->O           1   0.059   0.000  XLXI_3/Mcount_cnt1_cy<6> (XLXI_3/Mcount_cnt1_cy<6>)
     MUXCY:CI->O           1   0.059   0.000  XLXI_3/Mcount_cnt1_cy<7> (XLXI_3/Mcount_cnt1_cy<7>)
     MUXCY:CI->O           1   0.059   0.000  XLXI_3/Mcount_cnt1_cy<8> (XLXI_3/Mcount_cnt1_cy<8>)
     MUXCY:CI->O           1   0.059   0.000  XLXI_3/Mcount_cnt1_cy<9> (XLXI_3/Mcount_cnt1_cy<9>)
     MUXCY:CI->O           1   0.059   0.000  XLXI_3/Mcount_cnt1_cy<10> (XLXI_3/Mcount_cnt1_cy<10>)
     MUXCY:CI->O           1   0.059   0.000  XLXI_3/Mcount_cnt1_cy<11> (XLXI_3/Mcount_cnt1_cy<11>)
     MUXCY:CI->O           1   0.059   0.000  XLXI_3/Mcount_cnt1_cy<12> (XLXI_3/Mcount_cnt1_cy<12>)
     MUXCY:CI->O           1   0.059   0.000  XLXI_3/Mcount_cnt1_cy<13> (XLXI_3/Mcount_cnt1_cy<13>)
     MUXCY:CI->O           1   0.059   0.000  XLXI_3/Mcount_cnt1_cy<14> (XLXI_3/Mcount_cnt1_cy<14>)
     MUXCY:CI->O           1   0.059   0.000  XLXI_3/Mcount_cnt1_cy<15> (XLXI_3/Mcount_cnt1_cy<15>)
     MUXCY:CI->O           1   0.059   0.000  XLXI_3/Mcount_cnt1_cy<16> (XLXI_3/Mcount_cnt1_cy<16>)
     MUXCY:CI->O           1   0.059   0.000  XLXI_3/Mcount_cnt1_cy<17> (XLXI_3/Mcount_cnt1_cy<17>)
     MUXCY:CI->O           1   0.059   0.000  XLXI_3/Mcount_cnt1_cy<18> (XLXI_3/Mcount_cnt1_cy<18>)
     MUXCY:CI->O           1   0.059   0.000  XLXI_3/Mcount_cnt1_cy<19> (XLXI_3/Mcount_cnt1_cy<19>)
     MUXCY:CI->O           1   0.059   0.000  XLXI_3/Mcount_cnt1_cy<20> (XLXI_3/Mcount_cnt1_cy<20>)
     MUXCY:CI->O           1   0.059   0.000  XLXI_3/Mcount_cnt1_cy<21> (XLXI_3/Mcount_cnt1_cy<21>)
     MUXCY:CI->O           1   0.059   0.000  XLXI_3/Mcount_cnt1_cy<22> (XLXI_3/Mcount_cnt1_cy<22>)
     MUXCY:CI->O           1   0.059   0.000  XLXI_3/Mcount_cnt1_cy<23> (XLXI_3/Mcount_cnt1_cy<23>)
     MUXCY:CI->O           1   0.059   0.000  XLXI_3/Mcount_cnt1_cy<24> (XLXI_3/Mcount_cnt1_cy<24>)
     MUXCY:CI->O           1   0.059   0.000  XLXI_3/Mcount_cnt1_cy<25> (XLXI_3/Mcount_cnt1_cy<25>)
     MUXCY:CI->O           1   0.059   0.000  XLXI_3/Mcount_cnt1_cy<26> (XLXI_3/Mcount_cnt1_cy<26>)
     MUXCY:CI->O           1   0.059   0.000  XLXI_3/Mcount_cnt1_cy<27> (XLXI_3/Mcount_cnt1_cy<27>)
     MUXCY:CI->O           1   0.059   0.000  XLXI_3/Mcount_cnt1_cy<28> (XLXI_3/Mcount_cnt1_cy<28>)
     MUXCY:CI->O           1   0.059   0.000  XLXI_3/Mcount_cnt1_cy<29> (XLXI_3/Mcount_cnt1_cy<29>)
     MUXCY:CI->O           0   0.059   0.000  XLXI_3/Mcount_cnt1_cy<30> (XLXI_3/Mcount_cnt1_cy<30>)
     XORCY:CI->O           1   0.804   0.000  XLXI_3/Mcount_cnt1_xor<31> (XLXI_3/Mcount_cnt131)
     FDE:D                     0.308          XLXI_3/cnt1_31
    ----------------------------------------
    Total                     11.992ns (9.433ns logic, 2.559ns route)
                                       (78.7% logic, 21.3% route)

=========================================================================
Timing constraint: Default period analysis for Clock 'XLXN_50'
  Clock period: 3.816ns (frequency: 262.055MHz)
  Total number of paths / destination ports: 2 / 1
-------------------------------------------------------------------------
Delay:               3.816ns (Levels of Logic = 2)
  Source:            XLXI_5/I_36_32 (FF)
  Destination:       XLXI_5/I_36_32 (FF)
  Source Clock:      XLXN_50 rising
  Destination Clock: XLXN_50 rising

  Data Path: XLXI_5/I_36_32 to XLXI_5/I_36_32
                                Gate     Net
    Cell:in->out      fanout   Delay   Delay  Logical Name (Net Name)
    ----------------------------------------  ------------
     FDC:C->Q              6   0.591   0.669  I_36_32 (Q)
     AND3B2:I2->O          1   0.704   0.420  I_36_37 (A0)
     OR3:I2->O             1   0.704   0.420  I_36_41 (AD)
     FDC:D                     0.308          I_36_32
    ----------------------------------------
    Total                      3.816ns (2.307ns logic, 1.509ns route)
                                       (60.5% logic, 39.5% route)

=========================================================================
Timing constraint: Default period analysis for Clock 'XLXN_49'
  Clock period: 4.130ns (frequency: 242.131MHz)
  Total number of paths / destination ports: 2 / 1
-------------------------------------------------------------------------
Delay:               4.130ns (Levels of Logic = 2)
  Source:            XLXI_4/I_36_32 (FF)
  Destination:       XLXI_4/I_36_32 (FF)
  Source Clock:      XLXN_49 rising
  Destination Clock: XLXN_49 rising

  Data Path: XLXI_4/I_36_32 to XLXI_4/I_36_32
                                Gate     Net
    Cell:in->out      fanout   Delay   Delay  Logical Name (Net Name)
    ----------------------------------------  ------------
     FDC:C->Q             13   0.591   0.983  I_36_32 (Q)
     AND3B2:I2->O          1   0.704   0.420  I_36_37 (A0)
     OR3:I2->O             1   0.704   0.420  I_36_41 (AD)
     FDC:D                     0.308          I_36_32
    ----------------------------------------
    Total                      4.130ns (2.307ns logic, 1.823ns route)
                                       (55.9% logic, 44.1% route)

=========================================================================
Timing constraint: Default period analysis for Clock 'ClkOut_OBUF'
  Clock period: 8.525ns (frequency: 117.302MHz)
  Total number of paths / destination ports: 16 / 4
-------------------------------------------------------------------------
Delay:               8.525ns (Levels of Logic = 9)
  Source:            XLXI_6/I_Q0/I_36_35 (FF)
  Destination:       XLXI_6/I_Q3/I_36_35 (FF)
  Source Clock:      ClkOut_OBUF rising
  Destination Clock: ClkOut_OBUF rising

  Data Path: XLXI_6/I_Q0/I_36_35 to XLXI_6/I_Q3/I_36_35
                                Gate     Net
    Cell:in->out      fanout   Delay   Delay  Logical Name (Net Name)
    ----------------------------------------  ------------
     FDCE:C->Q            10   0.591   0.882  I_36_35 (Q)
     end scope: 'I_Q0'
     AND2B2:I1->O          1   0.704   0.420  I_36_3 (T2_DN)
     begin scope: 'I_T2'
     AND2B1:I1->O          1   0.704   0.420  I_36_7 (M0)
     OR2:I1->O             1   0.704   0.420  I_36_8 (O)
     end scope: 'I_T2'
     begin scope: 'I_Q2'
     XOR2:I0->O            1   0.704   0.420  I_36_32 (TQ)
     begin scope: 'I_36_30'
     AND2B1:I1->O          1   0.704   0.420  I_36_7 (M0)
     OR2:I1->O             1   0.704   0.420  I_36_8 (O)
     end scope: 'I_36_30'
     FDCE:D                    0.308          I_36_35
    ----------------------------------------
    Total                      8.525ns (5.123ns logic, 3.402ns route)
                                       (60.1% logic, 39.9% route)

=========================================================================
Timing constraint: Default OFFSET OUT AFTER for Clock 'XLXN_50'
  Total number of paths / destination ports: 4 / 4
-------------------------------------------------------------------------
Offset:              5.683ns (Levels of Logic = 4)
  Source:            XLXI_5/I_36_32 (FF)
  Destination:       Closed (PAD)
  Source Clock:      XLXN_50 rising

  Data Path: XLXI_5/I_36_32 to Closed
                                Gate     Net
    Cell:in->out      fanout   Delay   Delay  Logical Name (Net Name)
    ----------------------------------------  ------------
     FDC:C->Q              6   0.591   0.669  I_36_32 (Q)
     end scope: 'XLXI_5'
     begin scope: 'XLXI_24'
     AND3:I0->O            2   0.704   0.447  I_36_30 (D3)
     end scope: 'XLXI_24'
     OBUF:I->O                 3.272          Motor_Close_OBUF (Motor_Close)
    ----------------------------------------
    Total                      5.683ns (4.567ns logic, 1.116ns route)
                                       (80.4% logic, 19.6% route)

=========================================================================
Timing constraint: Default OFFSET OUT AFTER for Clock 'XLXN_49'
  Total number of paths / destination ports: 5 / 5
-------------------------------------------------------------------------
Offset:              6.183ns (Levels of Logic = 3)
  Source:            XLXI_4/I_36_32 (FF)
  Destination:       ClkOut (PAD)
  Source Clock:      XLXN_49 rising

  Data Path: XLXI_4/I_36_32 to ClkOut
                                Gate     Net
    Cell:in->out      fanout   Delay   Delay  Logical Name (Net Name)
    ----------------------------------------  ------------
     FDC:C->Q             13   0.591   0.983  I_36_32 (Q)
     end scope: 'XLXI_4'
     AND2:I0->O            5   0.704   0.633  XLXI_11 (ClkOut_OBUF)
     OBUF:I->O                 3.272          ClkOut_OBUF (ClkOut)
    ----------------------------------------
    Total                      6.183ns (4.567ns logic, 1.616ns route)
                                       (73.9% logic, 26.1% route)

=========================================================================
Timing constraint: Default OFFSET OUT AFTER for Clock 'XLXI_3/clk_1k1'
  Total number of paths / destination ports: 1 / 1
-------------------------------------------------------------------------
Offset:              5.647ns (Levels of Logic = 2)
  Source:            XLXI_3/clk_1 (FF)
  Destination:       ClkOut (PAD)
  Source Clock:      XLXI_3/clk_1k1 rising

  Data Path: XLXI_3/clk_1 to ClkOut
                                Gate     Net
    Cell:in->out      fanout   Delay   Delay  Logical Name (Net Name)
    ----------------------------------------  ------------
     FDE:C->Q              2   0.591   0.447  XLXI_3/clk_1 (XLXI_3/clk_1)
     AND2:I1->O            5   0.704   0.633  XLXI_11 (ClkOut_OBUF)
     OBUF:I->O                 3.272          ClkOut_OBUF (ClkOut)
    ----------------------------------------
    Total                      5.647ns (4.567ns logic, 1.080ns route)
                                       (80.9% logic, 19.1% route)

=========================================================================


Total REAL time to Xst completion: 10.00 secs
Total CPU time to Xst completion: 10.62 secs
 
--> 

Total memory usage is 4551700 kilobytes

Number of errors   :    0 (   0 filtered)
Number of warnings :   45 (   0 filtered)
Number of infos    :    1 (   0 filtered)

