--------------------------------------------------------------------------------
Release 14.7 Trace  (nt64)
Copyright (c) 1995-2013 Xilinx, Inc.  All rights reserved.

C:\Xilinx\14.7\ISE_DS\ISE\bin\nt64\unwrapped\trce.exe -intstyle ise -v 3 -s 4
-n 3 -fastpaths -xml Subtractor.twx Subtractor.ncd -o Subtractor.twr
Subtractor.pcf -ucf Subtractor.ucf

Design file:              Subtractor.ncd
Physical constraint file: Subtractor.pcf
Device,package,speed:     xc3s100e,cp132,-4 (PRODUCTION 1.27 2013-10-13)
Report level:             verbose report

Environment Variable      Effect 
--------------------      ------ 
NONE                      No environment variables were set
--------------------------------------------------------------------------------

INFO:Timing:2698 - No timing constraints found, doing default enumeration.
INFO:Timing:3412 - To improve timing, see the Timing Closure User Guide (UG612).
INFO:Timing:2752 - To get complete path coverage, use the unconstrained paths 
   option. All paths that are not constrained will be reported in the 
   unconstrained paths section(s) of the report.
INFO:Timing:3339 - The clock-to-out numbers in this timing report are based on 
   a 50 Ohm transmission line loading model.  For the details of this model, 
   and for more information on accounting for different loading conditions, 
   please see the device datasheet.
INFO:Timing:3390 - This architecture does not support a default System Jitter 
   value, please add SYSTEM_JITTER constraint to the UCF to modify the Clock 
   Uncertainty calculation.
INFO:Timing:3389 - This architecture does not support 'Discrete Jitter' and 
   'Phase Error' calculations, these terms will be zero in the Clock 
   Uncertainty calculation.  Please make appropriate modification to 
   SYSTEM_JITTER to account for the unsupported Discrete Jitter and Phase 
   Error.



Data Sheet report:
-----------------
All values displayed in nanoseconds (ns)

Pad to Pad
---------------+---------------+---------+
Source Pad     |Destination Pad|  Delay  |
---------------+---------------+---------+
Ain<0>         |Cout           |   13.448|
Ain<0>         |Sout0          |    7.565|
Ain<0>         |Sout1          |   10.280|
Ain<0>         |Sout2          |   11.309|
Ain<0>         |Sout3          |   12.958|
Ain<1>         |Cout           |   13.795|
Ain<1>         |Sout1          |   10.627|
Ain<1>         |Sout2          |   11.656|
Ain<1>         |Sout3          |   13.305|
Ain<2>         |Cout           |   11.731|
Ain<2>         |Sout2          |    9.592|
Ain<2>         |Sout3          |   11.241|
Ain<3>         |Cout           |   10.490|
Ain<3>         |Sout3          |   10.000|
Bin<0>         |Cout           |   13.031|
Bin<0>         |Sout0          |    7.235|
Bin<0>         |Sout1          |    9.863|
Bin<0>         |Sout2          |   10.892|
Bin<0>         |Sout3          |   12.541|
Bin<1>         |Cout           |   13.609|
Bin<1>         |Sout1          |   10.441|
Bin<1>         |Sout2          |   11.470|
Bin<1>         |Sout3          |   13.119|
Bin<2>         |Cout           |   12.120|
Bin<2>         |Sout2          |    9.981|
Bin<2>         |Sout3          |   11.630|
Bin<3>         |Cout           |   10.588|
Bin<3>         |Sout3          |   10.098|
Flag           |Cout           |   14.724|
Flag           |Sout1          |   11.556|
Flag           |Sout2          |   12.585|
Flag           |Sout3          |   14.234|
---------------+---------------+---------+


Analysis completed Thu Sep 27 11:02:28 2018 
--------------------------------------------------------------------------------

Trace Settings:
-------------------------
Trace Settings 

Peak Memory Usage: 195 MB



