#-----------------------------------------------------------
# PlanAhead v14.7
# Build 321239 by xbuild on Fri Sep 27 19:31:35 MDT 2013
# Start of session at: Thu Sep 27 10:58:13 2018
# Process ID: 14608
# Log file: C:/Users/John/Documents/PHYS301_Xilinx/Lab5_Ex2_Redo/planAhead_run_1/planAhead.log
# Journal file: C:/Users/John/Documents/PHYS301_Xilinx/Lab5_Ex2_Redo/planAhead_run_1/planAhead.jou
#-----------------------------------------------------------
INFO: [Common 17-78] Attempting to get a license: PlanAhead
INFO: [Common 17-290] Got license for PlanAhead
INFO: [Device 21-36] Loading parts and site information from C:/Xilinx/14.7/ISE_DS/PlanAhead/data/parts/arch.xml
Parsing RTL primitives file [C:/Xilinx/14.7/ISE_DS/PlanAhead/data/parts/xilinx/rtl/prims/rtl_prims.xml]
Finished parsing RTL primitives file [C:/Xilinx/14.7/ISE_DS/PlanAhead/data/parts/xilinx/rtl/prims/rtl_prims.xml]
start_gui
source C:/Users/John/Documents/PHYS301_Xilinx/Lab5_Ex2_Redo/pa.fromNetlist.tcl
# create_project -name Lab5_Ex2_Redo -dir "C:/Users/John/Documents/PHYS301_Xilinx/Lab5_Ex2_Redo/planAhead_run_1" -part xc3s100ecp132-4
# set_property design_mode GateLvl [get_property srcset [current_run -impl]]
# set_property edif_top_file "C:/Users/John/Documents/PHYS301_Xilinx/Lab5_Ex2_Redo/Subtractor.ngc" [ get_property srcset [ current_run ] ]
# add_files -norecurse { {C:/Users/John/Documents/PHYS301_Xilinx/Lab5_Ex2_Redo} }
# set_param project.pinAheadLayout  yes
# set_property target_constrs_file "Subtractor.ucf" [current_fileset -constrset]
Adding file 'C:/Users/John/Documents/PHYS301_Xilinx/Lab5_Ex2_Redo/Subtractor.ucf' to fileset 'constrs_1'
# add_files [list {Subtractor.ucf}] -fileset [get_property constrset [current_run]]
# link_design
Design is defaulting to srcset: sources_1
Design is defaulting to constrset: constrs_1
Design is defaulting to project part: xc3s100ecp132-4
Release 14.7 - ngc2edif P.20131013 (nt)
Copyright (c) 1995-2013 Xilinx, Inc.  All rights reserved.

Release 14.7 - ngc2edif P.20131013 (nt)
Copyright (c) 1995-2013 Xilinx, Inc.  All rights reserved.
Reading design Subtractor.ngc ...
WARNING:NetListWriters:298 - No output is written to Subtractor.xncf, ignored.
Processing design ...
   Preping design's networks ...
   Preping design's macros ...
  finished :Prep
Writing EDIF netlist file Subtractor.edif ...
ngc2edif: Total memory usage is 113752 kilobytes

Parsing EDIF File [./planAhead_run_1/Lab5_Ex2_Redo.data/cache/Subtractor_ngc_zx.edif]
Finished Parsing EDIF File [./planAhead_run_1/Lab5_Ex2_Redo.data/cache/Subtractor_ngc_zx.edif]
INFO: [Designutils 20-910] Reading macro library C:/Xilinx/14.7/ISE_DS/PlanAhead/data\./parts/xilinx/spartan3e/spartan3e/hd_int_macros.edn
Parsing EDIF File [C:/Xilinx/14.7/ISE_DS/PlanAhead/data\./parts/xilinx/spartan3e/spartan3e/hd_int_macros.edn]
Finished Parsing EDIF File [C:/Xilinx/14.7/ISE_DS/PlanAhead/data\./parts/xilinx/spartan3e/spartan3e/hd_int_macros.edn]
Loading clock regions from C:/Xilinx/14.7/ISE_DS/PlanAhead/data\parts/xilinx/spartan3e/spartan3e/xc3s100e/ClockRegion.xml
Loading clock buffers from C:/Xilinx/14.7/ISE_DS/PlanAhead/data\parts/xilinx/spartan3e/spartan3e/xc3s100e/ClockBuffers.xml
Loading package from C:/Xilinx/14.7/ISE_DS/PlanAhead/data\parts/xilinx/spartan3e/spartan3e/xc3s100e/cp132/Package.xml
Loading io standards from C:/Xilinx/14.7/ISE_DS/PlanAhead/data\./parts/xilinx/spartan3e/IOStandards.xml
INFO: [Device 21-19] Loading pkg sso from C:/Xilinx/14.7/ISE_DS/PlanAhead/data\parts/xilinx/spartan3e/spartan3e/xc3s100e/cp132/SSORules.xml
Loading list of drcs for the architecture : C:/Xilinx/14.7/ISE_DS/PlanAhead/data\./parts/xilinx/spartan3e/spartan3e/drc.xml
INFO: [Timing 38-77] Reading timing library C:/Xilinx/14.7/ISE_DS/PlanAhead/data\parts/xilinx/spartan3e/spartan3e/spartan3e-4.lib.
INFO: [Timing 38-34] Done reading timing library C:/Xilinx/14.7/ISE_DS/PlanAhead/data\parts/xilinx/spartan3e/spartan3e/spartan3e-4.lib.
Parsing UCF File [C:/Users/John/Documents/PHYS301_Xilinx/Lab5_Ex2_Redo/Subtractor.ucf]
Finished Parsing UCF File [C:/Users/John/Documents/PHYS301_Xilinx/Lab5_Ex2_Redo/Subtractor.ucf]
INFO: [Project 1-111] Unisim Transformation Summary:
No Unisim elements were transformed.

Phase 0 | Netlist Checksum: ccc32893
link_design: Time (s): elapsed = 00:00:18 . Memory (MB): peak = 474.516 ; gain = 89.520
startgroup
set_property package_pin P11 [get_ports {Ain[0]}]
endgroup
startgroup
set_property package_pin L3 [get_ports {Ain[1]}]
endgroup
startgroup
set_property package_pin K3 [get_ports {Ain[2]}]
endgroup
startgroup
set_property package_pin B4 [get_ports {Ain[3]}]
endgroup
startgroup
set_property package_pin G3 [get_ports {Bin[0]}]
endgroup
startgroup
set_property package_pin F3 [get_ports {Bin[1]}]
endgroup
startgroup
set_property package_pin E2 [get_ports {Bin[2]}]
endgroup
startgroup
set_property package_pin N3 [get_ports {Bin[3]}]
endgroup
startgroup
set_property package_pin A7 [get_ports Flag]
endgroup
startgroup
set_property package_pin M5 [get_ports Sout0]
endgroup
startgroup
set_property package_pin M11 [get_ports Sout1]
endgroup
startgroup
set_property package_pin P7 [get_ports Sout2]
endgroup
startgroup
set_property package_pin P6 [get_ports Sout3]
endgroup
startgroup
set_property package_pin N5 [get_ports Cout]
endgroup
save_constraints
exit
ERROR: [PlanAhead 12-106] *** Exception: ui.h.b: Found deleted key in HTclEventBroker. Verify if the classes listed here call cleanup()
HTclEvent: SIGNAL_MODIFY   Classes: ui.views.aR 
HTclEvent: DEBUG_CORE_CONFIG_CHANGE   Classes: ui.views.aR 
HTclEvent: DEBUG_PORT_CONFIG_CHANGE   Classes: ui.views.aR 
HTclEvent: SIGNAL_BUS_MODIFY   Classes: ui.views.aR 
 (See C:/Users/John/Documents/PHYS301_Xilinx/Lab5_Ex2_Redo\planAhead_pid14608.debug)
ERROR: [Common 17-39] 'stop_gui' failed due to earlier errors.
INFO: [Common 17-206] Exiting PlanAhead at Thu Sep 27 11:01:48 2018...
INFO: [Common 17-83] Releasing license: PlanAhead
