Release 14.7 - ngc2edif P.20131013 (nt)
Copyright (c) 1995-2013 Xilinx, Inc.  All rights reserved.
Reading design HalfAdder_NAND.ngc ...
WARNING:NetListWriters:298 - No output is written to HalfAdder_NAND.xncf,
   ignored.
Processing design ...
   Preping design's networks ...
   Preping design's macros ...
  finished :Prep
Writing EDIF netlist file HalfAdder_NAND.edif ...
ngc2edif: Total memory usage is 113816 kilobytes

Release 14.7 - ngc2edif P.20131013 (nt)
Copyright (c) 1995-2013 Xilinx, Inc.  All rights reserved.
Reading design HalfAdder_NAND.ngc ...
WARNING:NetListWriters:298 - No output is written to HalfAdder_NAND.xncf,
   ignored.
Processing design ...
   Preping design's networks ...
   Preping design's macros ...
  finished :Prep
Writing EDIF netlist file HalfAdder_NAND.edif ...
ngc2edif: Total memory usage is 114136 kilobytes

Release 14.7 - ngc2edif P.20131013 (nt)
Copyright (c) 1995-2013 Xilinx, Inc.  All rights reserved.
Reading design HalfAdder_NAND.ngc ...
WARNING:NetListWriters:298 - No output is written to HalfAdder_NAND.xncf,
   ignored.
Processing design ...
   Preping design's networks ...
   Preping design's macros ...
  finished :Prep
Writing EDIF netlist file HalfAdder_NAND.edif ...
ngc2edif: Total memory usage is 114328 kilobytes

