#-----------------------------------------------------------
# PlanAhead v14.7
# Build 321239 by xbuild on Fri Sep 27 19:31:35 MDT 2013
# Start of session at: Sun Sep 23 15:17:08 2018
# Process ID: 6952
# Log file: C:/Users/John/Dropbox/PHYS301_Schematics/adder2b/planAhead_run_2/planAhead.log
# Journal file: C:/Users/John/Dropbox/PHYS301_Schematics/adder2b/planAhead_run_2/planAhead.jou
#-----------------------------------------------------------
INFO: [Common 17-78] Attempting to get a license: PlanAhead
INFO: [Common 17-290] Got license for PlanAhead
INFO: [Device 21-36] Loading parts and site information from C:/Xilinx/14.7/ISE_DS/PlanAhead/data/parts/arch.xml
Parsing RTL primitives file [C:/Xilinx/14.7/ISE_DS/PlanAhead/data/parts/xilinx/rtl/prims/rtl_prims.xml]
Finished parsing RTL primitives file [C:/Xilinx/14.7/ISE_DS/PlanAhead/data/parts/xilinx/rtl/prims/rtl_prims.xml]
start_gui
source C:/Users/John/Dropbox/PHYS301_Schematics/adder2b/pa.fromNetlist.tcl
# create_project -name adder2b -dir "C:/Users/John/Dropbox/PHYS301_Schematics/adder2b/planAhead_run_3" -part xc3s100ecp132-4
create_project: Time (s): elapsed = 00:00:18 . Memory (MB): peak = 368.863 ; gain = 36.645
# set_property design_mode GateLvl [get_property srcset [current_run -impl]]
# set_property edif_top_file "C:/Users/John/Dropbox/PHYS301_Schematics/adder2b/addr2b.ngc" [ get_property srcset [ current_run ] ]
# add_files -norecurse { {C:/Users/John/Dropbox/PHYS301_Schematics/adder2b} }
# set_param project.pinAheadLayout  yes
# set_property target_constrs_file "addr2b.ucf" [current_fileset -constrset]
Adding file 'C:/Users/John/Dropbox/PHYS301_Schematics/adder2b/addr2b.ucf' to fileset 'constrs_1'
# add_files [list {addr2b.ucf}] -fileset [get_property constrset [current_run]]
# link_design
Design is defaulting to srcset: sources_1
Design is defaulting to constrset: constrs_1
Design is defaulting to project part: xc3s100ecp132-4
Release 14.7 - ngc2edif P.20131013 (nt)
Copyright (c) 1995-2013 Xilinx, Inc.  All rights reserved.

Release 14.7 - ngc2edif P.20131013 (nt)
Copyright (c) 1995-2013 Xilinx, Inc.  All rights reserved.
Reading design addr2b.ngc ...
WARNING:NetListWriters:298 - No output is written to addr2b.xncf, ignored.
Processing design ...
   Preping design's networks ...
   Preping design's macros ...
  finished :Prep
Writing EDIF netlist file addr2b.edif ...
ngc2edif: Total memory usage is 111096 kilobytes

Parsing EDIF File [./planAhead_run_3/adder2b.data/cache/addr2b_ngc_zx.edif]
Finished Parsing EDIF File [./planAhead_run_3/adder2b.data/cache/addr2b_ngc_zx.edif]
INFO: [Designutils 20-910] Reading macro library C:/Xilinx/14.7/ISE_DS/PlanAhead/data\./parts/xilinx/spartan3e/spartan3e/hd_int_macros.edn
Parsing EDIF File [C:/Xilinx/14.7/ISE_DS/PlanAhead/data\./parts/xilinx/spartan3e/spartan3e/hd_int_macros.edn]
Finished Parsing EDIF File [C:/Xilinx/14.7/ISE_DS/PlanAhead/data\./parts/xilinx/spartan3e/spartan3e/hd_int_macros.edn]
Loading clock regions from C:/Xilinx/14.7/ISE_DS/PlanAhead/data\parts/xilinx/spartan3e/spartan3e/xc3s100e/ClockRegion.xml
Loading clock buffers from C:/Xilinx/14.7/ISE_DS/PlanAhead/data\parts/xilinx/spartan3e/spartan3e/xc3s100e/ClockBuffers.xml
Loading package from C:/Xilinx/14.7/ISE_DS/PlanAhead/data\parts/xilinx/spartan3e/spartan3e/xc3s100e/cp132/Package.xml
Loading io standards from C:/Xilinx/14.7/ISE_DS/PlanAhead/data\./parts/xilinx/spartan3e/IOStandards.xml
INFO: [Device 21-19] Loading pkg sso from C:/Xilinx/14.7/ISE_DS/PlanAhead/data\parts/xilinx/spartan3e/spartan3e/xc3s100e/cp132/SSORules.xml
Loading list of drcs for the architecture : C:/Xilinx/14.7/ISE_DS/PlanAhead/data\./parts/xilinx/spartan3e/spartan3e/drc.xml
INFO: [Timing 38-77] Reading timing library C:/Xilinx/14.7/ISE_DS/PlanAhead/data\parts/xilinx/spartan3e/spartan3e/spartan3e-4.lib.
INFO: [Timing 38-34] Done reading timing library C:/Xilinx/14.7/ISE_DS/PlanAhead/data\parts/xilinx/spartan3e/spartan3e/spartan3e-4.lib.
Parsing UCF File [C:/Users/John/Dropbox/PHYS301_Schematics/adder2b/addr2b.ucf]
Finished Parsing UCF File [C:/Users/John/Dropbox/PHYS301_Schematics/adder2b/addr2b.ucf]
INFO: [Project 1-111] Unisim Transformation Summary:
No Unisim elements were transformed.

Phase 0 | Netlist Checksum: c88d69a0
link_design: Time (s): elapsed = 00:00:33 . Memory (MB): peak = 430.348 ; gain = 52.230
set_property package_pin "" [get_ports [list  C1in]]
startgroup
set_property package_pin N11 [get_ports A1]
endgroup
startgroup
set_property package_pin P11 [get_ports A0]
endgroup
startgroup
set_property package_pin P11 [get_ports A0]
endgroup
set_property package_pin "" [get_ports [list  A0]]
set_property package_pin "" [get_ports [list  A1]]
set_property package_pin "" [get_ports [list  B0]]
set_property package_pin "" [get_ports [list  B1]]
set_property package_pin "" [get_ports [list  Cout]]
set_property package_pin "" [get_ports [list  S0Out]]
set_property package_pin "" [get_ports [list  S1Out]]
startgroup
set_property package_pin N3 [get_ports A0]
endgroup
startgroup
set_property package_pin F3 [get_ports A1]
endgroup
startgroup
set_property package_pin E2 [get_ports B0]
endgroup
startgroup
set_property package_pin G3 [get_ports B1]
endgroup
set_property package_pin "" [get_ports [list  B0]]
startgroup
set_property package_pin C13 [get_ports C1in]
endgroup
set_property package_pin "" [get_ports [list  B1]]
startgroup
set_property package_pin C8 [get_ports B0]
endgroup
startgroup
set_property package_pin B4 [get_ports B1]
endgroup
startgroup
set_property package_pin B3 [get_ports Cout]
endgroup
startgroup
set_property package_pin G3 [get_ports B0]
endgroup
set_property package_pin "" [get_ports [list  S0Out]]
set_property package_pin "" [get_ports [list  S1Out]]
startgroup
set_property package_pin G14 [get_ports A1]
endgroup
startgroup
set_property package_pin E2 [get_ports B0]
endgroup
startgroup
set_property package_pin F3 [get_ports C1in]
endgroup
startgroup
set_property package_pin G3 [get_ports A1]
endgroup
startgroup
set_property package_pin G1 [get_ports S0Out]
endgroup
startgroup
set_property package_pin G14 [get_ports S1Out]
endgroup
startgroup
set_property package_pin N4 [get_ports Cout]
endgroup
save_constraints
