Release 14.7 - xst P.20131013 (nt64)
Copyright (c) 1995-2013 Xilinx, Inc.  All rights reserved.
--> Parameter TMPDIR set to xst/projnav.tmp


Total REAL time to Xst completion: 0.00 secs
Total CPU time to Xst completion: 0.25 secs
 
--> Parameter xsthdpdir set to xst


Total REAL time to Xst completion: 0.00 secs
Total CPU time to Xst completion: 0.25 secs
 
--> Reading design: Exp3ModCounter.prj

TABLE OF CONTENTS
  1) Synthesis Options Summary
  2) HDL Compilation
  3) Design Hierarchy Analysis
  4) HDL Analysis
  5) HDL Synthesis
     5.1) HDL Synthesis Report
  6) Advanced HDL Synthesis
     6.1) Advanced HDL Synthesis Report
  7) Low Level Synthesis
  8) Partition Report
  9) Final Report
	9.1) Device utilization summary
	9.2) Partition Resource Summary
	9.3) TIMING REPORT


=========================================================================
*                      Synthesis Options Summary                        *
=========================================================================
---- Source Parameters
Input File Name                    : "Exp3ModCounter.prj"
Input Format                       : mixed
Ignore Synthesis Constraint File   : NO

---- Target Parameters
Output File Name                   : "Exp3ModCounter"
Output Format                      : NGC
Target Device                      : xc3s100e-4-cp132

---- Source Options
Top Module Name                    : Exp3ModCounter
Automatic FSM Extraction           : YES
FSM Encoding Algorithm             : Auto
Safe Implementation                : No
FSM Style                          : LUT
RAM Extraction                     : Yes
RAM Style                          : Auto
ROM Extraction                     : Yes
Mux Style                          : Auto
Decoder Extraction                 : YES
Priority Encoder Extraction        : Yes
Shift Register Extraction          : YES
Logical Shifter Extraction         : YES
XOR Collapsing                     : YES
ROM Style                          : Auto
Mux Extraction                     : Yes
Resource Sharing                   : YES
Asynchronous To Synchronous        : NO
Multiplier Style                   : Auto
Automatic Register Balancing       : No

---- Target Options
Add IO Buffers                     : YES
Global Maximum Fanout              : 500
Add Generic Clock Buffer(BUFG)     : 24
Register Duplication               : YES
Slice Packing                      : YES
Optimize Instantiated Primitives   : NO
Use Clock Enable                   : Yes
Use Synchronous Set                : Yes
Use Synchronous Reset              : Yes
Pack IO Registers into IOBs        : Auto
Equivalent register Removal        : YES

---- General Options
Optimization Goal                  : Speed
Optimization Effort                : 1
Keep Hierarchy                     : No
Netlist Hierarchy                  : As_Optimized
RTL Output                         : Yes
Global Optimization                : AllClockNets
Read Cores                         : YES
Write Timing Constraints           : NO
Cross Clock Analysis               : NO
Hierarchy Separator                : /
Bus Delimiter                      : <>
Case Specifier                     : Maintain
Slice Utilization Ratio            : 100
BRAM Utilization Ratio             : 100
Verilog 2001                       : YES
Auto BRAM Packing                  : NO
Slice Utilization Ratio Delta      : 5

=========================================================================


=========================================================================
*                          HDL Compilation                              *
=========================================================================
Compiling vhdl file "C:/Users/Chris/Documents/School/7th Year/Fall 2018/Phys301/Programs/Lab8/Exp3ModCounter/mux4SSD.vhd" in Library work.
Entity <mux4SSD> compiled.
Entity <mux4SSD> (Architecture <Behavioral>) compiled.
Compiling vhdl file "C:/Users/Chris/Documents/School/7th Year/Fall 2018/Phys301/Programs/Lab8/Exp3ModCounter/SSD_1dig.vhd" in Library work.
Entity <SSD_1dig> compiled.
Entity <SSD_1dig> (Architecture <Behavioral>) compiled.
Compiling vhdl file "C:/Users/Chris/Documents/School/7th Year/Fall 2018/Phys301/Programs/Lab8/Exp3ModCounter/DCM_50M.vhd" in Library work.
Entity <DCM_50M> compiled.
Entity <DCM_50M> (Architecture <Behavioral>) compiled.
Compiling vhdl file "C:/Users/Chris/Documents/School/7th Year/Fall 2018/Phys301/Programs/Lab8/Exp3ModCounter/sel_strobeB.vhd" in Library work.
Entity <sel_strobeB> compiled.
Entity <sel_strobeB> (Architecture <Behavioral>) compiled.
Compiling vhdl file "C:/Users/Chris/Documents/School/7th Year/Fall 2018/Phys301/Programs/Lab8/Exp3ModCounter/bin2BCD3en.vhd" in Library work.
Entity <bin2BCD3en> compiled.
Entity <bin2BCD3en> (Architecture <Behavioral>) compiled.
Compiling vhdl file "C:/Users/Chris/Documents/School/7th Year/Fall 2018/Phys301/Programs/Lab8/Exp3ModCounter/DCM_100M.vhd" in Library work.
Entity <DCM_100M> compiled.
Entity <DCM_100M> (Architecture <Behavioral>) compiled.
Compiling vhdl file "C:/Users/Chris/Documents/School/7th Year/Fall 2018/Phys301/Programs/Lab8/Exp3ModCounter/Exp3ModCounter.vhf" in Library work.
Entity <FJKC_MXILINX_Exp3ModCounter> compiled.
Entity <FJKC_MXILINX_Exp3ModCounter> (Architecture <BEHAVIORAL>) compiled.
Entity <Exp3_MUSER_Exp3ModCounter> compiled.
Entity <Exp3_MUSER_Exp3ModCounter> (Architecture <BEHAVIORAL>) compiled.
Entity <Exp3ModCounter> compiled.
Entity <Exp3ModCounter> (Architecture <BEHAVIORAL>) compiled.
Compiling vhdl file "C:/Users/Chris/Documents/School/7th Year/Fall 2018/Phys301/Programs/Lab8/Exp3ModCounter/Exp3.vhf" in Library work.
Entity <Exp3> compiled.
Entity <Exp3> (Architecture <BEHAVIORAL>) compiled.

=========================================================================
*                     Design Hierarchy Analysis                         *
=========================================================================
Analyzing hierarchy for entity <Exp3ModCounter> in library <work> (architecture <BEHAVIORAL>).

Analyzing hierarchy for entity <FJKC_MXILINX_Exp3ModCounter> in library <work> (architecture <BEHAVIORAL>) with generics.
	INIT = '0'

Analyzing hierarchy for entity <DCM_100M> in library <work> (architecture <Behavioral>) with generics.
	DIV100 = 25
	DIV100k = 25000
	DIV100m = 25000000
	DIV10k = 2500
	DIV1m = 250000

Analyzing hierarchy for entity <Exp3_MUSER_Exp3ModCounter> in library <work> (architecture <BEHAVIORAL>).

Analyzing hierarchy for entity <mux4SSD> in library <work> (architecture <Behavioral>).

Analyzing hierarchy for entity <SSD_1dig> in library <work> (architecture <Behavioral>).

Analyzing hierarchy for entity <DCM_50M> in library <work> (architecture <Behavioral>) with generics.
	DIV100 = 50
	DIV1k = 500
	DIV50 = 25

Analyzing hierarchy for entity <sel_strobeB> in library <work> (architecture <Behavioral>).

Analyzing hierarchy for entity <bin2BCD3en> in library <work> (architecture <Behavioral>).


=========================================================================
*                            HDL Analysis                               *
=========================================================================
Analyzing Entity <Exp3ModCounter> in library <work> (Architecture <BEHAVIORAL>).
    Set user-defined property "HU_SET =  XLXI_1_0" for instance <XLXI_1> in unit <Exp3ModCounter>.
    Set user-defined property "HU_SET =  XLXI_2_1" for instance <XLXI_2> in unit <Exp3ModCounter>.
WARNING:Xst:753 - "C:/Users/Chris/Documents/School/7th Year/Fall 2018/Phys301/Programs/Lab8/Exp3ModCounter/Exp3ModCounter.vhf" line 344: Unconnected output port 'CLK1M' of component 'DCM_100M'.
WARNING:Xst:753 - "C:/Users/Chris/Documents/School/7th Year/Fall 2018/Phys301/Programs/Lab8/Exp3ModCounter/Exp3ModCounter.vhf" line 344: Unconnected output port 'CLK10k' of component 'DCM_100M'.
WARNING:Xst:753 - "C:/Users/Chris/Documents/School/7th Year/Fall 2018/Phys301/Programs/Lab8/Exp3ModCounter/Exp3ModCounter.vhf" line 344: Unconnected output port 'CLK1k' of component 'DCM_100M'.
WARNING:Xst:753 - "C:/Users/Chris/Documents/School/7th Year/Fall 2018/Phys301/Programs/Lab8/Exp3ModCounter/Exp3ModCounter.vhf" line 344: Unconnected output port 'CLK100' of component 'DCM_100M'.
    Set user-defined property "HU_SET =  XLXI_9_2" for instance <XLXI_9> in unit <Exp3ModCounter>.
Entity <Exp3ModCounter> analyzed. Unit <Exp3ModCounter> generated.

Analyzing generic Entity <FJKC_MXILINX_Exp3ModCounter> in library <work> (Architecture <BEHAVIORAL>).
	INIT = '0'
    Set user-defined property "INIT =  0" for instance <I_36_32> in unit <FJKC_MXILINX_Exp3ModCounter>.
    Set user-defined property "RLOC =  X0Y0" for instance <I_36_32> in unit <FJKC_MXILINX_Exp3ModCounter>.
Entity <FJKC_MXILINX_Exp3ModCounter> analyzed. Unit <FJKC_MXILINX_Exp3ModCounter> generated.

Analyzing generic Entity <DCM_100M> in library <work> (Architecture <Behavioral>).
	DIV100 = 25
	DIV100k = 25000
	DIV100m = 25000000
	DIV10k = 2500
	DIV1m = 250000
Entity <DCM_100M> analyzed. Unit <DCM_100M> generated.

Analyzing Entity <Exp3_MUSER_Exp3ModCounter> in library <work> (Architecture <BEHAVIORAL>).
WARNING:Xst:753 - "C:/Users/Chris/Documents/School/7th Year/Fall 2018/Phys301/Programs/Lab8/Exp3ModCounter/Exp3ModCounter.vhf" line 224: Unconnected output port 'CLK1M' of component 'DCM_50M'.
WARNING:Xst:753 - "C:/Users/Chris/Documents/School/7th Year/Fall 2018/Phys301/Programs/Lab8/Exp3ModCounter/Exp3ModCounter.vhf" line 224: Unconnected output port 'CLK10k' of component 'DCM_50M'.
WARNING:Xst:753 - "C:/Users/Chris/Documents/School/7th Year/Fall 2018/Phys301/Programs/Lab8/Exp3ModCounter/Exp3ModCounter.vhf" line 224: Unconnected output port 'CLK1' of component 'DCM_50M'.
WARNING:Xst:753 - "C:/Users/Chris/Documents/School/7th Year/Fall 2018/Phys301/Programs/Lab8/Exp3ModCounter/Exp3ModCounter.vhf" line 236: Unconnected output port 'RBout' of component 'bin2BCD3en'.
Entity <Exp3_MUSER_Exp3ModCounter> analyzed. Unit <Exp3_MUSER_Exp3ModCounter> generated.

Analyzing Entity <mux4SSD> in library <work> (Architecture <Behavioral>).
Entity <mux4SSD> analyzed. Unit <mux4SSD> generated.

Analyzing Entity <SSD_1dig> in library <work> (Architecture <Behavioral>).
Entity <SSD_1dig> analyzed. Unit <SSD_1dig> generated.

Analyzing generic Entity <DCM_50M> in library <work> (Architecture <Behavioral>).
	DIV100 = 50
	DIV1k = 500
	DIV50 = 25
Entity <DCM_50M> analyzed. Unit <DCM_50M> generated.

Analyzing Entity <sel_strobeB> in library <work> (Architecture <Behavioral>).
Entity <sel_strobeB> analyzed. Unit <sel_strobeB> generated.

Analyzing Entity <bin2BCD3en> in library <work> (Architecture <Behavioral>).
INFO:Xst:1561 - "C:/Users/Chris/Documents/School/7th Year/Fall 2018/Phys301/Programs/Lab8/Exp3ModCounter/bin2BCD3en.vhd" line 62: Mux is complete : default of case is discarded
INFO:Xst:1561 - "C:/Users/Chris/Documents/School/7th Year/Fall 2018/Phys301/Programs/Lab8/Exp3ModCounter/bin2BCD3en.vhd" line 62: Mux is complete : default of case is discarded
INFO:Xst:2679 - Register <Dout3> in unit <bin2BCD3en> has a constant value of 0000 during circuit operation. The register is replaced by logic.
Entity <bin2BCD3en> analyzed. Unit <bin2BCD3en> generated.


=========================================================================
*                           HDL Synthesis                               *
=========================================================================

Performing bidirectional port resolution...

Synthesizing Unit <DCM_100M>.
    Related source file is "C:/Users/Chris/Documents/School/7th Year/Fall 2018/Phys301/Programs/Lab8/Exp3ModCounter/DCM_100M.vhd".
    Found 1-bit register for signal <clk_1<0>>.
    Found 1-bit register for signal <clk_100<0>>.
    Found 1-bit register for signal <clk_10k<0>>.
    Found 32-bit adder for signal <clk_1_0$add0000> created at line 163.
    Found 1-bit register for signal <clk_1k<0>>.
    Found 32-bit adder for signal <clk_1k_0$add0000> created at line 115.
    Found 1-bit register for signal <clk_1m<0>>.
    Found 32-bit adder for signal <clk_1m_0$add0000> created at line 67.
    Found 32-bit up counter for signal <cnt1>.
    Found 32-bit comparator greatequal for signal <cnt1$cmp_ge0000> created at line 164.
    Found 32-bit up counter for signal <cnt100>.
    Found 32-bit adder for signal <cnt100$add0000> created at line 139.
    Found 32-bit comparator greatequal for signal <cnt100$cmp_ge0000> created at line 140.
    Found 32-bit up counter for signal <cnt10k>.
    Found 32-bit adder for signal <cnt10k$add0000> created at line 91.
    Found 32-bit comparator greatequal for signal <cnt10k$cmp_ge0000> created at line 92.
    Found 32-bit up counter for signal <cnt1k>.
    Found 32-bit comparator greatequal for signal <cnt1k$cmp_ge0000> created at line 116.
    Found 32-bit up counter for signal <cnt1M>.
    Found 32-bit comparator greatequal for signal <cnt1M$cmp_ge0000> created at line 68.
    Summary:
	inferred   5 Counter(s).
	inferred   5 D-type flip-flop(s).
	inferred   5 Adder/Subtractor(s).
	inferred   5 Comparator(s).
Unit <DCM_100M> synthesized.


Synthesizing Unit <mux4SSD>.
    Related source file is "C:/Users/Chris/Documents/School/7th Year/Fall 2018/Phys301/Programs/Lab8/Exp3ModCounter/mux4SSD.vhd".
Unit <mux4SSD> synthesized.


Synthesizing Unit <SSD_1dig>.
    Related source file is "C:/Users/Chris/Documents/School/7th Year/Fall 2018/Phys301/Programs/Lab8/Exp3ModCounter/SSD_1dig.vhd".
    Found 16x7-bit ROM for signal <hexD$rom0000>.
    Summary:
	inferred   1 ROM(s).
Unit <SSD_1dig> synthesized.


Synthesizing Unit <DCM_50M>.
    Related source file is "C:/Users/Chris/Documents/School/7th Year/Fall 2018/Phys301/Programs/Lab8/Exp3ModCounter/DCM_50M.vhd".
    Found 1-bit register for signal <clk_1>.
    Found 32-bit adder for signal <clk_1$add0000> created at line 121.
    Found 1-bit register for signal <clk_10k>.
    Found 1-bit register for signal <clk_1k>.
    Found 32-bit adder for signal <clk_1k$add0000> created at line 101.
    Found 1-bit register for signal <clk_1m>.
    Found 32-bit adder for signal <clk_1m$add0000> created at line 61.
    Found 32-bit up counter for signal <cnt1>.
    Found 32-bit comparator greater for signal <cnt1$cmp_gt0000> created at line 122.
    Found 32-bit up counter for signal <cnt10k>.
    Found 32-bit adder for signal <cnt10k$add0000> created at line 81.
    Found 32-bit comparator greater for signal <cnt10k$cmp_gt0000> created at line 82.
    Found 32-bit up counter for signal <cnt1k>.
    Found 32-bit comparator greater for signal <cnt1k$cmp_gt0000> created at line 102.
    Found 32-bit up counter for signal <cnt1M>.
    Found 32-bit comparator greatequal for signal <cnt1M$cmp_ge0000> created at line 62.
    Summary:
	inferred   4 Counter(s).
	inferred   4 D-type flip-flop(s).
	inferred   4 Adder/Subtractor(s).
	inferred   4 Comparator(s).
Unit <DCM_50M> synthesized.


Synthesizing Unit <sel_strobeB>.
    Related source file is "C:/Users/Chris/Documents/School/7th Year/Fall 2018/Phys301/Programs/Lab8/Exp3ModCounter/sel_strobeB.vhd".
    Found 4x2-bit ROM for signal <sel$mux0001> created at line 44.
    Found 2-bit register for signal <sel>.
    Found 2-bit register for signal <selx>.
    Summary:
	inferred   1 ROM(s).
	inferred   4 D-type flip-flop(s).
Unit <sel_strobeB> synthesized.


Synthesizing Unit <bin2BCD3en>.
    Related source file is "C:/Users/Chris/Documents/School/7th Year/Fall 2018/Phys301/Programs/Lab8/Exp3ModCounter/bin2BCD3en.vhd".
    Found 16x4-bit ROM for signal <b9$mux0000> created at line 50.
    Found 16x4-bit ROM for signal <b8$mux0000> created at line 50.
    Found 16x4-bit ROM for signal <b7$mux0000> created at line 50.
    Found 16x4-bit ROM for signal <b6$mux0000> created at line 50.
    Found 16x4-bit ROM for signal <b4$mux0000> created at line 50.
    Found 8x4-bit ROM for signal <b$mux0000> created at line 50.
    Found 16x4-bit ROM for signal <b11$mux0000> created at line 50.
    Found 16x4-bit ROM for signal <b10$mux0000> created at line 50.
    Found 4-bit register for signal <RBout>.
    Found 4-bit register for signal <Dout0>.
    Found 4-bit register for signal <Dout1>.
    Found 4-bit register for signal <Dout2>.
    Summary:
	inferred   8 ROM(s).
	inferred  12 D-type flip-flop(s).
Unit <bin2BCD3en> synthesized.


Synthesizing Unit <FJKC_MXILINX_Exp3ModCounter>.
    Related source file is "C:/Users/Chris/Documents/School/7th Year/Fall 2018/Phys301/Programs/Lab8/Exp3ModCounter/Exp3ModCounter.vhf".
Unit <FJKC_MXILINX_Exp3ModCounter> synthesized.


Synthesizing Unit <Exp3_MUSER_Exp3ModCounter>.
    Related source file is "C:/Users/Chris/Documents/School/7th Year/Fall 2018/Phys301/Programs/Lab8/Exp3ModCounter/Exp3ModCounter.vhf".
WARNING:Xst:653 - Signal <XLXI_1_dp_in_openSignal> is used but never assigned. This sourceless signal will be automatically connected to value 0000.
Unit <Exp3_MUSER_Exp3ModCounter> synthesized.


Synthesizing Unit <Exp3ModCounter>.
    Related source file is "C:/Users/Chris/Documents/School/7th Year/Fall 2018/Phys301/Programs/Lab8/Exp3ModCounter/Exp3ModCounter.vhf".
WARNING:Xst:653 - Signal <Q_DUMMY<7:3>> is used but never assigned. This sourceless signal will be automatically connected to value 00000.
Unit <Exp3ModCounter> synthesized.


=========================================================================
HDL Synthesis Report

Macro Statistics
# ROMs                                                 : 10
 16x4-bit ROM                                          : 7
 16x7-bit ROM                                          : 1
 4x2-bit ROM                                           : 1
 8x4-bit ROM                                           : 1
# Adders/Subtractors                                   : 9
 32-bit adder                                          : 9
# Counters                                             : 9
 32-bit up counter                                     : 9
# Registers                                            : 21
 1-bit register                                        : 17
 2-bit register                                        : 2
 4-bit register                                        : 2
# Comparators                                          : 9
 32-bit comparator greatequal                          : 6
 32-bit comparator greater                             : 3

=========================================================================

=========================================================================
*                       Advanced HDL Synthesis                          *
=========================================================================

INFO:Xst:2261 - The FF/Latch <Dout2_2> in Unit <XLXI_14> is equivalent to the following FF/Latch, which will be removed : <Dout2_3> 
WARNING:Xst:1710 - FF/Latch <Dout2_2> (without init value) has a constant value of 0 in block <XLXI_14>. This FF/Latch will be trimmed during the optimization process.
WARNING:Xst:2404 -  FFs/Latches <Dout2<3:2>> (without init value) have a constant value of 0 in block <bin2BCD3en>.

Synthesizing (advanced) Unit <sel_strobeB>.
INFO:Xst:3034 - In order to maximize performance and save block RAM resources, the small ROM <Mrom_sel_mux0001> will be implemented on LUT. If you want to force its implementation on block, use option/constraint rom_style.
Unit <sel_strobeB> synthesized (advanced).

=========================================================================
Advanced HDL Synthesis Report

Macro Statistics
# ROMs                                                 : 10
 16x4-bit ROM                                          : 7
 16x7-bit ROM                                          : 1
 4x2-bit ROM                                           : 1
 8x4-bit ROM                                           : 1
# Adders/Subtractors                                   : 9
 32-bit adder                                          : 9
# Counters                                             : 9
 32-bit up counter                                     : 9
# Registers                                            : 30
 Flip-Flops                                            : 30
# Comparators                                          : 9
 32-bit comparator greatequal                          : 6
 32-bit comparator greater                             : 3

=========================================================================

=========================================================================
*                         Low Level Synthesis                           *
=========================================================================
INFO:Xst:2261 - The FF/Latch <RBout_1> in Unit <bin2BCD3en> is equivalent to the following FF/Latch, which will be removed : <RBout_0> 
WARNING:Xst:1710 - FF/Latch <RBout_3> (without init value) has a constant value of 1 in block <bin2BCD3en>. This FF/Latch will be trimmed during the optimization process.
WARNING:Xst:1895 - Due to other FF/Latch trimming, FF/Latch <RBout_1> (without init value) has a constant value of 0 in block <bin2BCD3en>. This FF/Latch will be trimmed during the optimization process.
WARNING:Xst:1710 - FF/Latch <Dout0_3> (without init value) has a constant value of 0 in block <bin2BCD3en>. This FF/Latch will be trimmed during the optimization process.
WARNING:Xst:1895 - Due to other FF/Latch trimming, FF/Latch <Dout1_3> (without init value) has a constant value of 0 in block <bin2BCD3en>. This FF/Latch will be trimmed during the optimization process.
WARNING:Xst:1895 - Due to other FF/Latch trimming, FF/Latch <Dout1_2> (without init value) has a constant value of 0 in block <bin2BCD3en>. This FF/Latch will be trimmed during the optimization process.
WARNING:Xst:1895 - Due to other FF/Latch trimming, FF/Latch <Dout1_1> (without init value) has a constant value of 0 in block <bin2BCD3en>. This FF/Latch will be trimmed during the optimization process.
WARNING:Xst:1895 - Due to other FF/Latch trimming, FF/Latch <Dout1_0> (without init value) has a constant value of 0 in block <bin2BCD3en>. This FF/Latch will be trimmed during the optimization process.
WARNING:Xst:1895 - Due to other FF/Latch trimming, FF/Latch <Dout2_0> (without init value) has a constant value of 0 in block <bin2BCD3en>. This FF/Latch will be trimmed during the optimization process.
WARNING:Xst:1895 - Due to other FF/Latch trimming, FF/Latch <Dout2_1> (without init value) has a constant value of 0 in block <bin2BCD3en>. This FF/Latch will be trimmed during the optimization process.

Optimizing unit <Exp3ModCounter> ...

Optimizing unit <DCM_100M> ...

Optimizing unit <DCM_50M> ...

Optimizing unit <FJKC_MXILINX_Exp3ModCounter> ...

Optimizing unit <bin2BCD3en> ...
WARNING:Xst:2677 - Node <XLXI_7/cnt1M_31> of sequential type is unconnected in block <Exp3ModCounter>.
WARNING:Xst:2677 - Node <XLXI_7/cnt1M_30> of sequential type is unconnected in block <Exp3ModCounter>.
WARNING:Xst:2677 - Node <XLXI_7/cnt1M_29> of sequential type is unconnected in block <Exp3ModCounter>.
WARNING:Xst:2677 - Node <XLXI_7/cnt1M_28> of sequential type is unconnected in block <Exp3ModCounter>.
WARNING:Xst:2677 - Node <XLXI_7/cnt1M_27> of sequential type is unconnected in block <Exp3ModCounter>.
WARNING:Xst:2677 - Node <XLXI_7/cnt1M_26> of sequential type is unconnected in block <Exp3ModCounter>.
WARNING:Xst:2677 - Node <XLXI_7/cnt1M_25> of sequential type is unconnected in block <Exp3ModCounter>.
WARNING:Xst:2677 - Node <XLXI_7/cnt1M_24> of sequential type is unconnected in block <Exp3ModCounter>.
WARNING:Xst:2677 - Node <XLXI_7/cnt1M_23> of sequential type is unconnected in block <Exp3ModCounter>.
WARNING:Xst:2677 - Node <XLXI_7/cnt1M_22> of sequential type is unconnected in block <Exp3ModCounter>.
WARNING:Xst:2677 - Node <XLXI_7/cnt1M_21> of sequential type is unconnected in block <Exp3ModCounter>.
WARNING:Xst:2677 - Node <XLXI_7/cnt1M_20> of sequential type is unconnected in block <Exp3ModCounter>.
WARNING:Xst:2677 - Node <XLXI_7/cnt1M_19> of sequential type is unconnected in block <Exp3ModCounter>.
WARNING:Xst:2677 - Node <XLXI_7/cnt1M_18> of sequential type is unconnected in block <Exp3ModCounter>.
WARNING:Xst:2677 - Node <XLXI_7/cnt1M_17> of sequential type is unconnected in block <Exp3ModCounter>.
WARNING:Xst:2677 - Node <XLXI_7/cnt1M_16> of sequential type is unconnected in block <Exp3ModCounter>.
WARNING:Xst:2677 - Node <XLXI_7/cnt1M_15> of sequential type is unconnected in block <Exp3ModCounter>.
WARNING:Xst:2677 - Node <XLXI_7/cnt1M_14> of sequential type is unconnected in block <Exp3ModCounter>.
WARNING:Xst:2677 - Node <XLXI_7/cnt1M_13> of sequential type is unconnected in block <Exp3ModCounter>.
WARNING:Xst:2677 - Node <XLXI_7/cnt1M_12> of sequential type is unconnected in block <Exp3ModCounter>.
WARNING:Xst:2677 - Node <XLXI_7/cnt1M_11> of sequential type is unconnected in block <Exp3ModCounter>.
WARNING:Xst:2677 - Node <XLXI_7/cnt1M_10> of sequential type is unconnected in block <Exp3ModCounter>.
WARNING:Xst:2677 - Node <XLXI_7/cnt1M_9> of sequential type is unconnected in block <Exp3ModCounter>.
WARNING:Xst:2677 - Node <XLXI_7/cnt1M_8> of sequential type is unconnected in block <Exp3ModCounter>.
WARNING:Xst:2677 - Node <XLXI_7/cnt1M_7> of sequential type is unconnected in block <Exp3ModCounter>.
WARNING:Xst:2677 - Node <XLXI_7/cnt1M_6> of sequential type is unconnected in block <Exp3ModCounter>.
WARNING:Xst:2677 - Node <XLXI_7/cnt1M_5> of sequential type is unconnected in block <Exp3ModCounter>.
WARNING:Xst:2677 - Node <XLXI_7/cnt1M_4> of sequential type is unconnected in block <Exp3ModCounter>.
WARNING:Xst:2677 - Node <XLXI_7/cnt1M_3> of sequential type is unconnected in block <Exp3ModCounter>.
WARNING:Xst:2677 - Node <XLXI_7/cnt1M_2> of sequential type is unconnected in block <Exp3ModCounter>.
WARNING:Xst:2677 - Node <XLXI_7/cnt1M_1> of sequential type is unconnected in block <Exp3ModCounter>.
WARNING:Xst:2677 - Node <XLXI_7/cnt1M_0> of sequential type is unconnected in block <Exp3ModCounter>.
WARNING:Xst:2677 - Node <XLXI_7/cnt1k_31> of sequential type is unconnected in block <Exp3ModCounter>.
WARNING:Xst:2677 - Node <XLXI_7/cnt1k_30> of sequential type is unconnected in block <Exp3ModCounter>.
WARNING:Xst:2677 - Node <XLXI_7/cnt1k_29> of sequential type is unconnected in block <Exp3ModCounter>.
WARNING:Xst:2677 - Node <XLXI_7/cnt1k_28> of sequential type is unconnected in block <Exp3ModCounter>.
WARNING:Xst:2677 - Node <XLXI_7/cnt1k_27> of sequential type is unconnected in block <Exp3ModCounter>.
WARNING:Xst:2677 - Node <XLXI_7/cnt1k_26> of sequential type is unconnected in block <Exp3ModCounter>.
WARNING:Xst:2677 - Node <XLXI_7/cnt1k_25> of sequential type is unconnected in block <Exp3ModCounter>.
WARNING:Xst:2677 - Node <XLXI_7/cnt1k_24> of sequential type is unconnected in block <Exp3ModCounter>.
WARNING:Xst:2677 - Node <XLXI_7/cnt1k_23> of sequential type is unconnected in block <Exp3ModCounter>.
WARNING:Xst:2677 - Node <XLXI_7/cnt1k_22> of sequential type is unconnected in block <Exp3ModCounter>.
WARNING:Xst:2677 - Node <XLXI_7/cnt1k_21> of sequential type is unconnected in block <Exp3ModCounter>.
WARNING:Xst:2677 - Node <XLXI_7/cnt1k_20> of sequential type is unconnected in block <Exp3ModCounter>.
WARNING:Xst:2677 - Node <XLXI_7/cnt1k_19> of sequential type is unconnected in block <Exp3ModCounter>.
WARNING:Xst:2677 - Node <XLXI_7/cnt1k_18> of sequential type is unconnected in block <Exp3ModCounter>.
WARNING:Xst:2677 - Node <XLXI_7/cnt1k_17> of sequential type is unconnected in block <Exp3ModCounter>.
WARNING:Xst:2677 - Node <XLXI_7/cnt1k_16> of sequential type is unconnected in block <Exp3ModCounter>.
WARNING:Xst:2677 - Node <XLXI_7/cnt1k_15> of sequential type is unconnected in block <Exp3ModCounter>.
WARNING:Xst:2677 - Node <XLXI_7/cnt1k_14> of sequential type is unconnected in block <Exp3ModCounter>.
WARNING:Xst:2677 - Node <XLXI_7/cnt1k_13> of sequential type is unconnected in block <Exp3ModCounter>.
WARNING:Xst:2677 - Node <XLXI_7/cnt1k_12> of sequential type is unconnected in block <Exp3ModCounter>.
WARNING:Xst:2677 - Node <XLXI_7/cnt1k_11> of sequential type is unconnected in block <Exp3ModCounter>.
WARNING:Xst:2677 - Node <XLXI_7/cnt1k_10> of sequential type is unconnected in block <Exp3ModCounter>.
WARNING:Xst:2677 - Node <XLXI_7/cnt1k_9> of sequential type is unconnected in block <Exp3ModCounter>.
WARNING:Xst:2677 - Node <XLXI_7/cnt1k_8> of sequential type is unconnected in block <Exp3ModCounter>.
WARNING:Xst:2677 - Node <XLXI_7/cnt1k_7> of sequential type is unconnected in block <Exp3ModCounter>.
WARNING:Xst:2677 - Node <XLXI_7/cnt1k_6> of sequential type is unconnected in block <Exp3ModCounter>.
WARNING:Xst:2677 - Node <XLXI_7/cnt1k_5> of sequential type is unconnected in block <Exp3ModCounter>.
WARNING:Xst:2677 - Node <XLXI_7/cnt1k_4> of sequential type is unconnected in block <Exp3ModCounter>.
WARNING:Xst:2677 - Node <XLXI_7/cnt1k_3> of sequential type is unconnected in block <Exp3ModCounter>.
WARNING:Xst:2677 - Node <XLXI_7/cnt1k_2> of sequential type is unconnected in block <Exp3ModCounter>.
WARNING:Xst:2677 - Node <XLXI_7/cnt1k_1> of sequential type is unconnected in block <Exp3ModCounter>.
WARNING:Xst:2677 - Node <XLXI_7/cnt1k_0> of sequential type is unconnected in block <Exp3ModCounter>.
WARNING:Xst:2677 - Node <XLXI_7/cnt10k_31> of sequential type is unconnected in block <Exp3ModCounter>.
WARNING:Xst:2677 - Node <XLXI_7/cnt10k_30> of sequential type is unconnected in block <Exp3ModCounter>.
WARNING:Xst:2677 - Node <XLXI_7/cnt10k_29> of sequential type is unconnected in block <Exp3ModCounter>.
WARNING:Xst:2677 - Node <XLXI_7/cnt10k_28> of sequential type is unconnected in block <Exp3ModCounter>.
WARNING:Xst:2677 - Node <XLXI_7/cnt10k_27> of sequential type is unconnected in block <Exp3ModCounter>.
WARNING:Xst:2677 - Node <XLXI_7/cnt10k_26> of sequential type is unconnected in block <Exp3ModCounter>.
WARNING:Xst:2677 - Node <XLXI_7/cnt10k_25> of sequential type is unconnected in block <Exp3ModCounter>.
WARNING:Xst:2677 - Node <XLXI_7/cnt10k_24> of sequential type is unconnected in block <Exp3ModCounter>.
WARNING:Xst:2677 - Node <XLXI_7/cnt10k_23> of sequential type is unconnected in block <Exp3ModCounter>.
WARNING:Xst:2677 - Node <XLXI_7/cnt10k_22> of sequential type is unconnected in block <Exp3ModCounter>.
WARNING:Xst:2677 - Node <XLXI_7/cnt10k_21> of sequential type is unconnected in block <Exp3ModCounter>.
WARNING:Xst:2677 - Node <XLXI_7/cnt10k_20> of sequential type is unconnected in block <Exp3ModCounter>.
WARNING:Xst:2677 - Node <XLXI_7/cnt10k_19> of sequential type is unconnected in block <Exp3ModCounter>.
WARNING:Xst:2677 - Node <XLXI_7/cnt10k_18> of sequential type is unconnected in block <Exp3ModCounter>.
WARNING:Xst:2677 - Node <XLXI_7/cnt10k_17> of sequential type is unconnected in block <Exp3ModCounter>.
WARNING:Xst:2677 - Node <XLXI_7/cnt10k_16> of sequential type is unconnected in block <Exp3ModCounter>.
WARNING:Xst:2677 - Node <XLXI_7/cnt10k_15> of sequential type is unconnected in block <Exp3ModCounter>.
WARNING:Xst:2677 - Node <XLXI_7/cnt10k_14> of sequential type is unconnected in block <Exp3ModCounter>.
WARNING:Xst:2677 - Node <XLXI_7/cnt10k_13> of sequential type is unconnected in block <Exp3ModCounter>.
WARNING:Xst:2677 - Node <XLXI_7/cnt10k_12> of sequential type is unconnected in block <Exp3ModCounter>.
WARNING:Xst:2677 - Node <XLXI_7/cnt10k_11> of sequential type is unconnected in block <Exp3ModCounter>.
WARNING:Xst:2677 - Node <XLXI_7/cnt10k_10> of sequential type is unconnected in block <Exp3ModCounter>.
WARNING:Xst:2677 - Node <XLXI_7/cnt10k_9> of sequential type is unconnected in block <Exp3ModCounter>.
WARNING:Xst:2677 - Node <XLXI_7/cnt10k_8> of sequential type is unconnected in block <Exp3ModCounter>.
WARNING:Xst:2677 - Node <XLXI_7/cnt10k_7> of sequential type is unconnected in block <Exp3ModCounter>.
WARNING:Xst:2677 - Node <XLXI_7/cnt10k_6> of sequential type is unconnected in block <Exp3ModCounter>.
WARNING:Xst:2677 - Node <XLXI_7/cnt10k_5> of sequential type is unconnected in block <Exp3ModCounter>.
WARNING:Xst:2677 - Node <XLXI_7/cnt10k_4> of sequential type is unconnected in block <Exp3ModCounter>.
WARNING:Xst:2677 - Node <XLXI_7/cnt10k_3> of sequential type is unconnected in block <Exp3ModCounter>.
WARNING:Xst:2677 - Node <XLXI_7/cnt10k_2> of sequential type is unconnected in block <Exp3ModCounter>.
WARNING:Xst:2677 - Node <XLXI_7/cnt10k_1> of sequential type is unconnected in block <Exp3ModCounter>.
WARNING:Xst:2677 - Node <XLXI_7/cnt10k_0> of sequential type is unconnected in block <Exp3ModCounter>.
WARNING:Xst:2677 - Node <XLXI_7/cnt100_31> of sequential type is unconnected in block <Exp3ModCounter>.
WARNING:Xst:2677 - Node <XLXI_7/cnt100_30> of sequential type is unconnected in block <Exp3ModCounter>.
WARNING:Xst:2677 - Node <XLXI_7/cnt100_29> of sequential type is unconnected in block <Exp3ModCounter>.
WARNING:Xst:2677 - Node <XLXI_7/cnt100_28> of sequential type is unconnected in block <Exp3ModCounter>.
WARNING:Xst:2677 - Node <XLXI_7/cnt100_27> of sequential type is unconnected in block <Exp3ModCounter>.
WARNING:Xst:2677 - Node <XLXI_7/cnt100_26> of sequential type is unconnected in block <Exp3ModCounter>.
WARNING:Xst:2677 - Node <XLXI_7/cnt100_25> of sequential type is unconnected in block <Exp3ModCounter>.
WARNING:Xst:2677 - Node <XLXI_7/cnt100_24> of sequential type is unconnected in block <Exp3ModCounter>.
WARNING:Xst:2677 - Node <XLXI_7/cnt100_23> of sequential type is unconnected in block <Exp3ModCounter>.
WARNING:Xst:2677 - Node <XLXI_7/cnt100_22> of sequential type is unconnected in block <Exp3ModCounter>.
WARNING:Xst:2677 - Node <XLXI_7/cnt100_21> of sequential type is unconnected in block <Exp3ModCounter>.
WARNING:Xst:2677 - Node <XLXI_7/cnt100_20> of sequential type is unconnected in block <Exp3ModCounter>.
WARNING:Xst:2677 - Node <XLXI_7/cnt100_19> of sequential type is unconnected in block <Exp3ModCounter>.
WARNING:Xst:2677 - Node <XLXI_7/cnt100_18> of sequential type is unconnected in block <Exp3ModCounter>.
WARNING:Xst:2677 - Node <XLXI_7/cnt100_17> of sequential type is unconnected in block <Exp3ModCounter>.
WARNING:Xst:2677 - Node <XLXI_7/cnt100_16> of sequential type is unconnected in block <Exp3ModCounter>.
WARNING:Xst:2677 - Node <XLXI_7/cnt100_15> of sequential type is unconnected in block <Exp3ModCounter>.
WARNING:Xst:2677 - Node <XLXI_7/cnt100_14> of sequential type is unconnected in block <Exp3ModCounter>.
WARNING:Xst:2677 - Node <XLXI_7/cnt100_13> of sequential type is unconnected in block <Exp3ModCounter>.
WARNING:Xst:2677 - Node <XLXI_7/cnt100_12> of sequential type is unconnected in block <Exp3ModCounter>.
WARNING:Xst:2677 - Node <XLXI_7/cnt100_11> of sequential type is unconnected in block <Exp3ModCounter>.
WARNING:Xst:2677 - Node <XLXI_7/cnt100_10> of sequential type is unconnected in block <Exp3ModCounter>.
WARNING:Xst:2677 - Node <XLXI_7/cnt100_9> of sequential type is unconnected in block <Exp3ModCounter>.
WARNING:Xst:2677 - Node <XLXI_7/cnt100_8> of sequential type is unconnected in block <Exp3ModCounter>.
WARNING:Xst:2677 - Node <XLXI_7/cnt100_7> of sequential type is unconnected in block <Exp3ModCounter>.
WARNING:Xst:2677 - Node <XLXI_7/cnt100_6> of sequential type is unconnected in block <Exp3ModCounter>.
WARNING:Xst:2677 - Node <XLXI_7/cnt100_5> of sequential type is unconnected in block <Exp3ModCounter>.
WARNING:Xst:2677 - Node <XLXI_7/cnt100_4> of sequential type is unconnected in block <Exp3ModCounter>.
WARNING:Xst:2677 - Node <XLXI_7/cnt100_3> of sequential type is unconnected in block <Exp3ModCounter>.
WARNING:Xst:2677 - Node <XLXI_7/cnt100_2> of sequential type is unconnected in block <Exp3ModCounter>.
WARNING:Xst:2677 - Node <XLXI_7/cnt100_1> of sequential type is unconnected in block <Exp3ModCounter>.
WARNING:Xst:2677 - Node <XLXI_7/cnt100_0> of sequential type is unconnected in block <Exp3ModCounter>.
WARNING:Xst:2677 - Node <XLXI_7/clk_10k_0> of sequential type is unconnected in block <Exp3ModCounter>.
WARNING:Xst:2677 - Node <XLXI_7/clk_100_0> of sequential type is unconnected in block <Exp3ModCounter>.
WARNING:Xst:2677 - Node <XLXI_7/clk_1k_0> of sequential type is unconnected in block <Exp3ModCounter>.
WARNING:Xst:2677 - Node <XLXI_7/clk_1m_0> of sequential type is unconnected in block <Exp3ModCounter>.
WARNING:Xst:2677 - Node <XLXI_34/XLXI_12/cnt10k_31> of sequential type is unconnected in block <Exp3ModCounter>.
WARNING:Xst:2677 - Node <XLXI_34/XLXI_12/cnt10k_30> of sequential type is unconnected in block <Exp3ModCounter>.
WARNING:Xst:2677 - Node <XLXI_34/XLXI_12/cnt10k_29> of sequential type is unconnected in block <Exp3ModCounter>.
WARNING:Xst:2677 - Node <XLXI_34/XLXI_12/cnt10k_28> of sequential type is unconnected in block <Exp3ModCounter>.
WARNING:Xst:2677 - Node <XLXI_34/XLXI_12/cnt10k_27> of sequential type is unconnected in block <Exp3ModCounter>.
WARNING:Xst:2677 - Node <XLXI_34/XLXI_12/cnt10k_26> of sequential type is unconnected in block <Exp3ModCounter>.
WARNING:Xst:2677 - Node <XLXI_34/XLXI_12/cnt10k_25> of sequential type is unconnected in block <Exp3ModCounter>.
WARNING:Xst:2677 - Node <XLXI_34/XLXI_12/cnt10k_24> of sequential type is unconnected in block <Exp3ModCounter>.
WARNING:Xst:2677 - Node <XLXI_34/XLXI_12/cnt10k_23> of sequential type is unconnected in block <Exp3ModCounter>.
WARNING:Xst:2677 - Node <XLXI_34/XLXI_12/cnt10k_22> of sequential type is unconnected in block <Exp3ModCounter>.
WARNING:Xst:2677 - Node <XLXI_34/XLXI_12/cnt10k_21> of sequential type is unconnected in block <Exp3ModCounter>.
WARNING:Xst:2677 - Node <XLXI_34/XLXI_12/cnt10k_20> of sequential type is unconnected in block <Exp3ModCounter>.
WARNING:Xst:2677 - Node <XLXI_34/XLXI_12/cnt10k_19> of sequential type is unconnected in block <Exp3ModCounter>.
WARNING:Xst:2677 - Node <XLXI_34/XLXI_12/cnt10k_18> of sequential type is unconnected in block <Exp3ModCounter>.
WARNING:Xst:2677 - Node <XLXI_34/XLXI_12/cnt10k_17> of sequential type is unconnected in block <Exp3ModCounter>.
WARNING:Xst:2677 - Node <XLXI_34/XLXI_12/cnt10k_16> of sequential type is unconnected in block <Exp3ModCounter>.
WARNING:Xst:2677 - Node <XLXI_34/XLXI_12/cnt10k_15> of sequential type is unconnected in block <Exp3ModCounter>.
WARNING:Xst:2677 - Node <XLXI_34/XLXI_12/cnt10k_14> of sequential type is unconnected in block <Exp3ModCounter>.
WARNING:Xst:2677 - Node <XLXI_34/XLXI_12/cnt10k_13> of sequential type is unconnected in block <Exp3ModCounter>.
WARNING:Xst:2677 - Node <XLXI_34/XLXI_12/cnt10k_12> of sequential type is unconnected in block <Exp3ModCounter>.
WARNING:Xst:2677 - Node <XLXI_34/XLXI_12/cnt10k_11> of sequential type is unconnected in block <Exp3ModCounter>.
WARNING:Xst:2677 - Node <XLXI_34/XLXI_12/cnt10k_10> of sequential type is unconnected in block <Exp3ModCounter>.
WARNING:Xst:2677 - Node <XLXI_34/XLXI_12/cnt10k_9> of sequential type is unconnected in block <Exp3ModCounter>.
WARNING:Xst:2677 - Node <XLXI_34/XLXI_12/cnt10k_8> of sequential type is unconnected in block <Exp3ModCounter>.
WARNING:Xst:2677 - Node <XLXI_34/XLXI_12/cnt10k_7> of sequential type is unconnected in block <Exp3ModCounter>.
WARNING:Xst:2677 - Node <XLXI_34/XLXI_12/cnt10k_6> of sequential type is unconnected in block <Exp3ModCounter>.
WARNING:Xst:2677 - Node <XLXI_34/XLXI_12/cnt10k_5> of sequential type is unconnected in block <Exp3ModCounter>.
WARNING:Xst:2677 - Node <XLXI_34/XLXI_12/cnt10k_4> of sequential type is unconnected in block <Exp3ModCounter>.
WARNING:Xst:2677 - Node <XLXI_34/XLXI_12/cnt10k_3> of sequential type is unconnected in block <Exp3ModCounter>.
WARNING:Xst:2677 - Node <XLXI_34/XLXI_12/cnt10k_2> of sequential type is unconnected in block <Exp3ModCounter>.
WARNING:Xst:2677 - Node <XLXI_34/XLXI_12/cnt10k_1> of sequential type is unconnected in block <Exp3ModCounter>.
WARNING:Xst:2677 - Node <XLXI_34/XLXI_12/cnt10k_0> of sequential type is unconnected in block <Exp3ModCounter>.
WARNING:Xst:2677 - Node <XLXI_34/XLXI_12/cnt1_31> of sequential type is unconnected in block <Exp3ModCounter>.
WARNING:Xst:2677 - Node <XLXI_34/XLXI_12/cnt1_30> of sequential type is unconnected in block <Exp3ModCounter>.
WARNING:Xst:2677 - Node <XLXI_34/XLXI_12/cnt1_29> of sequential type is unconnected in block <Exp3ModCounter>.
WARNING:Xst:2677 - Node <XLXI_34/XLXI_12/cnt1_28> of sequential type is unconnected in block <Exp3ModCounter>.
WARNING:Xst:2677 - Node <XLXI_34/XLXI_12/cnt1_27> of sequential type is unconnected in block <Exp3ModCounter>.
WARNING:Xst:2677 - Node <XLXI_34/XLXI_12/cnt1_26> of sequential type is unconnected in block <Exp3ModCounter>.
WARNING:Xst:2677 - Node <XLXI_34/XLXI_12/cnt1_25> of sequential type is unconnected in block <Exp3ModCounter>.
WARNING:Xst:2677 - Node <XLXI_34/XLXI_12/cnt1_24> of sequential type is unconnected in block <Exp3ModCounter>.
WARNING:Xst:2677 - Node <XLXI_34/XLXI_12/cnt1_23> of sequential type is unconnected in block <Exp3ModCounter>.
WARNING:Xst:2677 - Node <XLXI_34/XLXI_12/cnt1_22> of sequential type is unconnected in block <Exp3ModCounter>.
WARNING:Xst:2677 - Node <XLXI_34/XLXI_12/cnt1_21> of sequential type is unconnected in block <Exp3ModCounter>.
WARNING:Xst:2677 - Node <XLXI_34/XLXI_12/cnt1_20> of sequential type is unconnected in block <Exp3ModCounter>.
WARNING:Xst:2677 - Node <XLXI_34/XLXI_12/cnt1_19> of sequential type is unconnected in block <Exp3ModCounter>.
WARNING:Xst:2677 - Node <XLXI_34/XLXI_12/cnt1_18> of sequential type is unconnected in block <Exp3ModCounter>.
WARNING:Xst:2677 - Node <XLXI_34/XLXI_12/cnt1_17> of sequential type is unconnected in block <Exp3ModCounter>.
WARNING:Xst:2677 - Node <XLXI_34/XLXI_12/cnt1_16> of sequential type is unconnected in block <Exp3ModCounter>.
WARNING:Xst:2677 - Node <XLXI_34/XLXI_12/cnt1_15> of sequential type is unconnected in block <Exp3ModCounter>.
WARNING:Xst:2677 - Node <XLXI_34/XLXI_12/cnt1_14> of sequential type is unconnected in block <Exp3ModCounter>.
WARNING:Xst:2677 - Node <XLXI_34/XLXI_12/cnt1_13> of sequential type is unconnected in block <Exp3ModCounter>.
WARNING:Xst:2677 - Node <XLXI_34/XLXI_12/cnt1_12> of sequential type is unconnected in block <Exp3ModCounter>.
WARNING:Xst:2677 - Node <XLXI_34/XLXI_12/cnt1_11> of sequential type is unconnected in block <Exp3ModCounter>.
WARNING:Xst:2677 - Node <XLXI_34/XLXI_12/cnt1_10> of sequential type is unconnected in block <Exp3ModCounter>.
WARNING:Xst:2677 - Node <XLXI_34/XLXI_12/cnt1_9> of sequential type is unconnected in block <Exp3ModCounter>.
WARNING:Xst:2677 - Node <XLXI_34/XLXI_12/cnt1_8> of sequential type is unconnected in block <Exp3ModCounter>.
WARNING:Xst:2677 - Node <XLXI_34/XLXI_12/cnt1_7> of sequential type is unconnected in block <Exp3ModCounter>.
WARNING:Xst:2677 - Node <XLXI_34/XLXI_12/cnt1_6> of sequential type is unconnected in block <Exp3ModCounter>.
WARNING:Xst:2677 - Node <XLXI_34/XLXI_12/cnt1_5> of sequential type is unconnected in block <Exp3ModCounter>.
WARNING:Xst:2677 - Node <XLXI_34/XLXI_12/cnt1_4> of sequential type is unconnected in block <Exp3ModCounter>.
WARNING:Xst:2677 - Node <XLXI_34/XLXI_12/cnt1_3> of sequential type is unconnected in block <Exp3ModCounter>.
WARNING:Xst:2677 - Node <XLXI_34/XLXI_12/cnt1_2> of sequential type is unconnected in block <Exp3ModCounter>.
WARNING:Xst:2677 - Node <XLXI_34/XLXI_12/cnt1_1> of sequential type is unconnected in block <Exp3ModCounter>.
WARNING:Xst:2677 - Node <XLXI_34/XLXI_12/cnt1_0> of sequential type is unconnected in block <Exp3ModCounter>.
WARNING:Xst:2677 - Node <XLXI_34/XLXI_12/clk_1> of sequential type is unconnected in block <Exp3ModCounter>.
WARNING:Xst:2677 - Node <XLXI_34/XLXI_12/clk_10k> of sequential type is unconnected in block <Exp3ModCounter>.
WARNING:Xst:2677 - Node <XLXI_34/XLXI_14/RBout_2> of sequential type is unconnected in block <Exp3ModCounter>.

Mapping all equations...
Building and optimizing final netlist ...
Found area constraint ratio of 100 (+ 5) on block Exp3ModCounter, actual ratio is 14.

Final Macro Processing ...

=========================================================================
Final Register Report

Macro Statistics
# Registers                                            : 109
 Flip-Flops                                            : 109

=========================================================================

=========================================================================
*                           Partition Report                            *
=========================================================================

Partition Implementation Status
-------------------------------

  No Partitions were found in this design.

-------------------------------

=========================================================================
*                            Final Report                               *
=========================================================================
Final Results
RTL Top Level Output File Name     : Exp3ModCounter.ngr
Top Level Output File Name         : Exp3ModCounter
Output Format                      : NGC
Optimization Goal                  : Speed
Keep Hierarchy                     : No

Design Statistics
# IOs                              : 23

Cell Usage :
# BELS                             : 683
#      AND2                        : 2
#      AND2B1                      : 3
#      AND3B1                      : 3
#      AND3B2                      : 3
#      GND                         : 1
#      INV                         : 17
#      LUT1                        : 100
#      LUT2                        : 48
#      LUT3                        : 75
#      LUT4                        : 19
#      MUXCY                       : 222
#      OR3                         : 3
#      VCC                         : 1
#      XORCY                       : 186
# FlipFlops/Latches                : 109
#      FD                          : 3
#      FDC                         : 3
#      FDCP                        : 3
#      FDE                         : 99
#      FDR                         : 1
# Clock Buffers                    : 2
#      BUFG                        : 1
#      BUFGP                       : 1
# IO Buffers                       : 21
#      IBUF                        : 1
#      OBUF                        : 20
# Others                           : 4
#      PULLDOWN                    : 2
#      PULLUP                      : 2
=========================================================================

Device utilization summary:
---------------------------

Selected Device : 3s100ecp132-4 

 Number of Slices:                      132  out of    960    13%  
 Number of Slice Flip Flops:            109  out of   1920     5%  
 Number of 4 input LUTs:                259  out of   1920    13%  
 Number of IOs:                          23
 Number of bonded IOBs:                  22  out of     83    26%  
 Number of GCLKs:                         2  out of     24     8%  

---------------------------
Partition Resource Summary:
---------------------------

  No Partitions were found in this design.

---------------------------


=========================================================================
TIMING REPORT

NOTE: THESE TIMING NUMBERS ARE ONLY A SYNTHESIS ESTIMATE.
      FOR ACCURATE TIMING INFORMATION PLEASE REFER TO THE TRACE REPORT
      GENERATED AFTER PLACE-and-ROUTE.

Clock Information:
------------------
-----------------------------------+-----------------------------+-------+
Clock Signal                       | Clock buffer(FF name)       | Load  |
-----------------------------------+-----------------------------+-------+
XLXI_34/XLXI_12/clk_1k             | NONE(XLXI_34/XLXI_13/selx_1)| 7     |
Clk                                | BUFGP                       | 66    |
XLXI_34/XLXI_12/clk_1m1            | BUFG                        | 33    |
XLXI_7/clk_1_0                     | NONE(XLXI_9/I_36_32)        | 3     |
-----------------------------------+-----------------------------+-------+
INFO:Xst:2169 - HDL ADVISOR - Some clock signals were not automatically buffered by XST with BUFG/BUFR resources. Please use the buffer_type constraint in order to insert these buffers to the clock signals to help prevent skew problems.

Asynchronous Control Signals Information:
----------------------------------------
-------------------------------------------------------------------+------------------------------+-------+
Control Signal                                                     | Buffer(FF name)              | Load  |
-------------------------------------------------------------------+------------------------------+-------+
XLXN_1(XLXI_47:O)                                                  | NONE(XLXI_1/I_36_32)         | 3     |
XLXI_34/XLXI_14/Dout0_0_and0000(XLXI_34/XLXI_14/Dout0_0_and00001:O)| NONE(XLXI_34/XLXI_14/Dout0_0)| 1     |
XLXI_34/XLXI_14/Dout0_0_and0001(XLXI_34/XLXI_14/Dout0_0_and00011:O)| NONE(XLXI_34/XLXI_14/Dout0_0)| 1     |
XLXI_34/XLXI_14/Dout0_1_and0000(XLXI_34/XLXI_14/Dout0_1_and00001:O)| NONE(XLXI_34/XLXI_14/Dout0_1)| 1     |
XLXI_34/XLXI_14/Dout0_1_and0001(XLXI_34/XLXI_14/Dout0_1_and00011:O)| NONE(XLXI_34/XLXI_14/Dout0_1)| 1     |
XLXI_34/XLXI_14/Dout0_2_and0000(XLXI_34/XLXI_14/Dout0_2_and00001:O)| NONE(XLXI_34/XLXI_14/Dout0_2)| 1     |
XLXI_34/XLXI_14/Dout0_2_and0001(XLXI_34/XLXI_14/Dout0_2_and00011:O)| NONE(XLXI_34/XLXI_14/Dout0_2)| 1     |
-------------------------------------------------------------------+------------------------------+-------+

Timing Summary:
---------------
Speed Grade: -4

   Minimum period: 12.348ns (Maximum Frequency: 80.986MHz)
   Minimum input arrival time before clock: No path found
   Maximum output required time after clock: 7.410ns
   Maximum combinational path delay: No path found

Timing Detail:
--------------
All values displayed in nanoseconds (ns)

=========================================================================
Timing constraint: Default period analysis for Clock 'XLXI_34/XLXI_12/clk_1k'
  Clock period: 2.225ns (frequency: 449.438MHz)
  Total number of paths / destination ports: 5 / 4
-------------------------------------------------------------------------
Delay:               2.225ns (Levels of Logic = 1)
  Source:            XLXI_34/XLXI_13/selx_1 (FF)
  Destination:       XLXI_34/XLXI_13/sel_0 (FF)
  Source Clock:      XLXI_34/XLXI_12/clk_1k rising
  Destination Clock: XLXI_34/XLXI_12/clk_1k rising

  Data Path: XLXI_34/XLXI_13/selx_1 to XLXI_34/XLXI_13/sel_0
                                Gate     Net
    Cell:in->out      fanout   Delay   Delay  Logical Name (Net Name)
    ----------------------------------------  ------------
     FD:C->Q               2   0.591   0.622  XLXI_34/XLXI_13/selx_1 (XLXI_34/XLXI_13/selx_1)
     LUT2:I0->O            1   0.704   0.000  XLXI_34/XLXI_13/Mrom_sel_mux0001111 (XLXI_34/XLXI_13/Mrom_sel_mux00011)
     FD:D                      0.308          XLXI_34/XLXI_13/sel_0
    ----------------------------------------
    Total                      2.225ns (1.603ns logic, 0.622ns route)
                                       (72.0% logic, 28.0% route)

=========================================================================
Timing constraint: Default period analysis for Clock 'Clk'
  Clock period: 12.348ns (frequency: 80.986MHz)
  Total number of paths / destination ports: 581693 / 68
-------------------------------------------------------------------------
Delay:               12.348ns (Levels of Logic = 66)
  Source:            XLXI_7/cnt1_1 (FF)
  Destination:       XLXI_7/cnt1_31 (FF)
  Source Clock:      Clk rising
  Destination Clock: Clk rising

  Data Path: XLXI_7/cnt1_1 to XLXI_7/cnt1_31
                                Gate     Net
    Cell:in->out      fanout   Delay   Delay  Logical Name (Net Name)
    ----------------------------------------  ------------
     FDE:C->Q              2   0.591   0.622  XLXI_7/cnt1_1 (XLXI_7/cnt1_1)
     LUT1:I0->O            1   0.704   0.000  XLXI_7/Madd_clk_1_0_add0000_cy<1>_rt (XLXI_7/Madd_clk_1_0_add0000_cy<1>_rt)
     MUXCY:S->O            1   0.464   0.000  XLXI_7/Madd_clk_1_0_add0000_cy<1> (XLXI_7/Madd_clk_1_0_add0000_cy<1>)
     MUXCY:CI->O           1   0.059   0.000  XLXI_7/Madd_clk_1_0_add0000_cy<2> (XLXI_7/Madd_clk_1_0_add0000_cy<2>)
     MUXCY:CI->O           1   0.059   0.000  XLXI_7/Madd_clk_1_0_add0000_cy<3> (XLXI_7/Madd_clk_1_0_add0000_cy<3>)
     MUXCY:CI->O           1   0.059   0.000  XLXI_7/Madd_clk_1_0_add0000_cy<4> (XLXI_7/Madd_clk_1_0_add0000_cy<4>)
     MUXCY:CI->O           1   0.059   0.000  XLXI_7/Madd_clk_1_0_add0000_cy<5> (XLXI_7/Madd_clk_1_0_add0000_cy<5>)
     MUXCY:CI->O           1   0.059   0.000  XLXI_7/Madd_clk_1_0_add0000_cy<6> (XLXI_7/Madd_clk_1_0_add0000_cy<6>)
     MUXCY:CI->O           1   0.059   0.000  XLXI_7/Madd_clk_1_0_add0000_cy<7> (XLXI_7/Madd_clk_1_0_add0000_cy<7>)
     MUXCY:CI->O           1   0.059   0.000  XLXI_7/Madd_clk_1_0_add0000_cy<8> (XLXI_7/Madd_clk_1_0_add0000_cy<8>)
     MUXCY:CI->O           1   0.059   0.000  XLXI_7/Madd_clk_1_0_add0000_cy<9> (XLXI_7/Madd_clk_1_0_add0000_cy<9>)
     MUXCY:CI->O           1   0.059   0.000  XLXI_7/Madd_clk_1_0_add0000_cy<10> (XLXI_7/Madd_clk_1_0_add0000_cy<10>)
     MUXCY:CI->O           1   0.059   0.000  XLXI_7/Madd_clk_1_0_add0000_cy<11> (XLXI_7/Madd_clk_1_0_add0000_cy<11>)
     MUXCY:CI->O           1   0.059   0.000  XLXI_7/Madd_clk_1_0_add0000_cy<12> (XLXI_7/Madd_clk_1_0_add0000_cy<12>)
     MUXCY:CI->O           1   0.059   0.000  XLXI_7/Madd_clk_1_0_add0000_cy<13> (XLXI_7/Madd_clk_1_0_add0000_cy<13>)
     MUXCY:CI->O           1   0.059   0.000  XLXI_7/Madd_clk_1_0_add0000_cy<14> (XLXI_7/Madd_clk_1_0_add0000_cy<14>)
     MUXCY:CI->O           1   0.059   0.000  XLXI_7/Madd_clk_1_0_add0000_cy<15> (XLXI_7/Madd_clk_1_0_add0000_cy<15>)
     MUXCY:CI->O           1   0.059   0.000  XLXI_7/Madd_clk_1_0_add0000_cy<16> (XLXI_7/Madd_clk_1_0_add0000_cy<16>)
     MUXCY:CI->O           1   0.059   0.000  XLXI_7/Madd_clk_1_0_add0000_cy<17> (XLXI_7/Madd_clk_1_0_add0000_cy<17>)
     MUXCY:CI->O           1   0.059   0.000  XLXI_7/Madd_clk_1_0_add0000_cy<18> (XLXI_7/Madd_clk_1_0_add0000_cy<18>)
     MUXCY:CI->O           1   0.059   0.000  XLXI_7/Madd_clk_1_0_add0000_cy<19> (XLXI_7/Madd_clk_1_0_add0000_cy<19>)
     MUXCY:CI->O           1   0.059   0.000  XLXI_7/Madd_clk_1_0_add0000_cy<20> (XLXI_7/Madd_clk_1_0_add0000_cy<20>)
     MUXCY:CI->O           1   0.059   0.000  XLXI_7/Madd_clk_1_0_add0000_cy<21> (XLXI_7/Madd_clk_1_0_add0000_cy<21>)
     MUXCY:CI->O           1   0.059   0.000  XLXI_7/Madd_clk_1_0_add0000_cy<22> (XLXI_7/Madd_clk_1_0_add0000_cy<22>)
     MUXCY:CI->O           1   0.059   0.000  XLXI_7/Madd_clk_1_0_add0000_cy<23> (XLXI_7/Madd_clk_1_0_add0000_cy<23>)
     MUXCY:CI->O           1   0.059   0.000  XLXI_7/Madd_clk_1_0_add0000_cy<24> (XLXI_7/Madd_clk_1_0_add0000_cy<24>)
     MUXCY:CI->O           1   0.059   0.000  XLXI_7/Madd_clk_1_0_add0000_cy<25> (XLXI_7/Madd_clk_1_0_add0000_cy<25>)
     MUXCY:CI->O           1   0.059   0.000  XLXI_7/Madd_clk_1_0_add0000_cy<26> (XLXI_7/Madd_clk_1_0_add0000_cy<26>)
     MUXCY:CI->O           1   0.059   0.000  XLXI_7/Madd_clk_1_0_add0000_cy<27> (XLXI_7/Madd_clk_1_0_add0000_cy<27>)
     MUXCY:CI->O           1   0.059   0.000  XLXI_7/Madd_clk_1_0_add0000_cy<28> (XLXI_7/Madd_clk_1_0_add0000_cy<28>)
     XORCY:CI->O           1   0.804   0.595  XLXI_7/Madd_clk_1_0_add0000_xor<29> (XLXI_7/clk_1_0_add0000<29>)
     LUT2:I0->O            1   0.704   0.000  XLXI_7/Mcompar_cnt1_cmp_ge0000_lut<11> (XLXI_7/Mcompar_cnt1_cmp_ge0000_lut<11>)
     MUXCY:S->O            1   0.464   0.000  XLXI_7/Mcompar_cnt1_cmp_ge0000_cy<11> (XLXI_7/Mcompar_cnt1_cmp_ge0000_cy<11>)
     MUXCY:CI->O          34   0.459   1.298  XLXI_7/Mcompar_cnt1_cmp_ge0000_cy<12> (XLXI_7/cnt1_cmp_ge0000)
     LUT3:I2->O            1   0.704   0.000  XLXI_7/Mcount_cnt1_lut<0> (XLXI_7/Mcount_cnt1_lut<0>)
     MUXCY:S->O            1   0.464   0.000  XLXI_7/Mcount_cnt1_cy<0> (XLXI_7/Mcount_cnt1_cy<0>)
     MUXCY:CI->O           1   0.059   0.000  XLXI_7/Mcount_cnt1_cy<1> (XLXI_7/Mcount_cnt1_cy<1>)
     MUXCY:CI->O           1   0.059   0.000  XLXI_7/Mcount_cnt1_cy<2> (XLXI_7/Mcount_cnt1_cy<2>)
     MUXCY:CI->O           1   0.059   0.000  XLXI_7/Mcount_cnt1_cy<3> (XLXI_7/Mcount_cnt1_cy<3>)
     MUXCY:CI->O           1   0.059   0.000  XLXI_7/Mcount_cnt1_cy<4> (XLXI_7/Mcount_cnt1_cy<4>)
     MUXCY:CI->O           1   0.059   0.000  XLXI_7/Mcount_cnt1_cy<5> (XLXI_7/Mcount_cnt1_cy<5>)
     MUXCY:CI->O           1   0.059   0.000  XLXI_7/Mcount_cnt1_cy<6> (XLXI_7/Mcount_cnt1_cy<6>)
     MUXCY:CI->O           1   0.059   0.000  XLXI_7/Mcount_cnt1_cy<7> (XLXI_7/Mcount_cnt1_cy<7>)
     MUXCY:CI->O           1   0.059   0.000  XLXI_7/Mcount_cnt1_cy<8> (XLXI_7/Mcount_cnt1_cy<8>)
     MUXCY:CI->O           1   0.059   0.000  XLXI_7/Mcount_cnt1_cy<9> (XLXI_7/Mcount_cnt1_cy<9>)
     MUXCY:CI->O           1   0.059   0.000  XLXI_7/Mcount_cnt1_cy<10> (XLXI_7/Mcount_cnt1_cy<10>)
     MUXCY:CI->O           1   0.059   0.000  XLXI_7/Mcount_cnt1_cy<11> (XLXI_7/Mcount_cnt1_cy<11>)
     MUXCY:CI->O           1   0.059   0.000  XLXI_7/Mcount_cnt1_cy<12> (XLXI_7/Mcount_cnt1_cy<12>)
     MUXCY:CI->O           1   0.059   0.000  XLXI_7/Mcount_cnt1_cy<13> (XLXI_7/Mcount_cnt1_cy<13>)
     MUXCY:CI->O           1   0.059   0.000  XLXI_7/Mcount_cnt1_cy<14> (XLXI_7/Mcount_cnt1_cy<14>)
     MUXCY:CI->O           1   0.059   0.000  XLXI_7/Mcount_cnt1_cy<15> (XLXI_7/Mcount_cnt1_cy<15>)
     MUXCY:CI->O           1   0.059   0.000  XLXI_7/Mcount_cnt1_cy<16> (XLXI_7/Mcount_cnt1_cy<16>)
     MUXCY:CI->O           1   0.059   0.000  XLXI_7/Mcount_cnt1_cy<17> (XLXI_7/Mcount_cnt1_cy<17>)
     MUXCY:CI->O           1   0.059   0.000  XLXI_7/Mcount_cnt1_cy<18> (XLXI_7/Mcount_cnt1_cy<18>)
     MUXCY:CI->O           1   0.059   0.000  XLXI_7/Mcount_cnt1_cy<19> (XLXI_7/Mcount_cnt1_cy<19>)
     MUXCY:CI->O           1   0.059   0.000  XLXI_7/Mcount_cnt1_cy<20> (XLXI_7/Mcount_cnt1_cy<20>)
     MUXCY:CI->O           1   0.059   0.000  XLXI_7/Mcount_cnt1_cy<21> (XLXI_7/Mcount_cnt1_cy<21>)
     MUXCY:CI->O           1   0.059   0.000  XLXI_7/Mcount_cnt1_cy<22> (XLXI_7/Mcount_cnt1_cy<22>)
     MUXCY:CI->O           1   0.059   0.000  XLXI_7/Mcount_cnt1_cy<23> (XLXI_7/Mcount_cnt1_cy<23>)
     MUXCY:CI->O           1   0.059   0.000  XLXI_7/Mcount_cnt1_cy<24> (XLXI_7/Mcount_cnt1_cy<24>)
     MUXCY:CI->O           1   0.059   0.000  XLXI_7/Mcount_cnt1_cy<25> (XLXI_7/Mcount_cnt1_cy<25>)
     MUXCY:CI->O           1   0.059   0.000  XLXI_7/Mcount_cnt1_cy<26> (XLXI_7/Mcount_cnt1_cy<26>)
     MUXCY:CI->O           1   0.059   0.000  XLXI_7/Mcount_cnt1_cy<27> (XLXI_7/Mcount_cnt1_cy<27>)
     MUXCY:CI->O           1   0.059   0.000  XLXI_7/Mcount_cnt1_cy<28> (XLXI_7/Mcount_cnt1_cy<28>)
     MUXCY:CI->O           1   0.059   0.000  XLXI_7/Mcount_cnt1_cy<29> (XLXI_7/Mcount_cnt1_cy<29>)
     MUXCY:CI->O           0   0.059   0.000  XLXI_7/Mcount_cnt1_cy<30> (XLXI_7/Mcount_cnt1_cy<30>)
     XORCY:CI->O           1   0.804   0.000  XLXI_7/Mcount_cnt1_xor<31> (XLXI_7/Mcount_cnt131)
     FDE:D                     0.308          XLXI_7/cnt1_31
    ----------------------------------------
    Total                     12.348ns (9.833ns logic, 2.515ns route)
                                       (79.6% logic, 20.4% route)

=========================================================================
Timing constraint: Default period analysis for Clock 'XLXI_34/XLXI_12/clk_1m1'
  Clock period: 11.992ns (frequency: 83.390MHz)
  Total number of paths / destination ports: 314689 / 34
-------------------------------------------------------------------------
Delay:               11.992ns (Levels of Logic = 66)
  Source:            XLXI_34/XLXI_12/cnt1k_1 (FF)
  Destination:       XLXI_34/XLXI_12/cnt1k_31 (FF)
  Source Clock:      XLXI_34/XLXI_12/clk_1m1 rising
  Destination Clock: XLXI_34/XLXI_12/clk_1m1 rising

  Data Path: XLXI_34/XLXI_12/cnt1k_1 to XLXI_34/XLXI_12/cnt1k_31
                                Gate     Net
    Cell:in->out      fanout   Delay   Delay  Logical Name (Net Name)
    ----------------------------------------  ------------
     FDE:C->Q              2   0.591   0.622  XLXI_34/XLXI_12/cnt1k_1 (XLXI_34/XLXI_12/cnt1k_1)
     LUT1:I0->O            1   0.704   0.000  XLXI_34/XLXI_12/Madd_clk_1k_add0000_cy<1>_rt (XLXI_34/XLXI_12/Madd_clk_1k_add0000_cy<1>_rt)
     MUXCY:S->O            1   0.464   0.000  XLXI_34/XLXI_12/Madd_clk_1k_add0000_cy<1> (XLXI_34/XLXI_12/Madd_clk_1k_add0000_cy<1>)
     MUXCY:CI->O           1   0.059   0.000  XLXI_34/XLXI_12/Madd_clk_1k_add0000_cy<2> (XLXI_34/XLXI_12/Madd_clk_1k_add0000_cy<2>)
     MUXCY:CI->O           1   0.059   0.000  XLXI_34/XLXI_12/Madd_clk_1k_add0000_cy<3> (XLXI_34/XLXI_12/Madd_clk_1k_add0000_cy<3>)
     MUXCY:CI->O           1   0.059   0.000  XLXI_34/XLXI_12/Madd_clk_1k_add0000_cy<4> (XLXI_34/XLXI_12/Madd_clk_1k_add0000_cy<4>)
     MUXCY:CI->O           1   0.059   0.000  XLXI_34/XLXI_12/Madd_clk_1k_add0000_cy<5> (XLXI_34/XLXI_12/Madd_clk_1k_add0000_cy<5>)
     MUXCY:CI->O           1   0.059   0.000  XLXI_34/XLXI_12/Madd_clk_1k_add0000_cy<6> (XLXI_34/XLXI_12/Madd_clk_1k_add0000_cy<6>)
     MUXCY:CI->O           1   0.059   0.000  XLXI_34/XLXI_12/Madd_clk_1k_add0000_cy<7> (XLXI_34/XLXI_12/Madd_clk_1k_add0000_cy<7>)
     MUXCY:CI->O           1   0.059   0.000  XLXI_34/XLXI_12/Madd_clk_1k_add0000_cy<8> (XLXI_34/XLXI_12/Madd_clk_1k_add0000_cy<8>)
     MUXCY:CI->O           1   0.059   0.000  XLXI_34/XLXI_12/Madd_clk_1k_add0000_cy<9> (XLXI_34/XLXI_12/Madd_clk_1k_add0000_cy<9>)
     MUXCY:CI->O           1   0.059   0.000  XLXI_34/XLXI_12/Madd_clk_1k_add0000_cy<10> (XLXI_34/XLXI_12/Madd_clk_1k_add0000_cy<10>)
     MUXCY:CI->O           1   0.059   0.000  XLXI_34/XLXI_12/Madd_clk_1k_add0000_cy<11> (XLXI_34/XLXI_12/Madd_clk_1k_add0000_cy<11>)
     MUXCY:CI->O           1   0.059   0.000  XLXI_34/XLXI_12/Madd_clk_1k_add0000_cy<12> (XLXI_34/XLXI_12/Madd_clk_1k_add0000_cy<12>)
     MUXCY:CI->O           1   0.059   0.000  XLXI_34/XLXI_12/Madd_clk_1k_add0000_cy<13> (XLXI_34/XLXI_12/Madd_clk_1k_add0000_cy<13>)
     MUXCY:CI->O           1   0.059   0.000  XLXI_34/XLXI_12/Madd_clk_1k_add0000_cy<14> (XLXI_34/XLXI_12/Madd_clk_1k_add0000_cy<14>)
     MUXCY:CI->O           1   0.059   0.000  XLXI_34/XLXI_12/Madd_clk_1k_add0000_cy<15> (XLXI_34/XLXI_12/Madd_clk_1k_add0000_cy<15>)
     MUXCY:CI->O           1   0.059   0.000  XLXI_34/XLXI_12/Madd_clk_1k_add0000_cy<16> (XLXI_34/XLXI_12/Madd_clk_1k_add0000_cy<16>)
     MUXCY:CI->O           1   0.059   0.000  XLXI_34/XLXI_12/Madd_clk_1k_add0000_cy<17> (XLXI_34/XLXI_12/Madd_clk_1k_add0000_cy<17>)
     MUXCY:CI->O           1   0.059   0.000  XLXI_34/XLXI_12/Madd_clk_1k_add0000_cy<18> (XLXI_34/XLXI_12/Madd_clk_1k_add0000_cy<18>)
     MUXCY:CI->O           1   0.059   0.000  XLXI_34/XLXI_12/Madd_clk_1k_add0000_cy<19> (XLXI_34/XLXI_12/Madd_clk_1k_add0000_cy<19>)
     MUXCY:CI->O           1   0.059   0.000  XLXI_34/XLXI_12/Madd_clk_1k_add0000_cy<20> (XLXI_34/XLXI_12/Madd_clk_1k_add0000_cy<20>)
     MUXCY:CI->O           1   0.059   0.000  XLXI_34/XLXI_12/Madd_clk_1k_add0000_cy<21> (XLXI_34/XLXI_12/Madd_clk_1k_add0000_cy<21>)
     MUXCY:CI->O           1   0.059   0.000  XLXI_34/XLXI_12/Madd_clk_1k_add0000_cy<22> (XLXI_34/XLXI_12/Madd_clk_1k_add0000_cy<22>)
     MUXCY:CI->O           1   0.059   0.000  XLXI_34/XLXI_12/Madd_clk_1k_add0000_cy<23> (XLXI_34/XLXI_12/Madd_clk_1k_add0000_cy<23>)
     MUXCY:CI->O           1   0.059   0.000  XLXI_34/XLXI_12/Madd_clk_1k_add0000_cy<24> (XLXI_34/XLXI_12/Madd_clk_1k_add0000_cy<24>)
     MUXCY:CI->O           1   0.059   0.000  XLXI_34/XLXI_12/Madd_clk_1k_add0000_cy<25> (XLXI_34/XLXI_12/Madd_clk_1k_add0000_cy<25>)
     MUXCY:CI->O           1   0.059   0.000  XLXI_34/XLXI_12/Madd_clk_1k_add0000_cy<26> (XLXI_34/XLXI_12/Madd_clk_1k_add0000_cy<26>)
     MUXCY:CI->O           1   0.059   0.000  XLXI_34/XLXI_12/Madd_clk_1k_add0000_cy<27> (XLXI_34/XLXI_12/Madd_clk_1k_add0000_cy<27>)
     MUXCY:CI->O           1   0.059   0.000  XLXI_34/XLXI_12/Madd_clk_1k_add0000_cy<28> (XLXI_34/XLXI_12/Madd_clk_1k_add0000_cy<28>)
     XORCY:CI->O           1   0.804   0.595  XLXI_34/XLXI_12/Madd_clk_1k_add0000_xor<29> (XLXI_34/XLXI_12/clk_1k_add0000<29>)
     LUT2:I0->O            1   0.704   0.000  XLXI_34/XLXI_12/Mcompar_cnt1k_cmp_gt0000_lut<10> (XLXI_34/XLXI_12/Mcompar_cnt1k_cmp_gt0000_lut<10>)
     MUXCY:S->O            1   0.464   0.000  XLXI_34/XLXI_12/Mcompar_cnt1k_cmp_gt0000_cy<10> (XLXI_34/XLXI_12/Mcompar_cnt1k_cmp_gt0000_cy<10>)
     MUXCY:CI->O          34   0.059   1.342  XLXI_34/XLXI_12/Mcompar_cnt1k_cmp_gt0000_cy<11> (XLXI_34/XLXI_12/Mcompar_cnt1k_cmp_gt0000_cy<11>)
     LUT2:I1->O            1   0.704   0.000  XLXI_34/XLXI_12/Mcount_cnt1k_lut<0> (XLXI_34/XLXI_12/Mcount_cnt1k_lut<0>)
     MUXCY:S->O            1   0.464   0.000  XLXI_34/XLXI_12/Mcount_cnt1k_cy<0> (XLXI_34/XLXI_12/Mcount_cnt1k_cy<0>)
     MUXCY:CI->O           1   0.059   0.000  XLXI_34/XLXI_12/Mcount_cnt1k_cy<1> (XLXI_34/XLXI_12/Mcount_cnt1k_cy<1>)
     MUXCY:CI->O           1   0.059   0.000  XLXI_34/XLXI_12/Mcount_cnt1k_cy<2> (XLXI_34/XLXI_12/Mcount_cnt1k_cy<2>)
     MUXCY:CI->O           1   0.059   0.000  XLXI_34/XLXI_12/Mcount_cnt1k_cy<3> (XLXI_34/XLXI_12/Mcount_cnt1k_cy<3>)
     MUXCY:CI->O           1   0.059   0.000  XLXI_34/XLXI_12/Mcount_cnt1k_cy<4> (XLXI_34/XLXI_12/Mcount_cnt1k_cy<4>)
     MUXCY:CI->O           1   0.059   0.000  XLXI_34/XLXI_12/Mcount_cnt1k_cy<5> (XLXI_34/XLXI_12/Mcount_cnt1k_cy<5>)
     MUXCY:CI->O           1   0.059   0.000  XLXI_34/XLXI_12/Mcount_cnt1k_cy<6> (XLXI_34/XLXI_12/Mcount_cnt1k_cy<6>)
     MUXCY:CI->O           1   0.059   0.000  XLXI_34/XLXI_12/Mcount_cnt1k_cy<7> (XLXI_34/XLXI_12/Mcount_cnt1k_cy<7>)
     MUXCY:CI->O           1   0.059   0.000  XLXI_34/XLXI_12/Mcount_cnt1k_cy<8> (XLXI_34/XLXI_12/Mcount_cnt1k_cy<8>)
     MUXCY:CI->O           1   0.059   0.000  XLXI_34/XLXI_12/Mcount_cnt1k_cy<9> (XLXI_34/XLXI_12/Mcount_cnt1k_cy<9>)
     MUXCY:CI->O           1   0.059   0.000  XLXI_34/XLXI_12/Mcount_cnt1k_cy<10> (XLXI_34/XLXI_12/Mcount_cnt1k_cy<10>)
     MUXCY:CI->O           1   0.059   0.000  XLXI_34/XLXI_12/Mcount_cnt1k_cy<11> (XLXI_34/XLXI_12/Mcount_cnt1k_cy<11>)
     MUXCY:CI->O           1   0.059   0.000  XLXI_34/XLXI_12/Mcount_cnt1k_cy<12> (XLXI_34/XLXI_12/Mcount_cnt1k_cy<12>)
     MUXCY:CI->O           1   0.059   0.000  XLXI_34/XLXI_12/Mcount_cnt1k_cy<13> (XLXI_34/XLXI_12/Mcount_cnt1k_cy<13>)
     MUXCY:CI->O           1   0.059   0.000  XLXI_34/XLXI_12/Mcount_cnt1k_cy<14> (XLXI_34/XLXI_12/Mcount_cnt1k_cy<14>)
     MUXCY:CI->O           1   0.059   0.000  XLXI_34/XLXI_12/Mcount_cnt1k_cy<15> (XLXI_34/XLXI_12/Mcount_cnt1k_cy<15>)
     MUXCY:CI->O           1   0.059   0.000  XLXI_34/XLXI_12/Mcount_cnt1k_cy<16> (XLXI_34/XLXI_12/Mcount_cnt1k_cy<16>)
     MUXCY:CI->O           1   0.059   0.000  XLXI_34/XLXI_12/Mcount_cnt1k_cy<17> (XLXI_34/XLXI_12/Mcount_cnt1k_cy<17>)
     MUXCY:CI->O           1   0.059   0.000  XLXI_34/XLXI_12/Mcount_cnt1k_cy<18> (XLXI_34/XLXI_12/Mcount_cnt1k_cy<18>)
     MUXCY:CI->O           1   0.059   0.000  XLXI_34/XLXI_12/Mcount_cnt1k_cy<19> (XLXI_34/XLXI_12/Mcount_cnt1k_cy<19>)
     MUXCY:CI->O           1   0.059   0.000  XLXI_34/XLXI_12/Mcount_cnt1k_cy<20> (XLXI_34/XLXI_12/Mcount_cnt1k_cy<20>)
     MUXCY:CI->O           1   0.059   0.000  XLXI_34/XLXI_12/Mcount_cnt1k_cy<21> (XLXI_34/XLXI_12/Mcount_cnt1k_cy<21>)
     MUXCY:CI->O           1   0.059   0.000  XLXI_34/XLXI_12/Mcount_cnt1k_cy<22> (XLXI_34/XLXI_12/Mcount_cnt1k_cy<22>)
     MUXCY:CI->O           1   0.059   0.000  XLXI_34/XLXI_12/Mcount_cnt1k_cy<23> (XLXI_34/XLXI_12/Mcount_cnt1k_cy<23>)
     MUXCY:CI->O           1   0.059   0.000  XLXI_34/XLXI_12/Mcount_cnt1k_cy<24> (XLXI_34/XLXI_12/Mcount_cnt1k_cy<24>)
     MUXCY:CI->O           1   0.059   0.000  XLXI_34/XLXI_12/Mcount_cnt1k_cy<25> (XLXI_34/XLXI_12/Mcount_cnt1k_cy<25>)
     MUXCY:CI->O           1   0.059   0.000  XLXI_34/XLXI_12/Mcount_cnt1k_cy<26> (XLXI_34/XLXI_12/Mcount_cnt1k_cy<26>)
     MUXCY:CI->O           1   0.059   0.000  XLXI_34/XLXI_12/Mcount_cnt1k_cy<27> (XLXI_34/XLXI_12/Mcount_cnt1k_cy<27>)
     MUXCY:CI->O           1   0.059   0.000  XLXI_34/XLXI_12/Mcount_cnt1k_cy<28> (XLXI_34/XLXI_12/Mcount_cnt1k_cy<28>)
     MUXCY:CI->O           1   0.059   0.000  XLXI_34/XLXI_12/Mcount_cnt1k_cy<29> (XLXI_34/XLXI_12/Mcount_cnt1k_cy<29>)
     MUXCY:CI->O           0   0.059   0.000  XLXI_34/XLXI_12/Mcount_cnt1k_cy<30> (XLXI_34/XLXI_12/Mcount_cnt1k_cy<30>)
     XORCY:CI->O           1   0.804   0.000  XLXI_34/XLXI_12/Mcount_cnt1k_xor<31> (XLXI_34/XLXI_12/Mcount_cnt1k31)
     FDE:D                     0.308          XLXI_34/XLXI_12/cnt1k_31
    ----------------------------------------
    Total                     11.992ns (9.433ns logic, 2.559ns route)
                                       (78.7% logic, 21.3% route)

=========================================================================
Timing constraint: Default period analysis for Clock 'XLXI_7/clk_1_0'
  Clock period: 5.542ns (frequency: 180.440MHz)
  Total number of paths / destination ports: 24 / 3
-------------------------------------------------------------------------
Delay:               5.542ns (Levels of Logic = 4)
  Source:            XLXI_1/I_36_32 (FF)
  Destination:       XLXI_9/I_36_32 (FF)
  Source Clock:      XLXI_7/clk_1_0 rising
  Destination Clock: XLXI_7/clk_1_0 rising

  Data Path: XLXI_1/I_36_32 to XLXI_9/I_36_32
                                Gate     Net
    Cell:in->out      fanout   Delay   Delay  Logical Name (Net Name)
    ----------------------------------------  ------------
     FDC:C->Q             13   0.591   0.983  I_36_32 (Q)
     end scope: 'XLXI_1'
     AND2:I1->O            7   0.704   0.708  XLXI_46 (XLXN_55)
     begin scope: 'XLXI_9'
     AND3B2:I0->O          1   0.704   0.420  I_36_37 (A0)
     OR3:I2->O             1   0.704   0.420  I_36_41 (AD)
     FDC:D                     0.308          I_36_32
    ----------------------------------------
    Total                      5.542ns (3.011ns logic, 2.531ns route)
                                       (54.3% logic, 45.7% route)

=========================================================================
Timing constraint: Default OFFSET OUT AFTER for Clock 'Clk'
  Total number of paths / destination ports: 1 / 1
-------------------------------------------------------------------------
Offset:              4.496ns (Levels of Logic = 1)
  Source:            XLXI_7/clk_1_0 (FF)
  Destination:       ClkOut (PAD)
  Source Clock:      Clk rising

  Data Path: XLXI_7/clk_1_0 to ClkOut
                                Gate     Net
    Cell:in->out      fanout   Delay   Delay  Logical Name (Net Name)
    ----------------------------------------  ------------
     FDE:C->Q              5   0.591   0.633  XLXI_7/clk_1_0 (XLXI_7/clk_1_0)
     OBUF:I->O                 3.272          ClkOut_OBUF (ClkOut)
    ----------------------------------------
    Total                      4.496ns (3.863ns logic, 0.633ns route)
                                       (85.9% logic, 14.1% route)

=========================================================================
Timing constraint: Default OFFSET OUT AFTER for Clock 'XLXI_34/XLXI_12/clk_1k'
  Total number of paths / destination ports: 71 / 11
-------------------------------------------------------------------------
Offset:              7.410ns (Levels of Logic = 3)
  Source:            XLXI_34/XLXI_13/sel_0 (FF)
  Destination:       sseg<6> (PAD)
  Source Clock:      XLXI_34/XLXI_12/clk_1k rising

  Data Path: XLXI_34/XLXI_13/sel_0 to sseg<6>
                                Gate     Net
    Cell:in->out      fanout   Delay   Delay  Logical Name (Net Name)
    ----------------------------------------  ------------
     FD:C->Q               8   0.591   0.836  XLXI_34/XLXI_13/sel_0 (XLXI_34/XLXI_13/sel_0)
     LUT4:I1->O            7   0.704   0.883  XLXI_34/XLXI_1/hexO<1>1 (XLXI_34/XLXN_7<1>)
     LUT3:I0->O            1   0.704   0.420  XLXI_34/XLXI_2/Mrom_hexD_rom000061 (sseg_0_OBUF)
     OBUF:I->O                 3.272          sseg_0_OBUF (sseg<0>)
    ----------------------------------------
    Total                      7.410ns (5.271ns logic, 2.139ns route)
                                       (71.1% logic, 28.9% route)

=========================================================================
Timing constraint: Default OFFSET OUT AFTER for Clock 'XLXI_7/clk_1_0'
  Total number of paths / destination ports: 3 / 3
-------------------------------------------------------------------------
Offset:              4.846ns (Levels of Logic = 2)
  Source:            XLXI_1/I_36_32 (FF)
  Destination:       Q<0> (PAD)
  Source Clock:      XLXI_7/clk_1_0 rising

  Data Path: XLXI_1/I_36_32 to Q<0>
                                Gate     Net
    Cell:in->out      fanout   Delay   Delay  Logical Name (Net Name)
    ----------------------------------------  ------------
     FDC:C->Q             13   0.591   0.983  I_36_32 (Q)
     end scope: 'XLXI_1'
     OBUF:I->O                 3.272          Q_0_OBUF (Q<0>)
    ----------------------------------------
    Total                      4.846ns (3.863ns logic, 0.983ns route)
                                       (79.7% logic, 20.3% route)

=========================================================================


Total REAL time to Xst completion: 13.00 secs
Total CPU time to Xst completion: 13.03 secs
 
--> 

Total memory usage is 4551736 kilobytes

Number of errors   :    0 (   0 filtered)
Number of warnings :  220 (   0 filtered)
Number of infos    :    7 (   0 filtered)

