Release 14.7 Map P.20131013 (nt64)
Xilinx Mapping Report File for Design 'Exp3ModCounter'

Design Information
------------------
Command Line   : map -intstyle ise -p xc3s100e-cp132-4 -cm area -ir off -pr off
-c 100 -o Exp3ModCounter_map.ncd Exp3ModCounter.ngd Exp3ModCounter.pcf 
Target Device  : xc3s100e
Target Package : cp132
Target Speed   : -4
Mapper Version : spartan3e -- $Revision: 1.55 $
Mapped Date    : Tue Oct 23 10:59:22 2018

Design Summary
--------------
Number of errors:      0
Number of warnings:    2
Logic Utilization:
  Number of Slice Flip Flops:           109 out of   1,920    5%
  Number of 4 input LUTs:               152 out of   1,920    7%
Logic Distribution:
  Number of occupied Slices:            137 out of     960   14%
    Number of Slices containing only related logic:     137 out of     137 100%
    Number of Slices containing unrelated logic:          0 out of     137   0%
      *See NOTES below for an explanation of the effects of unrelated logic.
  Total Number of 4 input LUTs:         252 out of   1,920   13%
    Number used as logic:               152
    Number used as a route-thru:        100

  The Slice Logic Distribution report is not meaningful if the design is
  over-mapped for a non-slice resource or if Placement fails.

  Number of bonded IOBs:                 22 out of      83   26%
  Number of BUFGMUXs:                     2 out of      24    8%

  Number of RPM macros:            3
Average Fanout of Non-Clock Nets:                1.77

Peak Memory Usage:  4423 MB
Total REAL time to MAP completion:  10 secs 
Total CPU time to MAP completion:   4 secs 

NOTES:

   Related logic is defined as being logic that shares connectivity - e.g. two
   LUTs are "related" if they share common inputs.  When assembling slices,
   Map gives priority to combine logic that is related.  Doing so results in
   the best timing performance.

   Unrelated logic shares no connectivity.  Map will only begin packing
   unrelated logic into a slice once 99% of the slices are occupied through
   related logic packing.

   Note that once logic distribution reaches the 99% level through related
   logic packing, this does not mean the device is completely utilized.
   Unrelated logic packing will then begin, continuing until all usable LUTs
   and FFs are occupied.  Depending on your timing budget, increased levels of
   unrelated logic packing may adversely affect the overall timing performance
   of your design.

Table of Contents
-----------------
Section 1 - Errors
Section 2 - Warnings
Section 3 - Informational
Section 4 - Removed Logic Summary
Section 5 - Removed Logic
Section 6 - IOB Properties
Section 7 - RPMs
Section 8 - Guide Report
Section 9 - Area Group and Partition Summary
Section 10 - Timing Report
Section 11 - Configuration String Information
Section 12 - Control Set Information
Section 13 - Utilization by Hierarchy

Section 1 - Errors
------------------

Section 2 - Warnings
--------------------
WARNING:Pack:249 - The following adjacent carry multiplexers occupy different
   slice components.  The resulting carry chain will have suboptimal timing.
   	XLXI_7/Mcompar_cnt1_cmp_ge0000_cy<12>
   	XLXI_7/Mcount_cnt1_cy<0>
WARNING:Pack:249 - The following adjacent carry multiplexers occupy different
   slice components.  The resulting carry chain will have suboptimal timing.
   	XLXI_34/XLXI_12/Mcompar_cnt1M_cmp_ge0000_cy<10>
   	XLXI_34/XLXI_12/Mcount_cnt1M_cy<0>

Section 3 - Informational
-------------------------
INFO:MapLib:562 - No environment variables are currently set.
INFO:LIT:244 - All of the single ended outputs in this design are using slew
   rate limited output drivers. The delay on speed critical single ended outputs
   can be dramatically reduced by designating them as fast outputs.

Section 4 - Removed Logic Summary
---------------------------------
  12 block(s) optimized away
   2 signal(s) removed

Section 5 - Removed Logic
-------------------------

The trimmed logic reported below is either:
   1. part of a cycle
   2. part of disabled logic
   3. a side-effect of other trimmed logic

The signal "XLXI_34/XLXI_12/RST_inv" is unused and has been removed.
The signal "XLXI_7/RST_inv" is unused and has been removed.

Optimized Block(s):
TYPE 		BLOCK
AND3B2 		XLXI_1/I_36_37
AND2B1 		XLXI_1/I_36_43
AND2B1 		XLXI_2/I_36_43
INV 		XLXI_34/XLXI_12/RST_inv1_INV_0
PULLDOWN 		XLXI_34/XLXI_15
PULLUP 		XLXI_34/XLXI_3
PULLUP 		XLXI_5
INV 		XLXI_7/RST_inv1_INV_0
PULLDOWN 		XLXI_8
AND2B1 		XLXI_9/I_36_43
GND 		XST_GND
VCC 		XST_VCC

To enable printing of redundant blocks removed and signals merged, set the
detailed map report option and rerun map.

Section 6 - IOB Properties
--------------------------

+---------------------------------------------------------------------------------------------------------------------------------------------------------+
| IOB Name                           | Type             | Direction | IO Standard          | Diff  | Drive    | Slew | Reg (s)      | Resistor | IOB      |
|                                    |                  |           |                      | Term  | Strength | Rate |              |          | Delay    |
+---------------------------------------------------------------------------------------------------------------------------------------------------------+
| Btn                                | IBUF             | INPUT     | LVCMOS25             |       |          |      |              |          | 0 / 0    |
| Clk                                | IBUF             | INPUT     | LVCMOS25             |       |          |      |              |          | 0 / 0    |
| ClkOut                             | IOB              | OUTPUT    | LVCMOS25             |       | 12       | SLOW |              |          | 0 / 0    |
| Q<0>                               | IOB              | OUTPUT    | LVCMOS25             |       | 12       | SLOW |              |          | 0 / 0    |
| Q<1>                               | IOB              | OUTPUT    | LVCMOS25             |       | 12       | SLOW |              |          | 0 / 0    |
| Q<2>                               | IOB              | OUTPUT    | LVCMOS25             |       | 12       | SLOW |              |          | 0 / 0    |
| Q<3>                               | IOB              | OUTPUT    | LVCMOS25             |       | 12       | SLOW |              |          | 0 / 0    |
| Q<4>                               | IOB              | OUTPUT    | LVCMOS25             |       | 12       | SLOW |              |          | 0 / 0    |
| Q<5>                               | IOB              | OUTPUT    | LVCMOS25             |       | 12       | SLOW |              |          | 0 / 0    |
| Q<6>                               | IOB              | OUTPUT    | LVCMOS25             |       | 12       | SLOW |              |          | 0 / 0    |
| Q<7>                               | IOB              | OUTPUT    | LVCMOS25             |       | 12       | SLOW |              |          | 0 / 0    |
| anode<0>                           | IOB              | OUTPUT    | LVCMOS25             |       | 12       | SLOW |              |          | 0 / 0    |
| anode<1>                           | IOB              | OUTPUT    | LVCMOS25             |       | 12       | SLOW |              |          | 0 / 0    |
| anode<2>                           | IOB              | OUTPUT    | LVCMOS25             |       | 12       | SLOW |              |          | 0 / 0    |
| anode<3>                           | IOB              | OUTPUT    | LVCMOS25             |       | 12       | SLOW |              |          | 0 / 0    |
| sseg<0>                            | IOB              | OUTPUT    | LVCMOS25             |       | 12       | SLOW |              |          | 0 / 0    |
| sseg<1>                            | IOB              | OUTPUT    | LVCMOS25             |       | 12       | SLOW |              |          | 0 / 0    |
| sseg<2>                            | IOB              | OUTPUT    | LVCMOS25             |       | 12       | SLOW |              |          | 0 / 0    |
| sseg<3>                            | IOB              | OUTPUT    | LVCMOS25             |       | 12       | SLOW |              |          | 0 / 0    |
| sseg<4>                            | IOB              | OUTPUT    | LVCMOS25             |       | 12       | SLOW |              |          | 0 / 0    |
| sseg<5>                            | IOB              | OUTPUT    | LVCMOS25             |       | 12       | SLOW |              |          | 0 / 0    |
| sseg<6>                            | IOB              | OUTPUT    | LVCMOS25             |       | 12       | SLOW |              |          | 0 / 0    |
+---------------------------------------------------------------------------------------------------------------------------------------------------------+

Section 7 - RPMs
----------------
XLXI_1_0                                
XLXI_2_1                                
XLXI_9_2                                

Section 8 - Guide Report
------------------------
Guide not run on this design.

Section 9 - Area Group and Partition Summary
--------------------------------------------

Partition Implementation Status
-------------------------------

  No Partitions were found in this design.

-------------------------------

Area Group Information
----------------------

  No area groups were found in this design.

----------------------

Section 10 - Timing Report
--------------------------
This design was not run using timing mode.

Section 11 - Configuration String Details
-----------------------------------------
Use the "-detail" map option to print out Configuration Strings

Section 12 - Control Set Information
------------------------------------
No control set information for this architecture.

Section 13 - Utilization by Hierarchy
-------------------------------------
Use the "-detail" map option to print out the Utilization by Hierarchy section.
