Release 14.7 - ngc2edif P.20131013 (nt)
Copyright (c) 1995-2013 Xilinx, Inc.  All rights reserved.
Reading design example1.ngc ...
WARNING:NetListWriters:298 - No output is written to example1.xncf, ignored.
Processing design ...
   Preping design's networks ...
   Preping design's macros ...
  finished :Prep
Writing EDIF netlist file example1.edif ...
ngc2edif: Total memory usage is 110008 kilobytes

Release 14.7 - ngc2edif P.20131013 (nt)
Copyright (c) 1995-2013 Xilinx, Inc.  All rights reserved.
Reading design example1.ngc ...
WARNING:NetListWriters:298 - No output is written to example1.xncf, ignored.
Processing design ...
   Preping design's networks ...
   Preping design's macros ...
  finished :Prep
Writing EDIF netlist file example1.edif ...
ngc2edif: Total memory usage is 109816 kilobytes

Release 14.7 - ngc2edif P.20131013 (nt)
Copyright (c) 1995-2013 Xilinx, Inc.  All rights reserved.
Reading design example1.ngc ...
WARNING:NetListWriters:298 - No output is written to example1.xncf, ignored.
Processing design ...
   Preping design's networks ...
   Preping design's macros ...
  finished :Prep
Writing EDIF netlist file example1.edif ...
ngc2edif: Total memory usage is 110008 kilobytes

