Release 14.7 - ngc2edif P.20131013 (nt)
Copyright (c) 1995-2013 Xilinx, Inc.  All rights reserved.
Reading design Lab8_Experiment6.ngc ...
WARNING:NetListWriters:298 - No output is written to Lab8_Experiment6.xncf,
   ignored.
Processing design ...
   Preping design's networks ...
   Preping design's macros ...
WARNING:NetListWriters:306 - Signal bus XLXI_2/Mcompar_cnt1_cmp_gt0000_lut<11 :
   0> on block Lab8_Experiment6 is not reconstructed, because there are some
   missing bus signals.
WARNING:NetListWriters:306 - Signal bus XLXI_2/Mcompar_cnt1k_cmp_gt0000_lut<11 :
   0> on block Lab8_Experiment6 is not reconstructed, because there are some
   missing bus signals.
WARNING:NetListWriters:306 - Signal bus
   XLXI_6/XLXI_3/Mcompar_cnt1k_cmp_gt0000_lut<11 : 0> on block Lab8_Experiment6
   is not reconstructed, because there are some missing bus signals.
  finished :Prep
Writing EDIF netlist file Lab8_Experiment6.edif ...
ngc2edif: Total memory usage is 113816 kilobytes

