Release 14.7 - ngc2edif P.20131013 (nt)
Copyright (c) 1995-2013 Xilinx, Inc.  All rights reserved.
Reading design OneShotCounter.ngc ...
WARNING:NetListWriters:298 - No output is written to OneShotCounter.xncf,
   ignored.
Processing design ...
   Preping design's networks ...
   Preping design's macros ...
  finished :Prep
Writing EDIF netlist file OneShotCounter.edif ...
ngc2edif: Total memory usage is 116184 kilobytes

Release 14.7 - ngc2edif P.20131013 (nt)
Copyright (c) 1995-2013 Xilinx, Inc.  All rights reserved.
Reading design OneShotCounter.ngc ...
WARNING:NetListWriters:298 - No output is written to OneShotCounter.xncf,
   ignored.
Processing design ...
   Preping design's networks ...
   Preping design's macros ...
  finished :Prep
Writing EDIF netlist file OneShotCounter.edif ...
ngc2edif: Total memory usage is 114840 kilobytes

Release 14.7 - ngc2edif P.20131013 (nt)
Copyright (c) 1995-2013 Xilinx, Inc.  All rights reserved.
Reading design OneShotCounter.ngc ...
WARNING:NetListWriters:298 - No output is written to OneShotCounter.xncf,
   ignored.
Processing design ...
   Preping design's networks ...
   Preping design's macros ...
  finished :Prep
Writing EDIF netlist file OneShotCounter.edif ...
ngc2edif: Total memory usage is 115992 kilobytes

