#-----------------------------------------------------------
# PlanAhead v14.7
# Build 321239 by xbuild on Fri Sep 27 19:31:35 MDT 2013
# Start of session at: Tue Oct 02 10:35:47 2018
# Process ID: 15236
# Log file: C:/Users/John/Documents/PHYS301_Xilinx/Lab6_Ex1/planAhead_run_1/planAhead.log
# Journal file: C:/Users/John/Documents/PHYS301_Xilinx/Lab6_Ex1/planAhead_run_1/planAhead.jou
#-----------------------------------------------------------
INFO: [Common 17-78] Attempting to get a license: PlanAhead
INFO: [Common 17-290] Got license for PlanAhead
INFO: [Device 21-36] Loading parts and site information from C:/Xilinx/14.7/ISE_DS/PlanAhead/data/parts/arch.xml
Parsing RTL primitives file [C:/Xilinx/14.7/ISE_DS/PlanAhead/data/parts/xilinx/rtl/prims/rtl_prims.xml]
Finished parsing RTL primitives file [C:/Xilinx/14.7/ISE_DS/PlanAhead/data/parts/xilinx/rtl/prims/rtl_prims.xml]
start_gui
source C:/Users/John/Documents/PHYS301_Xilinx/Lab6_Ex1/pa.fromNetlist.tcl
# create_project -name Lab6_Ex1 -dir "C:/Users/John/Documents/PHYS301_Xilinx/Lab6_Ex1/planAhead_run_1" -part xc3s100ecp132-4
create_project: Time (s): elapsed = 00:00:05 . Memory (MB): peak = 369.250 ; gain = 29.055
# set_property design_mode GateLvl [get_property srcset [current_run -impl]]
# set_property edif_top_file "C:/Users/John/Documents/PHYS301_Xilinx/Lab6_Ex1/Ex1.ngc" [ get_property srcset [ current_run ] ]
# add_files -norecurse { {C:/Users/John/Documents/PHYS301_Xilinx/Lab6_Ex1} }
# set_param project.pinAheadLayout  yes
# set_property target_constrs_file "Ex1.ucf" [current_fileset -constrset]
Adding file 'C:/Users/John/Documents/PHYS301_Xilinx/Lab6_Ex1/Ex1.ucf' to fileset 'constrs_1'
# add_files [list {Ex1.ucf}] -fileset [get_property constrset [current_run]]
# link_design
Design is defaulting to srcset: sources_1
Design is defaulting to constrset: constrs_1
Design is defaulting to project part: xc3s100ecp132-4
Release 14.7 - ngc2edif P.20131013 (nt)
Copyright (c) 1995-2013 Xilinx, Inc.  All rights reserved.

Release 14.7 - ngc2edif P.20131013 (nt)
Copyright (c) 1995-2013 Xilinx, Inc.  All rights reserved.
Reading design Ex1.ngc ...
WARNING:NetListWriters:298 - No output is written to Ex1.xncf, ignored.
Processing design ...
   Preping design's networks ...
   Preping design's macros ...
  finished :Prep
Writing EDIF netlist file Ex1.edif ...
ngc2edif: Total memory usage is 113880 kilobytes

Parsing EDIF File [./planAhead_run_1/Lab6_Ex1.data/cache/Ex1_ngc_zx.edif]
Finished Parsing EDIF File [./planAhead_run_1/Lab6_Ex1.data/cache/Ex1_ngc_zx.edif]
INFO: [Designutils 20-910] Reading macro library C:/Xilinx/14.7/ISE_DS/PlanAhead/data\./parts/xilinx/spartan3e/spartan3e/hd_int_macros.edn
Parsing EDIF File [C:/Xilinx/14.7/ISE_DS/PlanAhead/data\./parts/xilinx/spartan3e/spartan3e/hd_int_macros.edn]
Finished Parsing EDIF File [C:/Xilinx/14.7/ISE_DS/PlanAhead/data\./parts/xilinx/spartan3e/spartan3e/hd_int_macros.edn]
Loading clock regions from C:/Xilinx/14.7/ISE_DS/PlanAhead/data\parts/xilinx/spartan3e/spartan3e/xc3s100e/ClockRegion.xml
Loading clock buffers from C:/Xilinx/14.7/ISE_DS/PlanAhead/data\parts/xilinx/spartan3e/spartan3e/xc3s100e/ClockBuffers.xml
Loading package from C:/Xilinx/14.7/ISE_DS/PlanAhead/data\parts/xilinx/spartan3e/spartan3e/xc3s100e/cp132/Package.xml
Loading io standards from C:/Xilinx/14.7/ISE_DS/PlanAhead/data\./parts/xilinx/spartan3e/IOStandards.xml
INFO: [Device 21-19] Loading pkg sso from C:/Xilinx/14.7/ISE_DS/PlanAhead/data\parts/xilinx/spartan3e/spartan3e/xc3s100e/cp132/SSORules.xml
Loading list of drcs for the architecture : C:/Xilinx/14.7/ISE_DS/PlanAhead/data\./parts/xilinx/spartan3e/spartan3e/drc.xml
INFO: [Timing 38-77] Reading timing library C:/Xilinx/14.7/ISE_DS/PlanAhead/data\parts/xilinx/spartan3e/spartan3e/spartan3e-4.lib.
INFO: [Timing 38-34] Done reading timing library C:/Xilinx/14.7/ISE_DS/PlanAhead/data\parts/xilinx/spartan3e/spartan3e/spartan3e-4.lib.
Parsing UCF File [C:/Users/John/Documents/PHYS301_Xilinx/Lab6_Ex1/Ex1.ucf]
Finished Parsing UCF File [C:/Users/John/Documents/PHYS301_Xilinx/Lab6_Ex1/Ex1.ucf]
INFO: [Project 1-111] Unisim Transformation Summary:
No Unisim elements were transformed.

Phase 0 | Netlist Checksum: db5dccbd
link_design: Time (s): elapsed = 00:00:24 . Memory (MB): peak = 429.918 ; gain = 49.465
exit
ERROR: [PlanAhead 12-106] *** Exception: ui.h.b: Found deleted key in HTclEventBroker. Verify if the classes listed here call cleanup()
HTclEvent: DEBUG_CORE_CONFIG_CHANGE   Classes: ui.views.aR 
HTclEvent: DEBUG_PORT_CONFIG_CHANGE   Classes: ui.views.aR 
HTclEvent: SIGNAL_MODIFY   Classes: ui.views.aR 
HTclEvent: SIGNAL_BUS_MODIFY   Classes: ui.views.aR 
 (See C:/Users/John/Documents/PHYS301_Xilinx/Lab6_Ex1\planAhead_pid15236.debug)
ERROR: [Common 17-39] 'stop_gui' failed due to earlier errors.
INFO: [Common 17-206] Exiting PlanAhead at Tue Oct 02 11:25:21 2018...
INFO: [Common 17-83] Releasing license: PlanAhead
