
****** PlanAhead v14.7
  **** Build 321239 by xbuild on Fri Sep 27 19:31:35 MDT 2013
    ** Copyright 1986-1999, 2001-2013 Xilinx, Inc. All Rights Reserved.

INFO: [Common 17-78] Attempting to get a license: PlanAhead
INFO: [Common 17-290] Got license for PlanAhead
INFO: [Device 21-36] Loading parts and site information from C:/Xilinx/14.7/ISE_DS/PlanAhead/data/parts/arch.xml
Parsing RTL primitives file [C:/Xilinx/14.7/ISE_DS/PlanAhead/data/parts/xilinx/rtl/prims/rtl_prims.xml]
Finished parsing RTL primitives file [C:/Xilinx/14.7/ISE_DS/PlanAhead/data/parts/xilinx/rtl/prims/rtl_prims.xml]
start_gui
source C:/Users/John/Documents/PHYS301_Xilinx/Lab6_Ex1/pa.fromNetlist.tcl
# create_project -name Lab6_Ex1 -dir "C:/Users/John/Documents/PHYS301_Xilinx/Lab6_Ex1/planAhead_run_2" -part xc3s100ecp132-4
create_project: Time (s): elapsed = 00:00:08 . Memory (MB): peak = 369.203 ; gain = 34.109
# set_property design_mode GateLvl [get_property srcset [current_run -impl]]
# set_property edif_top_file "C:/Users/John/Documents/PHYS301_Xilinx/Lab6_Ex1/Ex1.ngc" [ get_property srcset [ current_run ] ]
# add_files -norecurse { {C:/Users/John/Documents/PHYS301_Xilinx/Lab6_Ex1} }
# set_param project.pinAheadLayout  yes
# set_property target_constrs_file "Ex1.ucf" [current_fileset -constrset]
Adding file 'C:/Users/John/Documents/PHYS301_Xilinx/Lab6_Ex1/Ex1.ucf' to fileset 'constrs_1'
# add_files [list {Ex1.ucf}] -fileset [get_property constrset [current_run]]
# link_design
Design is defaulting to srcset: sources_1
Design is defaulting to constrset: constrs_1
Design is defaulting to project part: xc3s100ecp132-4
Release 14.7 - ngc2edif P.20131013 (nt)
Copyright (c) 1995-2013 Xilinx, Inc.  All rights reserved.

Release 14.7 - ngc2edif P.20131013 (nt)
Copyright (c) 1995-2013 Xilinx, Inc.  All rights reserved.
Reading design Ex1.ngc ...
WARNING:NetListWriters:298 - No output is written to Ex1.xncf, ignored.
Processing design ...
   Preping design's networks ...
   Preping design's macros ...
  finished :Prep
Writing EDIF netlist file Ex1.edif ...
ngc2edif: Total memory usage is 114648 kilobytes

Parsing EDIF File [./planAhead_run_2/Lab6_Ex1.data/cache/Ex1_ngc_zx.edif]
Finished Parsing EDIF File [./planAhead_run_2/Lab6_Ex1.data/cache/Ex1_ngc_zx.edif]
INFO: [Designutils 20-910] Reading macro library C:/Xilinx/14.7/ISE_DS/PlanAhead/data\./parts/xilinx/spartan3e/spartan3e/hd_int_macros.edn
Parsing EDIF File [C:/Xilinx/14.7/ISE_DS/PlanAhead/data\./parts/xilinx/spartan3e/spartan3e/hd_int_macros.edn]
Finished Parsing EDIF File [C:/Xilinx/14.7/ISE_DS/PlanAhead/data\./parts/xilinx/spartan3e/spartan3e/hd_int_macros.edn]
Loading clock regions from C:/Xilinx/14.7/ISE_DS/PlanAhead/data\parts/xilinx/spartan3e/spartan3e/xc3s100e/ClockRegion.xml
Loading clock buffers from C:/Xilinx/14.7/ISE_DS/PlanAhead/data\parts/xilinx/spartan3e/spartan3e/xc3s100e/ClockBuffers.xml
Loading package from C:/Xilinx/14.7/ISE_DS/PlanAhead/data\parts/xilinx/spartan3e/spartan3e/xc3s100e/cp132/Package.xml
Loading io standards from C:/Xilinx/14.7/ISE_DS/PlanAhead/data\./parts/xilinx/spartan3e/IOStandards.xml
INFO: [Device 21-19] Loading pkg sso from C:/Xilinx/14.7/ISE_DS/PlanAhead/data\parts/xilinx/spartan3e/spartan3e/xc3s100e/cp132/SSORules.xml
Loading list of drcs for the architecture : C:/Xilinx/14.7/ISE_DS/PlanAhead/data\./parts/xilinx/spartan3e/spartan3e/drc.xml
INFO: [Timing 38-77] Reading timing library C:/Xilinx/14.7/ISE_DS/PlanAhead/data\parts/xilinx/spartan3e/spartan3e/spartan3e-4.lib.
INFO: [Timing 38-34] Done reading timing library C:/Xilinx/14.7/ISE_DS/PlanAhead/data\parts/xilinx/spartan3e/spartan3e/spartan3e-4.lib.
Parsing UCF File [C:/Users/John/Documents/PHYS301_Xilinx/Lab6_Ex1/Ex1.ucf]
Finished Parsing UCF File [C:/Users/John/Documents/PHYS301_Xilinx/Lab6_Ex1/Ex1.ucf]
INFO: [Project 1-111] Unisim Transformation Summary:
No Unisim elements were transformed.

Phase 0 | Netlist Checksum: 651caac2
link_design: Time (s): elapsed = 00:00:27 . Memory (MB): peak = 430.969 ; gain = 50.906
startgroup
set_property package_pin P6 [get_ports A0]
endgroup
startgroup
set_property package_pin P7 [get_ports A1]
endgroup
startgroup
set_property package_pin L3 [get_ports A2]
endgroup
startgroup
set_property package_pin P11 [get_ports A3]
endgroup
startgroup
set_property package_pin B4 [get_ports A0]
endgroup
startgroup
set_property package_pin K3 [get_ports A1]
endgroup
startgroup
set_property package_pin C6 [get_ports D2]
endgroup
startgroup
set_property package_pin B6 [get_ports D4]
endgroup
startgroup
set_property package_pin C5 [get_ports D5]
endgroup
startgroup
set_property package_pin B7 [get_ports D8]
endgroup
startgroup
set_property package_pin A9 [get_ports D12]
endgroup
save_constraints
exit
ERROR: [Common 17-39] 'stop_gui' failed due to earlier errors.
INFO: [Common 17-206] Exiting PlanAhead at Tue Oct 02 20:42:31 2018...
INFO: [Common 17-83] Releasing license: PlanAhead
