Release 14.7 - xst P.20131013 (nt64)
Copyright (c) 1995-2013 Xilinx, Inc.  All rights reserved.
--> Parameter TMPDIR set to xst/projnav.tmp


Total REAL time to Xst completion: 0.00 secs
Total CPU time to Xst completion: 0.33 secs
 
--> Parameter xsthdpdir set to xst


Total REAL time to Xst completion: 0.00 secs
Total CPU time to Xst completion: 0.33 secs
 
--> Reading design: FourBitParallelAdder.prj

TABLE OF CONTENTS
  1) Synthesis Options Summary
  2) HDL Compilation
  3) Design Hierarchy Analysis
  4) HDL Analysis
  5) HDL Synthesis
     5.1) HDL Synthesis Report
  6) Advanced HDL Synthesis
     6.1) Advanced HDL Synthesis Report
  7) Low Level Synthesis
  8) Partition Report
  9) Final Report
	9.1) Device utilization summary
	9.2) Partition Resource Summary
	9.3) TIMING REPORT


=========================================================================
*                      Synthesis Options Summary                        *
=========================================================================
---- Source Parameters
Input File Name                    : "FourBitParallelAdder.prj"
Input Format                       : mixed
Ignore Synthesis Constraint File   : NO

---- Target Parameters
Output File Name                   : "FourBitParallelAdder"
Output Format                      : NGC
Target Device                      : xc3s100e-4-cp132

---- Source Options
Top Module Name                    : FourBitParallelAdder
Automatic FSM Extraction           : YES
FSM Encoding Algorithm             : Auto
Safe Implementation                : No
FSM Style                          : LUT
RAM Extraction                     : Yes
RAM Style                          : Auto
ROM Extraction                     : Yes
Mux Style                          : Auto
Decoder Extraction                 : YES
Priority Encoder Extraction        : Yes
Shift Register Extraction          : YES
Logical Shifter Extraction         : YES
XOR Collapsing                     : YES
ROM Style                          : Auto
Mux Extraction                     : Yes
Resource Sharing                   : YES
Asynchronous To Synchronous        : NO
Multiplier Style                   : Auto
Automatic Register Balancing       : No

---- Target Options
Add IO Buffers                     : YES
Global Maximum Fanout              : 100000
Add Generic Clock Buffer(BUFG)     : 24
Register Duplication               : YES
Slice Packing                      : YES
Optimize Instantiated Primitives   : NO
Use Clock Enable                   : Yes
Use Synchronous Set                : Yes
Use Synchronous Reset              : Yes
Pack IO Registers into IOBs        : Auto
Equivalent register Removal        : YES

---- General Options
Optimization Goal                  : Speed
Optimization Effort                : 1
Keep Hierarchy                     : No
Netlist Hierarchy                  : As_Optimized
RTL Output                         : Yes
Global Optimization                : AllClockNets
Read Cores                         : YES
Write Timing Constraints           : NO
Cross Clock Analysis               : NO
Hierarchy Separator                : /
Bus Delimiter                      : <>
Case Specifier                     : Maintain
Slice Utilization Ratio            : 100
BRAM Utilization Ratio             : 100
Verilog 2001                       : YES
Auto BRAM Packing                  : NO
Slice Utilization Ratio Delta      : 5

=========================================================================


=========================================================================
*                          HDL Compilation                              *
=========================================================================
Compiling verilog file "FullAdder_NAND.vf" in library work
Compiling verilog file "FourBitParallelAdder.vf" in library work
Module <FullAdder_NAND> compiled
Module <FourBitParallelAdder> compiled
No errors in compilation
Analysis of file <"FourBitParallelAdder.prj"> succeeded.
 

=========================================================================
*                     Design Hierarchy Analysis                         *
=========================================================================
Analyzing hierarchy for module <FourBitParallelAdder> in library <work>.

Analyzing hierarchy for module <FullAdder_NAND> in library <work>.


=========================================================================
*                            HDL Analysis                               *
=========================================================================
Analyzing top module <FourBitParallelAdder>.
WARNING:Xst:852 - "FourBitParallelAdder.vf" line 43: Unconnected input port 'C' of instance 'XLXI_6' is tied to GND.
Module <FourBitParallelAdder> is correct for synthesis.
 
Analyzing module <FullAdder_NAND> in library <work>.
Module <FullAdder_NAND> is correct for synthesis.
 

=========================================================================
*                           HDL Synthesis                               *
=========================================================================

Performing bidirectional port resolution...

Synthesizing Unit <FullAdder_NAND>.
    Related source file is "FullAdder_NAND.vf".
Unit <FullAdder_NAND> synthesized.


Synthesizing Unit <FourBitParallelAdder>.
    Related source file is "FourBitParallelAdder.vf".
Unit <FourBitParallelAdder> synthesized.


=========================================================================
HDL Synthesis Report

Found no macro
=========================================================================

=========================================================================
*                       Advanced HDL Synthesis                          *
=========================================================================


=========================================================================
Advanced HDL Synthesis Report

Found no macro
=========================================================================

=========================================================================
*                         Low Level Synthesis                           *
=========================================================================

Optimizing unit <FourBitParallelAdder> ...

Optimizing unit <FullAdder_NAND> ...

Mapping all equations...
Building and optimizing final netlist ...
Found area constraint ratio of 100 (+ 5) on block FourBitParallelAdder, actual ratio is 0.

Final Macro Processing ...

=========================================================================
Final Register Report

Found no macro
=========================================================================

=========================================================================
*                           Partition Report                            *
=========================================================================

Partition Implementation Status
-------------------------------

  No Partitions were found in this design.

-------------------------------

=========================================================================
*                            Final Report                               *
=========================================================================
Final Results
RTL Top Level Output File Name     : FourBitParallelAdder.ngr
Top Level Output File Name         : FourBitParallelAdder
Output Format                      : NGC
Optimization Goal                  : Speed
Keep Hierarchy                     : No

Design Statistics
# IOs                              : 13

Cell Usage :
# BELS                             : 1
#      GND                         : 1
# IO Buffers                       : 13
#      IBUF                        : 8
#      OBUF                        : 5
# Logical                          : 36
#      NAND2                       : 36
=========================================================================

Device utilization summary:
---------------------------

Selected Device : 3s100ecp132-4 

 Number of Slices:                        0  out of    960     0%  
 Number of IOs:                          13
 Number of bonded IOBs:                  13  out of     83    15%  

---------------------------
Partition Resource Summary:
---------------------------

  No Partitions were found in this design.

---------------------------


=========================================================================
TIMING REPORT

NOTE: THESE TIMING NUMBERS ARE ONLY A SYNTHESIS ESTIMATE.
      FOR ACCURATE TIMING INFORMATION PLEASE REFER TO THE TRACE REPORT
      GENERATED AFTER PLACE-and-ROUTE.

Clock Information:
------------------
No clock signals found in this design

Asynchronous Control Signals Information:
----------------------------------------
No asynchronous control signals found in this design

Timing Summary:
---------------
Speed Grade: -4

   Minimum period: No path found
   Minimum input arrival time before clock: No path found
   Maximum output required time after clock: No path found
   Maximum combinational path delay: 19.088ns

Timing Detail:
--------------
All values displayed in nanoseconds (ns)

=========================================================================
Timing constraint: Default path analysis
  Total number of paths / destination ports: 248 / 5
-------------------------------------------------------------------------
Delay:               19.088ns (Levels of Logic = 14)
  Source:            Bin<0> (PAD)
  Destination:       Sout3 (PAD)

  Data Path: Bin<0> to Sout3
                                Gate     Net
    Cell:in->out      fanout   Delay   Delay  Logical Name (Net Name)
    ----------------------------------------  ------------
     IBUF:I->O             2   1.218   0.447  Bin_0_IBUF (Bin_0_IBUF)
     NAND2:I0->O           3   0.704   0.531  XLXI_6/XLXI_4 (XLXI_6/XLXN_34)
     NAND2:I0->O           1   0.704   0.420  XLXI_6/XLXI_1 (XLXI_6/XLXN_16)
     NAND2:I1->O           2   0.704   0.447  XLXI_6/XLXI_3 (XLXI_6/XLXN_31)
     NAND2:I1->O           3   0.704   0.531  XLXI_6/XLXI_11 (XLXI_6/XLXN_30)
     NAND2:I1->O           2   0.704   0.447  XLXI_6/XLXI_13 (XLXN_3)
     NAND2:I0->O           3   0.704   0.531  XLXI_7/XLXI_11 (XLXI_7/XLXN_30)
     NAND2:I1->O           2   0.704   0.447  XLXI_7/XLXI_13 (XLXN_30)
     NAND2:I0->O           3   0.704   0.531  XLXI_8/XLXI_11 (XLXI_8/XLXN_30)
     NAND2:I1->O           2   0.704   0.447  XLXI_8/XLXI_13 (XLXN_31)
     NAND2:I0->O           3   0.704   0.531  XLXI_9/XLXI_11 (XLXI_9/XLXN_30)
     NAND2:I0->O           1   0.704   0.420  XLXI_9/XLXI_9 (XLXI_9/XLXN_26)
     NAND2:I1->O           1   0.704   0.420  XLXI_9/XLXI_12 (Sout3_OBUF)
     OBUF:I->O                 3.272          Sout3_OBUF (Sout3)
    ----------------------------------------
    Total                     19.088ns (12.938ns logic, 6.150ns route)
                                       (67.8% logic, 32.2% route)

=========================================================================


Total REAL time to Xst completion: 16.00 secs
Total CPU time to Xst completion: 15.87 secs
 
--> 

Total memory usage is 327372 kilobytes

Number of errors   :    0 (   0 filtered)
Number of warnings :    1 (   0 filtered)
Number of infos    :    0 (   0 filtered)

