Release 14.7 Map P.20131013 (nt64)
Xilinx Mapping Report File for Design 'Lab9Exp5ALU'

Design Information
------------------
Command Line   : map -intstyle ise -p xc3s100e-cp132-4 -cm area -ir off -pr off
-c 100 -o Lab9Exp5ALU_map.ncd Lab9Exp5ALU.ngd Lab9Exp5ALU.pcf 
Target Device  : xc3s100e
Target Package : cp132
Target Speed   : -4
Mapper Version : spartan3e -- $Revision: 1.55 $
Mapped Date    : Mon Nov 12 12:55:49 2018

Design Summary
--------------
Number of errors:      0
Number of warnings:    2
Logic Utilization:
  Number of Slice Flip Flops:            86 out of   1,920    4%
  Number of 4 input LUTs:               133 out of   1,920    6%
Logic Distribution:
  Number of occupied Slices:            111 out of     960   11%
    Number of Slices containing only related logic:     111 out of     111 100%
    Number of Slices containing unrelated logic:          0 out of     111   0%
      *See NOTES below for an explanation of the effects of unrelated logic.
  Total Number of 4 input LUTs:         201 out of   1,920   10%
    Number used as logic:               133
    Number used as a route-thru:         68

  The Slice Logic Distribution report is not meaningful if the design is
  over-mapped for a non-slice resource or if Placement fails.

  Number of bonded IOBs:                 16 out of      83   19%
  Number of BUFGMUXs:                     1 out of      24    4%

  Number of RPM macros:            8
Average Fanout of Non-Clock Nets:                1.92

Peak Memory Usage:  4423 MB
Total REAL time to MAP completion:  3 secs 
Total CPU time to MAP completion:   2 secs 

NOTES:

   Related logic is defined as being logic that shares connectivity - e.g. two
   LUTs are "related" if they share common inputs.  When assembling slices,
   Map gives priority to combine logic that is related.  Doing so results in
   the best timing performance.

   Unrelated logic shares no connectivity.  Map will only begin packing
   unrelated logic into a slice once 99% of the slices are occupied through
   related logic packing.

   Note that once logic distribution reaches the 99% level through related
   logic packing, this does not mean the device is completely utilized.
   Unrelated logic packing will then begin, continuing until all usable LUTs
   and FFs are occupied.  Depending on your timing budget, increased levels of
   unrelated logic packing may adversely affect the overall timing performance
   of your design.

Table of Contents
-----------------
Section 1 - Errors
Section 2 - Warnings
Section 3 - Informational
Section 4 - Removed Logic Summary
Section 5 - Removed Logic
Section 6 - IOB Properties
Section 7 - RPMs
Section 8 - Guide Report
Section 9 - Area Group and Partition Summary
Section 10 - Timing Report
Section 11 - Configuration String Information
Section 12 - Control Set Information
Section 13 - Utilization by Hierarchy

Section 1 - Errors
------------------

Section 2 - Warnings
--------------------
WARNING:Pack:249 - The following adjacent carry multiplexers occupy different
   slice components.  The resulting carry chain will have suboptimal timing.
   	XLXI_1/Mcompar_cnt1_cmp_ge0000_cy<12>
   	XLXI_1/Mcount_cnt1_cy<0>
WARNING:PhysDesignRules:372 - Gated clock. Clock net DivClkOut_OBUF is sourced
   by a combinatorial pin. This is not good design practice. Use the CE pin to
   control the loading of data into the flip-flop.

Section 3 - Informational
-------------------------
INFO:LIT:243 - Logical network XLXI_75/OFL has no load.
INFO:LIT:395 - The above info message is repeated 6 more times for the following
   (max. 5 shown):
   XLXI_102/XLXI_1/OFL,
   XLXI_102/XLXI_1/S<4>,
   XLXI_102/XLXI_1/S<5>,
   XLXI_102/XLXI_1/S<6>,
   XLXI_102/XLXI_1/S<7>
   To see the details of these info messages, please use the -detail switch.
INFO:MapLib:562 - No environment variables are currently set.
INFO:LIT:244 - All of the single ended outputs in this design are using slew
   rate limited output drivers. The delay on speed critical single ended outputs
   can be dramatically reduced by designating them as fast outputs.

Section 4 - Removed Logic Summary
---------------------------------
  42 block(s) removed
  85 block(s) optimized away
  43 signal(s) removed

Section 5 - Removed Logic
-------------------------

The trimmed logic report below shows the logic removed from your design due to
sourceless or loadless signals, and VCC or ground connections.  If the removal
of a signal or symbol results in the subsequent removal of an additional signal
or symbol, the message explaining that second removal will be indented.  This
indentation will be repeated as a chain of related logic is removed.

To quickly locate the original cause for the removal of a chain of logic, look
above the place where that logic is listed in the trimming report, then locate
the lines that are least indented (begin at the leftmost edge).

Loadless block "XLXI_118/XLXI_15/XLXI_12/XLXI_3" (AND) removed.
 The signal "XLXI_118/XLXI_15/XLXI_12/XLXN_4" is loadless and has been removed.
  Loadless block "XLXI_118/XLXI_15/XLXI_12/XLXI_1" (AND) removed.
   The signal "XLXI_118/XLXI_15/XLXN_36" is loadless and has been removed.
    Loadless block "XLXI_118/XLXI_15/XLXI_1/XLXI_3" (AND) removed.
     The signal "XLXI_118/XLXI_15/XLXI_1/XLXN_4" is loadless and has been removed.
      Loadless block "XLXI_118/XLXI_15/XLXI_1/XLXI_1" (AND) removed.
       The signal "XLXI_118/XLXN_124" is loadless and has been removed.
        Loadless block "XLXI_118/XLXI_32" (AND) removed.
         The signal "XLXN_428" is loadless and has been removed.
          Loadless block "XLXI_120" (PULLUP) removed.
     The signal "XLXI_118/XLXI_15/XLXI_1/XLXN_5" is loadless and has been removed.
      Loadless block "XLXI_118/XLXI_15/XLXI_1/XLXI_2" (AND) removed.
 The signal "XLXI_118/XLXI_15/XLXI_12/XLXN_5" is loadless and has been removed.
  Loadless block "XLXI_118/XLXI_15/XLXI_12/XLXI_2" (AND) removed.
   The signal "XLXI_118/XLXI_15/XLXN_35" is loadless and has been removed.
    Loadless block "XLXI_118/XLXI_15/XLXI_2/XLXI_3" (AND) removed.
     The signal "XLXI_118/XLXI_15/XLXI_2/XLXN_4" is loadless and has been removed.
      Loadless block "XLXI_118/XLXI_15/XLXI_2/XLXI_1" (AND) removed.
       The signal "XLXI_118/XLXN_125" is loadless and has been removed.
        Loadless block "XLXI_118/XLXI_33" (AND) removed.
         The signal "XLXN_426" is loadless and has been removed.
          Loadless block "XLXI_119" (BUF) removed.
     The signal "XLXI_118/XLXI_15/XLXI_2/XLXN_5" is loadless and has been removed.
      Loadless block "XLXI_118/XLXI_15/XLXI_2/XLXI_2" (AND) removed.
The signal "XLXI_75/CO" is sourceless and has been removed.
 Sourceless block "XLXI_75/I_36_221" (XOR) removed.
  The signal "XLXI_75/OFL" is sourceless and has been removed.
The signal "XLXI_75/dummy" is sourceless and has been removed.
The signal "XLXI_102/XLXI_1/C6O" is sourceless and has been removed.
 Sourceless block "XLXI_102/XLXI_1/I_36_239" (XOR) removed.
  The signal "XLXI_102/XLXI_1/OFL" is sourceless and has been removed.
The signal "XLXI_102/XLXI_1/CO" is sourceless and has been removed.
The signal "XLXI_102/XLXI_1/I4" is sourceless and has been removed.
 Sourceless block "XLXI_102/XLXI_1/I_36_78" (XOR) removed.
  The signal "XLXI_102/XLXI_1/S<4>" is sourceless and has been removed.
 Sourceless block "XLXI_102/XLXI_1/I_36_63" (MUX) removed.
  The signal "XLXI_102/XLXI_1/I_36_63/O" is sourceless and has been removed.
The signal "XLXI_102/XLXI_1/I5" is sourceless and has been removed.
 Sourceless block "XLXI_102/XLXI_1/I_36_77" (XOR) removed.
  The signal "XLXI_102/XLXI_1/S<5>" is sourceless and has been removed.
 Sourceless block "XLXI_102/XLXI_1/I_36_110" (MUX) removed.
  The signal "XLXI_102/XLXI_1/I_36_110/O" is sourceless and has been removed.
The signal "XLXI_102/XLXI_1/I6" is sourceless and has been removed.
 Sourceless block "XLXI_102/XLXI_1/I_36_81" (XOR) removed.
  The signal "XLXI_102/XLXI_1/S<6>" is sourceless and has been removed.
 Sourceless block "XLXI_102/XLXI_1/I_36_107" (MUX) removed.
The signal "XLXI_102/XLXI_1/I7" is sourceless and has been removed.
 Sourceless block "XLXI_102/XLXI_1/I_36_64" (MUX) removed.
 Sourceless block "XLXI_102/XLXI_1/I_36_80" (XOR) removed.
  The signal "XLXI_102/XLXI_1/S<7>" is sourceless and has been removed.
The signal "XLXI_102/XLXI_1/dummy" is sourceless and has been removed.
The signal "XLXI_102/XLXI_1/I_36_58/O" is sourceless and has been removed.
The signal "XLXI_2/CEO" is sourceless and has been removed.
The signal "XLXI_2/OR_CE_L" is sourceless and has been removed.
The signal "XLXI_2/T2_DN" is sourceless and has been removed.
The signal "XLXI_2/T3_DN" is sourceless and has been removed.
The signal "XLXI_2/TC" is sourceless and has been removed.
 Sourceless block "XLXI_2/I_36_50" (AND) removed.
The signal "XLXI_2/TC_DN" is sourceless and has been removed.
 Sourceless block "XLXI_2/I_TC/I_36_7" (AND) removed.
  The signal "XLXI_2/I_TC/M0" is sourceless and has been removed.
   Sourceless block "XLXI_2/I_TC/I_36_8" (OR) removed.
The signal "XLXI_2/TC_UP" is sourceless and has been removed.
 Sourceless block "XLXI_2/I_TC/I_36_9" (AND) removed.
  The signal "XLXI_2/I_TC/M1" is sourceless and has been removed.

The trimmed logic reported below is either:
   1. part of a cycle
   2. part of disabled logic
   3. a side-effect of other trimmed logic

The signal "XLXI_1/RST_inv" is unused and has been removed.
The signal "XLXI_102/A<4>" is unused and has been removed.
 Unused block "XLXI_102/XLXI_15" (XOR) removed.
The signal "XLXI_102/A<5>" is unused and has been removed.
 Unused block "XLXI_102/XLXI_14" (XOR) removed.
The signal "XLXI_102/A<6>" is unused and has been removed.
 Unused block "XLXI_102/XLXI_20" (XOR) removed.
Unused block "XLXI_102/XLXI_1/I_36_221" (XOR) removed.
Unused block "XLXI_102/XLXI_1/I_36_222" (XOR) removed.
Unused block "XLXI_102/XLXI_1/I_36_223" (XOR) removed.
Unused block "XLXI_102/XLXI_1/I_36_224" (XOR) removed.
Unused block "XLXI_102/XLXI_1/XST_GND" (ZERO) removed.
Unused block "XLXI_2/I_36_10" (AND) removed.
Unused block "XLXI_2/I_36_11" (AND) removed.
Unused block "XLXI_2/I_36_16" (AND) removed.
Unused block "XLXI_2/I_36_3" (AND) removed.
Unused block "XLXI_75/XST_GND" (ZERO) removed.
Unused block "XLXI_102/XLXI_1/I_36_58" (MUX) removed.
Unused block "XLXI_75/I_36_64" (MUX) removed.

Optimized Block(s):
TYPE 		BLOCK
INV 		XLXI_1/RST_inv1_INV_0
VCC 		XLXI_2/I_36_1
OR2 		XLXI_2/I_36_60
AND2 		XLXI_2/I_Q0/I_36_30/I_36_9
AND2 		XLXI_2/I_Q1/I_36_30/I_36_9
AND2 		XLXI_2/I_Q2/I_36_30/I_36_9
AND2 		XLXI_2/I_Q3/I_36_30/I_36_9
AND2B2 		XLXI_2/I_T1/I_36_7
AND2B1 		XLXI_2/I_T2/I_36_7
AND2B1 		XLXI_2/I_T3/I_36_7
AND3B2 		XLXI_4/XLXI_1/I_36_37
AND2B1 		XLXI_4/XLXI_1/I_36_43
AND2B1 		XLXI_4/XLXI_2/I_36_43
PULLUP 		XLXI_4/XLXI_3
PULLDOWN 		XLXI_5
PULLUP 		XLXI_59
NAND2B1 		XLXI_60/XLXI_1/XLXI_1
NAND2B1 		XLXI_60/XLXI_2/XLXI_1
NAND2 		XLXI_60/XLXI_2/XLXI_2
NAND2 		XLXI_60/XLXI_2/XLXI_3
NAND2B1 		XLXI_60/XLXI_3/XLXI_1
NAND2 		XLXI_60/XLXI_3/XLXI_2
NAND2 		XLXI_60/XLXI_3/XLXI_3
NAND2B1 		XLXI_60/XLXI_4/XLXI_1
NAND2 		XLXI_60/XLXI_4/XLXI_2
NAND2 		XLXI_60/XLXI_4/XLXI_3
NAND2B1 		XLXI_60/XLXI_5/XLXI_1
NAND2 		XLXI_60/XLXI_5/XLXI_2
NAND2 		XLXI_60/XLXI_5/XLXI_3
NAND2B1 		XLXI_60/XLXI_6/XLXI_1
NAND2 		XLXI_60/XLXI_6/XLXI_2
NAND2 		XLXI_60/XLXI_6/XLXI_3
NAND2B1 		XLXI_60/XLXI_7/XLXI_1
NAND2 		XLXI_60/XLXI_7/XLXI_2
NAND2 		XLXI_60/XLXI_7/XLXI_3
NAND2B1 		XLXI_60/XLXI_8/XLXI_1
NAND2 		XLXI_60/XLXI_8/XLXI_2
NAND2 		XLXI_60/XLXI_8/XLXI_3
NAND2 		XLXI_61/XLXI_1/XLXI_2
NAND2B1 		XLXI_61/XLXI_2/XLXI_1
NAND2 		XLXI_61/XLXI_2/XLXI_2
NAND2 		XLXI_61/XLXI_2/XLXI_3
NAND2B1 		XLXI_61/XLXI_3/XLXI_1
NAND2 		XLXI_61/XLXI_3/XLXI_2
NAND2 		XLXI_61/XLXI_3/XLXI_3
NAND2B1 		XLXI_61/XLXI_4/XLXI_1
NAND2 		XLXI_61/XLXI_4/XLXI_2
NAND2 		XLXI_61/XLXI_4/XLXI_3
NAND2B1 		XLXI_61/XLXI_5/XLXI_1
NAND2 		XLXI_61/XLXI_5/XLXI_2
NAND2 		XLXI_61/XLXI_5/XLXI_3
NAND2B1 		XLXI_61/XLXI_6/XLXI_1
NAND2 		XLXI_61/XLXI_6/XLXI_2
NAND2 		XLXI_61/XLXI_6/XLXI_3
NAND2B1 		XLXI_61/XLXI_7/XLXI_1
NAND2 		XLXI_61/XLXI_7/XLXI_2
NAND2 		XLXI_61/XLXI_7/XLXI_3
NAND2B1 		XLXI_61/XLXI_8/XLXI_1
NAND2 		XLXI_62/XLXI_1/XLXI_2
NAND2B1 		XLXI_62/XLXI_2/XLXI_1
NAND2B1 		XLXI_62/XLXI_3/XLXI_1
NAND2 		XLXI_62/XLXI_3/XLXI_2
NAND2 		XLXI_62/XLXI_3/XLXI_3
NAND2B1 		XLXI_62/XLXI_4/XLXI_1
NAND2 		XLXI_62/XLXI_4/XLXI_2
NAND2 		XLXI_62/XLXI_4/XLXI_3
NAND2B1 		XLXI_62/XLXI_5/XLXI_1
NAND2 		XLXI_62/XLXI_5/XLXI_2
NAND2 		XLXI_62/XLXI_5/XLXI_3
NAND2B1 		XLXI_62/XLXI_6/XLXI_1
NAND2 		XLXI_62/XLXI_6/XLXI_2
NAND2 		XLXI_62/XLXI_6/XLXI_3
NAND2B1 		XLXI_62/XLXI_7/XLXI_1
NAND2 		XLXI_62/XLXI_7/XLXI_2
NAND2 		XLXI_62/XLXI_7/XLXI_3
NAND2 		XLXI_62/XLXI_8/XLXI_2
PULLUP 		XLXI_7
NAND2 		XLXI_78/XLXI_1/XLXI_2
NAND2 		XLXI_78/XLXI_3/XLXI_2
NAND2 		XLXI_78/XLXI_4/XLXI_2
NAND2 		XLXI_78/XLXI_5/XLXI_2
NAND2 		XLXI_78/XLXI_6/XLXI_2
NAND2 		XLXI_78/XLXI_7/XLXI_2
GND 		XST_GND
VCC 		XST_VCC

To enable printing of redundant blocks removed and signals merged, set the
detailed map report option and rerun map.

Section 6 - IOB Properties
--------------------------

+---------------------------------------------------------------------------------------------------------------------------------------------------------+
| IOB Name                           | Type             | Direction | IO Standard          | Diff  | Drive    | Slew | Reg (s)      | Resistor | IOB      |
|                                    |                  |           |                      | Term  | Strength | Rate |              |          | Delay    |
+---------------------------------------------------------------------------------------------------------------------------------------------------------+
| ClkB8                              | IBUF             | INPUT     | LVCMOS25             |       |          |      |              |          | 0 / 0    |
| DivClkOut                          | IOB              | OUTPUT    | LVCMOS25             |       | 12       | SLOW |              |          | 0 / 0    |
| OneHzClkOut                        | IOB              | OUTPUT    | LVCMOS25             |       | 12       | SLOW |              |          | 0 / 0    |
| anode<0>                           | IOB              | OUTPUT    | LVCMOS25             |       | 12       | SLOW |              |          | 0 / 0    |
| anode<1>                           | IOB              | OUTPUT    | LVCMOS25             |       | 12       | SLOW |              |          | 0 / 0    |
| anode<2>                           | IOB              | OUTPUT    | LVCMOS25             |       | 12       | SLOW |              |          | 0 / 0    |
| anode<3>                           | IOB              | OUTPUT    | LVCMOS25             |       | 12       | SLOW |              |          | 0 / 0    |
| isNeg                              | IOB              | OUTPUT    | LVCMOS25             |       | 12       | SLOW |              |          | 0 / 0    |
| sseg<0>                            | IOB              | OUTPUT    | LVCMOS25             |       | 12       | SLOW |              |          | 0 / 0    |
| sseg<1>                            | IOB              | OUTPUT    | LVCMOS25             |       | 12       | SLOW |              |          | 0 / 0    |
| sseg<2>                            | IOB              | OUTPUT    | LVCMOS25             |       | 12       | SLOW |              |          | 0 / 0    |
| sseg<3>                            | IOB              | OUTPUT    | LVCMOS25             |       | 12       | SLOW |              |          | 0 / 0    |
| sseg<4>                            | IOB              | OUTPUT    | LVCMOS25             |       | 12       | SLOW |              |          | 0 / 0    |
| sseg<5>                            | IOB              | OUTPUT    | LVCMOS25             |       | 12       | SLOW |              |          | 0 / 0    |
| sseg<6>                            | IOB              | OUTPUT    | LVCMOS25             |       | 12       | SLOW |              |          | 0 / 0    |
| sseg<7>                            | IOB              | OUTPUT    | LVCMOS25             |       | 12       | SLOW |              |          | 0 / 0    |
+---------------------------------------------------------------------------------------------------------------------------------------------------------+

Section 7 - RPMs
----------------
XLXI_102_XLXI_1_0                       
XLXI_2/XLXI_2_I_Q0_7                    
XLXI_2/XLXI_2_I_Q1_6                    
XLXI_2/XLXI_2_I_Q2_5                    
XLXI_2/XLXI_2_I_Q3_4                    
XLXI_4_XLXI_1_1                         
XLXI_4_XLXI_2_2                         
XLXI_75_15                              

Section 8 - Guide Report
------------------------
Guide not run on this design.

Section 9 - Area Group and Partition Summary
--------------------------------------------

Partition Implementation Status
-------------------------------

  No Partitions were found in this design.

-------------------------------

Area Group Information
----------------------

  No area groups were found in this design.

----------------------

Section 10 - Timing Report
--------------------------
This design was not run using timing mode.

Section 11 - Configuration String Details
-----------------------------------------
Use the "-detail" map option to print out Configuration Strings

Section 12 - Control Set Information
------------------------------------
No control set information for this architecture.

Section 13 - Utilization by Hierarchy
-------------------------------------
Use the "-detail" map option to print out the Utilization by Hierarchy section.
