#-----------------------------------------------------------
# PlanAhead v14.7 (64-bit)
# Build 321239 by xbuild on Fri Sep 27 19:29:51 MDT 2013
# Start of session at: Sat Sep 22 17:38:14 2018
# Process ID: 6476
# Log file: C:/Users/Robert/Desktop/phys301/ISE projects/adder2b/planAhead_run_1/planAhead.log
# Journal file: C:/Users/Robert/Desktop/phys301/ISE projects/adder2b/planAhead_run_1/planAhead.jou
#-----------------------------------------------------------
INFO: [Common 17-78] Attempting to get a license: PlanAhead
INFO: [Common 17-290] Got license for PlanAhead
INFO: [Device 21-36] Loading parts and site information from C:/Xilinx/14.7/ISE_DS/PlanAhead/data/parts/arch.xml
Parsing RTL primitives file [C:/Xilinx/14.7/ISE_DS/PlanAhead/data/parts/xilinx/rtl/prims/rtl_prims.xml]
Finished parsing RTL primitives file [C:/Xilinx/14.7/ISE_DS/PlanAhead/data/parts/xilinx/rtl/prims/rtl_prims.xml]
start_gui
source {C:/Users/Robert/Desktop/phys301/ISE projects/adder2b/pa.fromNetlist.tcl}
# create_project -name adder2b -dir "C:/Users/Robert/Desktop/phys301/ISE projects/adder2b/planAhead_run_1" -part xc3s100ecp132-4
# set_property design_mode GateLvl [get_property srcset [current_run -impl]]
# set_property edif_top_file "C:/Users/Robert/Desktop/phys301/ISE projects/adder2b/addr2b.ngc" [ get_property srcset [ current_run ] ]
# add_files -norecurse { {C:/Users/Robert/Desktop/phys301/ISE projects/adder2b} }
# set_param project.pinAheadLayout  yes
# set_property target_constrs_file "addr2b.ucf" [current_fileset -constrset]
Adding file 'C:/Users/Robert/Desktop/phys301/ISE projects/adder2b/addr2b.ucf' to fileset 'constrs_1'
# add_files [list {addr2b.ucf}] -fileset [get_property constrset [current_run]]
# link_design
Design is defaulting to srcset: sources_1
Design is defaulting to constrset: constrs_1
Design is defaulting to project part: xc3s100ecp132-4
Release 14.7 - ngc2edif P.20131013 (nt64)
Copyright (c) 1995-2013 Xilinx, Inc.  All rights reserved.
Reading design addr2b.ngc ...
WARNING:NetListWriters:298 - No output is written to addr2b.xncf, ignored.
Processing design ...
   Preping design's networks ...
   Preping design's macros ...
  finished :Prep
Writing EDIF netlist file addr2b.edif ...
ngc2edif: Total memory usage is 75020 kilobytes

Parsing EDIF File [./planAhead_run_1/adder2b.data/cache/addr2b_ngc_zx.edif]
Finished Parsing EDIF File [./planAhead_run_1/adder2b.data/cache/addr2b_ngc_zx.edif]
INFO: [Designutils 20-910] Reading macro library C:/Xilinx/14.7/ISE_DS/PlanAhead/data\./parts/xilinx/spartan3e/spartan3e/hd_int_macros.edn
Parsing EDIF File [C:/Xilinx/14.7/ISE_DS/PlanAhead/data\./parts/xilinx/spartan3e/spartan3e/hd_int_macros.edn]
Finished Parsing EDIF File [C:/Xilinx/14.7/ISE_DS/PlanAhead/data\./parts/xilinx/spartan3e/spartan3e/hd_int_macros.edn]
Loading clock regions from C:/Xilinx/14.7/ISE_DS/PlanAhead/data\parts/xilinx/spartan3e/spartan3e/xc3s100e/ClockRegion.xml
Loading clock buffers from C:/Xilinx/14.7/ISE_DS/PlanAhead/data\parts/xilinx/spartan3e/spartan3e/xc3s100e/ClockBuffers.xml
Loading package from C:/Xilinx/14.7/ISE_DS/PlanAhead/data\parts/xilinx/spartan3e/spartan3e/xc3s100e/cp132/Package.xml
Loading io standards from C:/Xilinx/14.7/ISE_DS/PlanAhead/data\./parts/xilinx/spartan3e/IOStandards.xml
INFO: [Device 21-19] Loading pkg sso from C:/Xilinx/14.7/ISE_DS/PlanAhead/data\parts/xilinx/spartan3e/spartan3e/xc3s100e/cp132/SSORules.xml
Loading list of drcs for the architecture : C:/Xilinx/14.7/ISE_DS/PlanAhead/data\./parts/xilinx/spartan3e/spartan3e/drc.xml
INFO: [Timing 38-77] Reading timing library C:/Xilinx/14.7/ISE_DS/PlanAhead/data\parts/xilinx/spartan3e/spartan3e/spartan3e-4.lib.
INFO: [Timing 38-34] Done reading timing library C:/Xilinx/14.7/ISE_DS/PlanAhead/data\parts/xilinx/spartan3e/spartan3e/spartan3e-4.lib.
Parsing UCF File [C:/Users/Robert/Desktop/phys301/ISE projects/adder2b/addr2b.ucf]
Finished Parsing UCF File [C:/Users/Robert/Desktop/phys301/ISE projects/adder2b/addr2b.ucf]
INFO: [Project 1-111] Unisim Transformation Summary:
No Unisim elements were transformed.

Phase 0 | Netlist Checksum: 17c90e67
link_design: Time (s): elapsed = 00:00:08 . Memory (MB): peak = 521.805 ; gain = 67.609
startgroup
set_property package_pin P11 [get_ports A0]
endgroup
startgroup
set_property package_pin L3 [get_ports A1]
endgroup
startgroup
set_property package_pin K3 [get_ports B0]
endgroup
startgroup
set_property package_pin B4 [get_ports B1]
endgroup
startgroup
set_property package_pin M5 [get_ports S0out]
endgroup
startgroup
set_property package_pin M11 [get_ports S1out]
endgroup
startgroup
set_property package_pin P7 [get_ports Cout]
endgroup
startgroup
set_property package_pin M5 [get_ports S0out]
endgroup
save_constraints
exit
ERROR: [PlanAhead 12-106] *** Exception: ui.h.b: Found deleted key in HTclEventBroker. Verify if the classes listed here call cleanup()
HTclEvent: DEBUG_CORE_CONFIG_CHANGE   Classes: ui.views.aR 
HTclEvent: DEBUG_PORT_CONFIG_CHANGE   Classes: ui.views.aR 
HTclEvent: SIGNAL_MODIFY   Classes: ui.views.aR 
HTclEvent: SIGNAL_BUS_MODIFY   Classes: ui.views.aR 
 (See C:/Users/Robert/Desktop/phys301/ISE projects/adder2b\planAhead_pid6476.debug)
ERROR: [Common 17-39] 'stop_gui' failed due to earlier errors.
INFO: [Common 17-206] Exiting PlanAhead at Sat Sep 22 17:39:35 2018...
INFO: [Common 17-83] Releasing license: PlanAhead
