Release 14.7 - xst P.20131013 (nt64)
Copyright (c) 1995-2013 Xilinx, Inc.  All rights reserved.
--> Parameter TMPDIR set to xst/projnav.tmp


Total REAL time to Xst completion: 0.00 secs
Total CPU time to Xst completion: 0.34 secs
 
--> Parameter xsthdpdir set to xst


Total REAL time to Xst completion: 0.00 secs
Total CPU time to Xst completion: 0.34 secs
 
--> Reading design: lab7_experiment9.prj

TABLE OF CONTENTS
  1) Synthesis Options Summary
  2) HDL Compilation
  3) Design Hierarchy Analysis
  4) HDL Analysis
  5) HDL Synthesis
     5.1) HDL Synthesis Report
  6) Advanced HDL Synthesis
     6.1) Advanced HDL Synthesis Report
  7) Low Level Synthesis
  8) Partition Report
  9) Final Report
	9.1) Device utilization summary
	9.2) Partition Resource Summary
	9.3) TIMING REPORT


=========================================================================
*                      Synthesis Options Summary                        *
=========================================================================
---- Source Parameters
Input File Name                    : "lab7_experiment9.prj"
Input Format                       : mixed
Ignore Synthesis Constraint File   : NO

---- Target Parameters
Output File Name                   : "lab7_experiment9"
Output Format                      : NGC
Target Device                      : xc3s100e-4-cp132

---- Source Options
Top Module Name                    : lab7_experiment9
Automatic FSM Extraction           : YES
FSM Encoding Algorithm             : Auto
Safe Implementation                : No
FSM Style                          : LUT
RAM Extraction                     : Yes
RAM Style                          : Auto
ROM Extraction                     : Yes
Mux Style                          : Auto
Decoder Extraction                 : YES
Priority Encoder Extraction        : Yes
Shift Register Extraction          : YES
Logical Shifter Extraction         : YES
XOR Collapsing                     : YES
ROM Style                          : Auto
Mux Extraction                     : Yes
Resource Sharing                   : YES
Asynchronous To Synchronous        : NO
Multiplier Style                   : Auto
Automatic Register Balancing       : No

---- Target Options
Add IO Buffers                     : YES
Global Maximum Fanout              : 100000
Add Generic Clock Buffer(BUFG)     : 24
Register Duplication               : YES
Slice Packing                      : YES
Optimize Instantiated Primitives   : NO
Use Clock Enable                   : Yes
Use Synchronous Set                : Yes
Use Synchronous Reset              : Yes
Pack IO Registers into IOBs        : Auto
Equivalent register Removal        : YES

---- General Options
Optimization Goal                  : Speed
Optimization Effort                : 1
Keep Hierarchy                     : No
Netlist Hierarchy                  : As_Optimized
RTL Output                         : Yes
Global Optimization                : AllClockNets
Read Cores                         : YES
Write Timing Constraints           : NO
Cross Clock Analysis               : NO
Hierarchy Separator                : /
Bus Delimiter                      : <>
Case Specifier                     : Maintain
Slice Utilization Ratio            : 100
BRAM Utilization Ratio             : 100
Verilog 2001                       : YES
Auto BRAM Packing                  : NO
Slice Utilization Ratio Delta      : 5

=========================================================================


=========================================================================
*                          HDL Compilation                              *
=========================================================================
Compiling vhdl file "C:/Users/John/Documents/PHYS301_Xilinx/Lab7/DCM_50M.vhd" in Library work.
Entity <DCM_50M> compiled.
Entity <DCM_50M> (Architecture <Behavioral>) compiled.
Compiling verilog file "lab7_experiment9.vf" in library work
Module <FJKCE_MXILINX_lab7_experiment9> compiled
Module <lab7_experiment9> compiled
No errors in compilation
Analysis of file <"lab7_experiment9.prj"> succeeded.
 

=========================================================================
*                     Design Hierarchy Analysis                         *
=========================================================================
Analyzing hierarchy for module <lab7_experiment9> in library <work>.

Analyzing hierarchy for module <FJKCE_MXILINX_lab7_experiment9> in library <work> with parameters.
	INIT = "0"

Analyzing hierarchy for entity <dcm_50m> in library <work> (architecture <Behavioral>) with generics.
	DIV100 = 50
	DIV1k = 500
	DIV50 = 25


=========================================================================
*                            HDL Analysis                               *
=========================================================================
Analyzing top module <lab7_experiment9>.
Module <lab7_experiment9> is correct for synthesis.
 
    Set user-defined property "HU_SET =  XLXI_40_0" for instance <XLXI_40> in unit <lab7_experiment9>.
Analyzing module <FJKCE_MXILINX_lab7_experiment9> in library <work>.
	INIT = 1'b0
Module <FJKCE_MXILINX_lab7_experiment9> is correct for synthesis.
 
    Set user-defined property "INIT =  0" for instance <I_36_32> in unit <FJKCE_MXILINX_lab7_experiment9>.
    Set user-defined property "RLOC =  X0Y0" for instance <I_36_32> in unit <FJKCE_MXILINX_lab7_experiment9>.
Analyzing generic Entity <dcm_50m> in library <work> (Architecture <Behavioral>).
	DIV100 = 50
	DIV1k = 500
	DIV50 = 25
Entity <dcm_50m> analyzed. Unit <dcm_50m> generated.


=========================================================================
*                           HDL Synthesis                               *
=========================================================================

Performing bidirectional port resolution...

Synthesizing Unit <dcm_50m>.
    Related source file is "C:/Users/John/Documents/PHYS301_Xilinx/Lab7/DCM_50M.vhd".
    Found 1-bit register for signal <clk_1>.
    Found 32-bit adder for signal <clk_1$add0000> created at line 121.
    Found 1-bit register for signal <clk_10k>.
    Found 1-bit register for signal <clk_1k>.
    Found 32-bit adder for signal <clk_1k$add0000> created at line 101.
    Found 1-bit register for signal <clk_1m>.
    Found 32-bit adder for signal <clk_1m$add0000> created at line 61.
    Found 32-bit up counter for signal <cnt1>.
    Found 32-bit comparator greater for signal <cnt1$cmp_gt0000> created at line 122.
    Found 32-bit up counter for signal <cnt10k>.
    Found 32-bit adder for signal <cnt10k$add0000> created at line 81.
    Found 32-bit comparator greater for signal <cnt10k$cmp_gt0000> created at line 82.
    Found 32-bit up counter for signal <cnt1k>.
    Found 32-bit comparator greater for signal <cnt1k$cmp_gt0000> created at line 102.
    Found 32-bit up counter for signal <cnt1M>.
    Found 32-bit comparator greatequal for signal <cnt1M$cmp_ge0000> created at line 62.
    Summary:
	inferred   4 Counter(s).
	inferred   4 D-type flip-flop(s).
	inferred   4 Adder/Subtractor(s).
	inferred   4 Comparator(s).
Unit <dcm_50m> synthesized.


Synthesizing Unit <FJKCE_MXILINX_lab7_experiment9>.
    Related source file is "lab7_experiment9.vf".
Unit <FJKCE_MXILINX_lab7_experiment9> synthesized.


Synthesizing Unit <lab7_experiment9>.
    Related source file is "lab7_experiment9.vf".
Unit <lab7_experiment9> synthesized.


=========================================================================
HDL Synthesis Report

Macro Statistics
# Adders/Subtractors                                   : 4
 32-bit adder                                          : 4
# Counters                                             : 4
 32-bit up counter                                     : 4
# Registers                                            : 4
 1-bit register                                        : 4
# Comparators                                          : 4
 32-bit comparator greatequal                          : 1
 32-bit comparator greater                             : 3

=========================================================================

=========================================================================
*                       Advanced HDL Synthesis                          *
=========================================================================


=========================================================================
Advanced HDL Synthesis Report

Macro Statistics
# Adders/Subtractors                                   : 4
 32-bit adder                                          : 4
# Counters                                             : 4
 32-bit up counter                                     : 4
# Registers                                            : 5
 Flip-Flops                                            : 5
# Comparators                                          : 4
 32-bit comparator greatequal                          : 1
 32-bit comparator greater                             : 3

=========================================================================

=========================================================================
*                         Low Level Synthesis                           *
=========================================================================

Optimizing unit <lab7_experiment9> ...

Optimizing unit <dcm_50m> ...

Optimizing unit <FJKCE_MXILINX_lab7_experiment9> ...
WARNING:Xst:2677 - Node <XLXI_48/cnt10k_31> of sequential type is unconnected in block <lab7_experiment9>.
WARNING:Xst:2677 - Node <XLXI_48/cnt10k_30> of sequential type is unconnected in block <lab7_experiment9>.
WARNING:Xst:2677 - Node <XLXI_48/cnt10k_29> of sequential type is unconnected in block <lab7_experiment9>.
WARNING:Xst:2677 - Node <XLXI_48/cnt10k_28> of sequential type is unconnected in block <lab7_experiment9>.
WARNING:Xst:2677 - Node <XLXI_48/cnt10k_27> of sequential type is unconnected in block <lab7_experiment9>.
WARNING:Xst:2677 - Node <XLXI_48/cnt10k_26> of sequential type is unconnected in block <lab7_experiment9>.
WARNING:Xst:2677 - Node <XLXI_48/cnt10k_25> of sequential type is unconnected in block <lab7_experiment9>.
WARNING:Xst:2677 - Node <XLXI_48/cnt10k_24> of sequential type is unconnected in block <lab7_experiment9>.
WARNING:Xst:2677 - Node <XLXI_48/cnt10k_23> of sequential type is unconnected in block <lab7_experiment9>.
WARNING:Xst:2677 - Node <XLXI_48/cnt10k_22> of sequential type is unconnected in block <lab7_experiment9>.
WARNING:Xst:2677 - Node <XLXI_48/cnt10k_21> of sequential type is unconnected in block <lab7_experiment9>.
WARNING:Xst:2677 - Node <XLXI_48/cnt10k_20> of sequential type is unconnected in block <lab7_experiment9>.
WARNING:Xst:2677 - Node <XLXI_48/cnt10k_19> of sequential type is unconnected in block <lab7_experiment9>.
WARNING:Xst:2677 - Node <XLXI_48/cnt10k_18> of sequential type is unconnected in block <lab7_experiment9>.
WARNING:Xst:2677 - Node <XLXI_48/cnt10k_17> of sequential type is unconnected in block <lab7_experiment9>.
WARNING:Xst:2677 - Node <XLXI_48/cnt10k_16> of sequential type is unconnected in block <lab7_experiment9>.
WARNING:Xst:2677 - Node <XLXI_48/cnt10k_15> of sequential type is unconnected in block <lab7_experiment9>.
WARNING:Xst:2677 - Node <XLXI_48/cnt10k_14> of sequential type is unconnected in block <lab7_experiment9>.
WARNING:Xst:2677 - Node <XLXI_48/cnt10k_13> of sequential type is unconnected in block <lab7_experiment9>.
WARNING:Xst:2677 - Node <XLXI_48/cnt10k_12> of sequential type is unconnected in block <lab7_experiment9>.
WARNING:Xst:2677 - Node <XLXI_48/cnt10k_11> of sequential type is unconnected in block <lab7_experiment9>.
WARNING:Xst:2677 - Node <XLXI_48/cnt10k_10> of sequential type is unconnected in block <lab7_experiment9>.
WARNING:Xst:2677 - Node <XLXI_48/cnt10k_9> of sequential type is unconnected in block <lab7_experiment9>.
WARNING:Xst:2677 - Node <XLXI_48/cnt10k_8> of sequential type is unconnected in block <lab7_experiment9>.
WARNING:Xst:2677 - Node <XLXI_48/cnt10k_7> of sequential type is unconnected in block <lab7_experiment9>.
WARNING:Xst:2677 - Node <XLXI_48/cnt10k_6> of sequential type is unconnected in block <lab7_experiment9>.
WARNING:Xst:2677 - Node <XLXI_48/cnt10k_5> of sequential type is unconnected in block <lab7_experiment9>.
WARNING:Xst:2677 - Node <XLXI_48/cnt10k_4> of sequential type is unconnected in block <lab7_experiment9>.
WARNING:Xst:2677 - Node <XLXI_48/cnt10k_3> of sequential type is unconnected in block <lab7_experiment9>.
WARNING:Xst:2677 - Node <XLXI_48/cnt10k_2> of sequential type is unconnected in block <lab7_experiment9>.
WARNING:Xst:2677 - Node <XLXI_48/cnt10k_1> of sequential type is unconnected in block <lab7_experiment9>.
WARNING:Xst:2677 - Node <XLXI_48/cnt10k_0> of sequential type is unconnected in block <lab7_experiment9>.
WARNING:Xst:2677 - Node <XLXI_48/clk_10k> of sequential type is unconnected in block <lab7_experiment9>.

Mapping all equations...
Building and optimizing final netlist ...
Found area constraint ratio of 100 (+ 5) on block lab7_experiment9, actual ratio is 12.

Final Macro Processing ...

=========================================================================
Final Register Report

Macro Statistics
# Registers                                            : 100
 Flip-Flops                                            : 100

=========================================================================

=========================================================================
*                           Partition Report                            *
=========================================================================

Partition Implementation Status
-------------------------------

  No Partitions were found in this design.

-------------------------------

=========================================================================
*                            Final Report                               *
=========================================================================
Final Results
RTL Top Level Output File Name     : lab7_experiment9.ngr
Top Level Output File Name         : lab7_experiment9
Output Format                      : NGC
Optimization Goal                  : Speed
Keep Hierarchy                     : No

Design Statistics
# IOs                              : 5

Cell Usage :
# BELS                             : 652
#      AND2B1                      : 1
#      AND3B1                      : 1
#      AND3B2                      : 1
#      GND                         : 1
#      INV                         : 14
#      LUT1                        : 98
#      LUT2                        : 71
#      LUT3                        : 32
#      LUT4                        : 18
#      MUXCY                       : 221
#      OR3                         : 1
#      VCC                         : 1
#      XORCY                       : 192
# FlipFlops/Latches                : 100
#      FDCE                        : 1
#      FDE                         : 99
# Clock Buffers                    : 3
#      BUFG                        : 2
#      BUFGP                       : 1
# IO Buffers                       : 4
#      IBUF                        : 3
#      OBUF                        : 1
=========================================================================

Device utilization summary:
---------------------------

Selected Device : 3s100ecp132-4 

 Number of Slices:                      118  out of    960    12%  
 Number of Slice Flip Flops:            100  out of   1920     5%  
 Number of 4 input LUTs:                233  out of   1920    12%  
 Number of IOs:                           5
 Number of bonded IOBs:                   5  out of     83     6%  
 Number of GCLKs:                         3  out of     24    12%  

---------------------------
Partition Resource Summary:
---------------------------

  No Partitions were found in this design.

---------------------------


=========================================================================
TIMING REPORT

NOTE: THESE TIMING NUMBERS ARE ONLY A SYNTHESIS ESTIMATE.
      FOR ACCURATE TIMING INFORMATION PLEASE REFER TO THE TRACE REPORT
      GENERATED AFTER PLACE-and-ROUTE.

Clock Information:
------------------
-----------------------------------+------------------------+-------+
Clock Signal                       | Clock buffer(FF name)  | Load  |
-----------------------------------+------------------------+-------+
CLKin                              | BUFGP                  | 33    |
XLXI_48/clk_1m1                    | BUFG                   | 33    |
XLXI_48/clk_1k1                    | BUFG                   | 33    |
XLXI_48/clk_1                      | NONE(XLXI_40/I_36_32)  | 1     |
-----------------------------------+------------------------+-------+
INFO:Xst:2169 - HDL ADVISOR - Some clock signals were not automatically buffered by XST with BUFG/BUFR resources. Please use the buffer_type constraint in order to insert these buffers to the clock signals to help prevent skew problems.

Asynchronous Control Signals Information:
----------------------------------------
-----------------------------------+------------------------+-------+
Control Signal                     | Buffer(FF name)        | Load  |
-----------------------------------+------------------------+-------+
CLRin                              | IBUF                   | 1     |
-----------------------------------+------------------------+-------+

Timing Summary:
---------------
Speed Grade: -4

   Minimum period: 12.220ns (Maximum Frequency: 81.834MHz)
   Minimum input arrival time before clock: 4.305ns
   Maximum output required time after clock: 4.394ns
   Maximum combinational path delay: No path found

Timing Detail:
--------------
All values displayed in nanoseconds (ns)

=========================================================================
Timing constraint: Default period analysis for Clock 'CLKin'
  Clock period: 12.220ns (frequency: 81.834MHz)
  Total number of paths / destination ports: 296737 / 34
-------------------------------------------------------------------------
Delay:               12.220ns (Levels of Logic = 66)
  Source:            XLXI_48/cnt1M_1 (FF)
  Destination:       XLXI_48/cnt1M_31 (FF)
  Source Clock:      CLKin rising
  Destination Clock: CLKin rising

  Data Path: XLXI_48/cnt1M_1 to XLXI_48/cnt1M_31
                                Gate     Net
    Cell:in->out      fanout   Delay   Delay  Logical Name (Net Name)
    ----------------------------------------  ------------
     FDE:C->Q              2   0.591   0.622  XLXI_48/cnt1M_1 (XLXI_48/cnt1M_1)
     LUT1:I0->O            1   0.704   0.000  XLXI_48/Madd_clk_1m_add0000_cy<1>_rt (XLXI_48/Madd_clk_1m_add0000_cy<1>_rt)
     MUXCY:S->O            1   0.464   0.000  XLXI_48/Madd_clk_1m_add0000_cy<1> (XLXI_48/Madd_clk_1m_add0000_cy<1>)
     MUXCY:CI->O           1   0.059   0.000  XLXI_48/Madd_clk_1m_add0000_cy<2> (XLXI_48/Madd_clk_1m_add0000_cy<2>)
     MUXCY:CI->O           1   0.059   0.000  XLXI_48/Madd_clk_1m_add0000_cy<3> (XLXI_48/Madd_clk_1m_add0000_cy<3>)
     MUXCY:CI->O           1   0.059   0.000  XLXI_48/Madd_clk_1m_add0000_cy<4> (XLXI_48/Madd_clk_1m_add0000_cy<4>)
     MUXCY:CI->O           1   0.059   0.000  XLXI_48/Madd_clk_1m_add0000_cy<5> (XLXI_48/Madd_clk_1m_add0000_cy<5>)
     MUXCY:CI->O           1   0.059   0.000  XLXI_48/Madd_clk_1m_add0000_cy<6> (XLXI_48/Madd_clk_1m_add0000_cy<6>)
     MUXCY:CI->O           1   0.059   0.000  XLXI_48/Madd_clk_1m_add0000_cy<7> (XLXI_48/Madd_clk_1m_add0000_cy<7>)
     MUXCY:CI->O           1   0.059   0.000  XLXI_48/Madd_clk_1m_add0000_cy<8> (XLXI_48/Madd_clk_1m_add0000_cy<8>)
     MUXCY:CI->O           1   0.059   0.000  XLXI_48/Madd_clk_1m_add0000_cy<9> (XLXI_48/Madd_clk_1m_add0000_cy<9>)
     MUXCY:CI->O           1   0.059   0.000  XLXI_48/Madd_clk_1m_add0000_cy<10> (XLXI_48/Madd_clk_1m_add0000_cy<10>)
     MUXCY:CI->O           1   0.059   0.000  XLXI_48/Madd_clk_1m_add0000_cy<11> (XLXI_48/Madd_clk_1m_add0000_cy<11>)
     MUXCY:CI->O           1   0.059   0.000  XLXI_48/Madd_clk_1m_add0000_cy<12> (XLXI_48/Madd_clk_1m_add0000_cy<12>)
     MUXCY:CI->O           1   0.059   0.000  XLXI_48/Madd_clk_1m_add0000_cy<13> (XLXI_48/Madd_clk_1m_add0000_cy<13>)
     MUXCY:CI->O           1   0.059   0.000  XLXI_48/Madd_clk_1m_add0000_cy<14> (XLXI_48/Madd_clk_1m_add0000_cy<14>)
     MUXCY:CI->O           1   0.059   0.000  XLXI_48/Madd_clk_1m_add0000_cy<15> (XLXI_48/Madd_clk_1m_add0000_cy<15>)
     MUXCY:CI->O           1   0.059   0.000  XLXI_48/Madd_clk_1m_add0000_cy<16> (XLXI_48/Madd_clk_1m_add0000_cy<16>)
     MUXCY:CI->O           1   0.059   0.000  XLXI_48/Madd_clk_1m_add0000_cy<17> (XLXI_48/Madd_clk_1m_add0000_cy<17>)
     MUXCY:CI->O           1   0.059   0.000  XLXI_48/Madd_clk_1m_add0000_cy<18> (XLXI_48/Madd_clk_1m_add0000_cy<18>)
     MUXCY:CI->O           1   0.059   0.000  XLXI_48/Madd_clk_1m_add0000_cy<19> (XLXI_48/Madd_clk_1m_add0000_cy<19>)
     MUXCY:CI->O           1   0.059   0.000  XLXI_48/Madd_clk_1m_add0000_cy<20> (XLXI_48/Madd_clk_1m_add0000_cy<20>)
     MUXCY:CI->O           1   0.059   0.000  XLXI_48/Madd_clk_1m_add0000_cy<21> (XLXI_48/Madd_clk_1m_add0000_cy<21>)
     MUXCY:CI->O           1   0.059   0.000  XLXI_48/Madd_clk_1m_add0000_cy<22> (XLXI_48/Madd_clk_1m_add0000_cy<22>)
     MUXCY:CI->O           1   0.059   0.000  XLXI_48/Madd_clk_1m_add0000_cy<23> (XLXI_48/Madd_clk_1m_add0000_cy<23>)
     MUXCY:CI->O           1   0.059   0.000  XLXI_48/Madd_clk_1m_add0000_cy<24> (XLXI_48/Madd_clk_1m_add0000_cy<24>)
     MUXCY:CI->O           1   0.059   0.000  XLXI_48/Madd_clk_1m_add0000_cy<25> (XLXI_48/Madd_clk_1m_add0000_cy<25>)
     MUXCY:CI->O           1   0.059   0.000  XLXI_48/Madd_clk_1m_add0000_cy<26> (XLXI_48/Madd_clk_1m_add0000_cy<26>)
     MUXCY:CI->O           1   0.059   0.000  XLXI_48/Madd_clk_1m_add0000_cy<27> (XLXI_48/Madd_clk_1m_add0000_cy<27>)
     MUXCY:CI->O           1   0.059   0.000  XLXI_48/Madd_clk_1m_add0000_cy<28> (XLXI_48/Madd_clk_1m_add0000_cy<28>)
     XORCY:CI->O           1   0.804   0.595  XLXI_48/Madd_clk_1m_add0000_xor<29> (XLXI_48/clk_1m_add0000<29>)
     LUT2:I0->O            1   0.704   0.000  XLXI_48/Mcompar_cnt1M_cmp_ge0000_lut<9> (XLXI_48/Mcompar_cnt1M_cmp_ge0000_lut<9>)
     MUXCY:S->O            1   0.464   0.000  XLXI_48/Mcompar_cnt1M_cmp_ge0000_cy<9> (XLXI_48/Mcompar_cnt1M_cmp_ge0000_cy<9>)
     MUXCY:CI->O          34   0.331   1.298  XLXI_48/Mcompar_cnt1M_cmp_ge0000_cy<10> (XLXI_48/clk_1m_and0000)
     LUT3:I2->O            1   0.704   0.000  XLXI_48/Mcount_cnt1M_lut<0> (XLXI_48/Mcount_cnt1M_lut<0>)
     MUXCY:S->O            1   0.464   0.000  XLXI_48/Mcount_cnt1M_cy<0> (XLXI_48/Mcount_cnt1M_cy<0>)
     MUXCY:CI->O           1   0.059   0.000  XLXI_48/Mcount_cnt1M_cy<1> (XLXI_48/Mcount_cnt1M_cy<1>)
     MUXCY:CI->O           1   0.059   0.000  XLXI_48/Mcount_cnt1M_cy<2> (XLXI_48/Mcount_cnt1M_cy<2>)
     MUXCY:CI->O           1   0.059   0.000  XLXI_48/Mcount_cnt1M_cy<3> (XLXI_48/Mcount_cnt1M_cy<3>)
     MUXCY:CI->O           1   0.059   0.000  XLXI_48/Mcount_cnt1M_cy<4> (XLXI_48/Mcount_cnt1M_cy<4>)
     MUXCY:CI->O           1   0.059   0.000  XLXI_48/Mcount_cnt1M_cy<5> (XLXI_48/Mcount_cnt1M_cy<5>)
     MUXCY:CI->O           1   0.059   0.000  XLXI_48/Mcount_cnt1M_cy<6> (XLXI_48/Mcount_cnt1M_cy<6>)
     MUXCY:CI->O           1   0.059   0.000  XLXI_48/Mcount_cnt1M_cy<7> (XLXI_48/Mcount_cnt1M_cy<7>)
     MUXCY:CI->O           1   0.059   0.000  XLXI_48/Mcount_cnt1M_cy<8> (XLXI_48/Mcount_cnt1M_cy<8>)
     MUXCY:CI->O           1   0.059   0.000  XLXI_48/Mcount_cnt1M_cy<9> (XLXI_48/Mcount_cnt1M_cy<9>)
     MUXCY:CI->O           1   0.059   0.000  XLXI_48/Mcount_cnt1M_cy<10> (XLXI_48/Mcount_cnt1M_cy<10>)
     MUXCY:CI->O           1   0.059   0.000  XLXI_48/Mcount_cnt1M_cy<11> (XLXI_48/Mcount_cnt1M_cy<11>)
     MUXCY:CI->O           1   0.059   0.000  XLXI_48/Mcount_cnt1M_cy<12> (XLXI_48/Mcount_cnt1M_cy<12>)
     MUXCY:CI->O           1   0.059   0.000  XLXI_48/Mcount_cnt1M_cy<13> (XLXI_48/Mcount_cnt1M_cy<13>)
     MUXCY:CI->O           1   0.059   0.000  XLXI_48/Mcount_cnt1M_cy<14> (XLXI_48/Mcount_cnt1M_cy<14>)
     MUXCY:CI->O           1   0.059   0.000  XLXI_48/Mcount_cnt1M_cy<15> (XLXI_48/Mcount_cnt1M_cy<15>)
     MUXCY:CI->O           1   0.059   0.000  XLXI_48/Mcount_cnt1M_cy<16> (XLXI_48/Mcount_cnt1M_cy<16>)
     MUXCY:CI->O           1   0.059   0.000  XLXI_48/Mcount_cnt1M_cy<17> (XLXI_48/Mcount_cnt1M_cy<17>)
     MUXCY:CI->O           1   0.059   0.000  XLXI_48/Mcount_cnt1M_cy<18> (XLXI_48/Mcount_cnt1M_cy<18>)
     MUXCY:CI->O           1   0.059   0.000  XLXI_48/Mcount_cnt1M_cy<19> (XLXI_48/Mcount_cnt1M_cy<19>)
     MUXCY:CI->O           1   0.059   0.000  XLXI_48/Mcount_cnt1M_cy<20> (XLXI_48/Mcount_cnt1M_cy<20>)
     MUXCY:CI->O           1   0.059   0.000  XLXI_48/Mcount_cnt1M_cy<21> (XLXI_48/Mcount_cnt1M_cy<21>)
     MUXCY:CI->O           1   0.059   0.000  XLXI_48/Mcount_cnt1M_cy<22> (XLXI_48/Mcount_cnt1M_cy<22>)
     MUXCY:CI->O           1   0.059   0.000  XLXI_48/Mcount_cnt1M_cy<23> (XLXI_48/Mcount_cnt1M_cy<23>)
     MUXCY:CI->O           1   0.059   0.000  XLXI_48/Mcount_cnt1M_cy<24> (XLXI_48/Mcount_cnt1M_cy<24>)
     MUXCY:CI->O           1   0.059   0.000  XLXI_48/Mcount_cnt1M_cy<25> (XLXI_48/Mcount_cnt1M_cy<25>)
     MUXCY:CI->O           1   0.059   0.000  XLXI_48/Mcount_cnt1M_cy<26> (XLXI_48/Mcount_cnt1M_cy<26>)
     MUXCY:CI->O           1   0.059   0.000  XLXI_48/Mcount_cnt1M_cy<27> (XLXI_48/Mcount_cnt1M_cy<27>)
     MUXCY:CI->O           1   0.059   0.000  XLXI_48/Mcount_cnt1M_cy<28> (XLXI_48/Mcount_cnt1M_cy<28>)
     MUXCY:CI->O           1   0.059   0.000  XLXI_48/Mcount_cnt1M_cy<29> (XLXI_48/Mcount_cnt1M_cy<29>)
     MUXCY:CI->O           0   0.059   0.000  XLXI_48/Mcount_cnt1M_cy<30> (XLXI_48/Mcount_cnt1M_cy<30>)
     XORCY:CI->O           1   0.804   0.000  XLXI_48/Mcount_cnt1M_xor<31> (XLXI_48/Mcount_cnt1M31)
     FDE:D                     0.308          XLXI_48/cnt1M_31
    ----------------------------------------
    Total                     12.220ns (9.705ns logic, 2.515ns route)
                                       (79.4% logic, 20.6% route)

=========================================================================
Timing constraint: Default period analysis for Clock 'XLXI_48/clk_1m1'
  Clock period: 11.992ns (frequency: 83.390MHz)
  Total number of paths / destination ports: 314689 / 34
-------------------------------------------------------------------------
Delay:               11.992ns (Levels of Logic = 66)
  Source:            XLXI_48/cnt1k_1 (FF)
  Destination:       XLXI_48/cnt1k_31 (FF)
  Source Clock:      XLXI_48/clk_1m1 rising
  Destination Clock: XLXI_48/clk_1m1 rising

  Data Path: XLXI_48/cnt1k_1 to XLXI_48/cnt1k_31
                                Gate     Net
    Cell:in->out      fanout   Delay   Delay  Logical Name (Net Name)
    ----------------------------------------  ------------
     FDE:C->Q              2   0.591   0.622  XLXI_48/cnt1k_1 (XLXI_48/cnt1k_1)
     LUT1:I0->O            1   0.704   0.000  XLXI_48/Madd_clk_1k_add0000_cy<1>_rt (XLXI_48/Madd_clk_1k_add0000_cy<1>_rt)
     MUXCY:S->O            1   0.464   0.000  XLXI_48/Madd_clk_1k_add0000_cy<1> (XLXI_48/Madd_clk_1k_add0000_cy<1>)
     MUXCY:CI->O           1   0.059   0.000  XLXI_48/Madd_clk_1k_add0000_cy<2> (XLXI_48/Madd_clk_1k_add0000_cy<2>)
     MUXCY:CI->O           1   0.059   0.000  XLXI_48/Madd_clk_1k_add0000_cy<3> (XLXI_48/Madd_clk_1k_add0000_cy<3>)
     MUXCY:CI->O           1   0.059   0.000  XLXI_48/Madd_clk_1k_add0000_cy<4> (XLXI_48/Madd_clk_1k_add0000_cy<4>)
     MUXCY:CI->O           1   0.059   0.000  XLXI_48/Madd_clk_1k_add0000_cy<5> (XLXI_48/Madd_clk_1k_add0000_cy<5>)
     MUXCY:CI->O           1   0.059   0.000  XLXI_48/Madd_clk_1k_add0000_cy<6> (XLXI_48/Madd_clk_1k_add0000_cy<6>)
     MUXCY:CI->O           1   0.059   0.000  XLXI_48/Madd_clk_1k_add0000_cy<7> (XLXI_48/Madd_clk_1k_add0000_cy<7>)
     MUXCY:CI->O           1   0.059   0.000  XLXI_48/Madd_clk_1k_add0000_cy<8> (XLXI_48/Madd_clk_1k_add0000_cy<8>)
     MUXCY:CI->O           1   0.059   0.000  XLXI_48/Madd_clk_1k_add0000_cy<9> (XLXI_48/Madd_clk_1k_add0000_cy<9>)
     MUXCY:CI->O           1   0.059   0.000  XLXI_48/Madd_clk_1k_add0000_cy<10> (XLXI_48/Madd_clk_1k_add0000_cy<10>)
     MUXCY:CI->O           1   0.059   0.000  XLXI_48/Madd_clk_1k_add0000_cy<11> (XLXI_48/Madd_clk_1k_add0000_cy<11>)
     MUXCY:CI->O           1   0.059   0.000  XLXI_48/Madd_clk_1k_add0000_cy<12> (XLXI_48/Madd_clk_1k_add0000_cy<12>)
     MUXCY:CI->O           1   0.059   0.000  XLXI_48/Madd_clk_1k_add0000_cy<13> (XLXI_48/Madd_clk_1k_add0000_cy<13>)
     MUXCY:CI->O           1   0.059   0.000  XLXI_48/Madd_clk_1k_add0000_cy<14> (XLXI_48/Madd_clk_1k_add0000_cy<14>)
     MUXCY:CI->O           1   0.059   0.000  XLXI_48/Madd_clk_1k_add0000_cy<15> (XLXI_48/Madd_clk_1k_add0000_cy<15>)
     MUXCY:CI->O           1   0.059   0.000  XLXI_48/Madd_clk_1k_add0000_cy<16> (XLXI_48/Madd_clk_1k_add0000_cy<16>)
     MUXCY:CI->O           1   0.059   0.000  XLXI_48/Madd_clk_1k_add0000_cy<17> (XLXI_48/Madd_clk_1k_add0000_cy<17>)
     MUXCY:CI->O           1   0.059   0.000  XLXI_48/Madd_clk_1k_add0000_cy<18> (XLXI_48/Madd_clk_1k_add0000_cy<18>)
     MUXCY:CI->O           1   0.059   0.000  XLXI_48/Madd_clk_1k_add0000_cy<19> (XLXI_48/Madd_clk_1k_add0000_cy<19>)
     MUXCY:CI->O           1   0.059   0.000  XLXI_48/Madd_clk_1k_add0000_cy<20> (XLXI_48/Madd_clk_1k_add0000_cy<20>)
     MUXCY:CI->O           1   0.059   0.000  XLXI_48/Madd_clk_1k_add0000_cy<21> (XLXI_48/Madd_clk_1k_add0000_cy<21>)
     MUXCY:CI->O           1   0.059   0.000  XLXI_48/Madd_clk_1k_add0000_cy<22> (XLXI_48/Madd_clk_1k_add0000_cy<22>)
     MUXCY:CI->O           1   0.059   0.000  XLXI_48/Madd_clk_1k_add0000_cy<23> (XLXI_48/Madd_clk_1k_add0000_cy<23>)
     MUXCY:CI->O           1   0.059   0.000  XLXI_48/Madd_clk_1k_add0000_cy<24> (XLXI_48/Madd_clk_1k_add0000_cy<24>)
     MUXCY:CI->O           1   0.059   0.000  XLXI_48/Madd_clk_1k_add0000_cy<25> (XLXI_48/Madd_clk_1k_add0000_cy<25>)
     MUXCY:CI->O           1   0.059   0.000  XLXI_48/Madd_clk_1k_add0000_cy<26> (XLXI_48/Madd_clk_1k_add0000_cy<26>)
     MUXCY:CI->O           1   0.059   0.000  XLXI_48/Madd_clk_1k_add0000_cy<27> (XLXI_48/Madd_clk_1k_add0000_cy<27>)
     MUXCY:CI->O           1   0.059   0.000  XLXI_48/Madd_clk_1k_add0000_cy<28> (XLXI_48/Madd_clk_1k_add0000_cy<28>)
     XORCY:CI->O           1   0.804   0.595  XLXI_48/Madd_clk_1k_add0000_xor<29> (XLXI_48/clk_1k_add0000<29>)
     LUT2:I0->O            1   0.704   0.000  XLXI_48/Mcompar_cnt1k_cmp_gt0000_lut<10> (XLXI_48/Mcompar_cnt1k_cmp_gt0000_lut<10>)
     MUXCY:S->O            1   0.464   0.000  XLXI_48/Mcompar_cnt1k_cmp_gt0000_cy<10> (XLXI_48/Mcompar_cnt1k_cmp_gt0000_cy<10>)
     MUXCY:CI->O          34   0.059   1.342  XLXI_48/Mcompar_cnt1k_cmp_gt0000_cy<11> (XLXI_48/Mcompar_cnt1k_cmp_gt0000_cy<11>)
     LUT2:I1->O            1   0.704   0.000  XLXI_48/Mcount_cnt1k_lut<0> (XLXI_48/Mcount_cnt1k_lut<0>)
     MUXCY:S->O            1   0.464   0.000  XLXI_48/Mcount_cnt1k_cy<0> (XLXI_48/Mcount_cnt1k_cy<0>)
     MUXCY:CI->O           1   0.059   0.000  XLXI_48/Mcount_cnt1k_cy<1> (XLXI_48/Mcount_cnt1k_cy<1>)
     MUXCY:CI->O           1   0.059   0.000  XLXI_48/Mcount_cnt1k_cy<2> (XLXI_48/Mcount_cnt1k_cy<2>)
     MUXCY:CI->O           1   0.059   0.000  XLXI_48/Mcount_cnt1k_cy<3> (XLXI_48/Mcount_cnt1k_cy<3>)
     MUXCY:CI->O           1   0.059   0.000  XLXI_48/Mcount_cnt1k_cy<4> (XLXI_48/Mcount_cnt1k_cy<4>)
     MUXCY:CI->O           1   0.059   0.000  XLXI_48/Mcount_cnt1k_cy<5> (XLXI_48/Mcount_cnt1k_cy<5>)
     MUXCY:CI->O           1   0.059   0.000  XLXI_48/Mcount_cnt1k_cy<6> (XLXI_48/Mcount_cnt1k_cy<6>)
     MUXCY:CI->O           1   0.059   0.000  XLXI_48/Mcount_cnt1k_cy<7> (XLXI_48/Mcount_cnt1k_cy<7>)
     MUXCY:CI->O           1   0.059   0.000  XLXI_48/Mcount_cnt1k_cy<8> (XLXI_48/Mcount_cnt1k_cy<8>)
     MUXCY:CI->O           1   0.059   0.000  XLXI_48/Mcount_cnt1k_cy<9> (XLXI_48/Mcount_cnt1k_cy<9>)
     MUXCY:CI->O           1   0.059   0.000  XLXI_48/Mcount_cnt1k_cy<10> (XLXI_48/Mcount_cnt1k_cy<10>)
     MUXCY:CI->O           1   0.059   0.000  XLXI_48/Mcount_cnt1k_cy<11> (XLXI_48/Mcount_cnt1k_cy<11>)
     MUXCY:CI->O           1   0.059   0.000  XLXI_48/Mcount_cnt1k_cy<12> (XLXI_48/Mcount_cnt1k_cy<12>)
     MUXCY:CI->O           1   0.059   0.000  XLXI_48/Mcount_cnt1k_cy<13> (XLXI_48/Mcount_cnt1k_cy<13>)
     MUXCY:CI->O           1   0.059   0.000  XLXI_48/Mcount_cnt1k_cy<14> (XLXI_48/Mcount_cnt1k_cy<14>)
     MUXCY:CI->O           1   0.059   0.000  XLXI_48/Mcount_cnt1k_cy<15> (XLXI_48/Mcount_cnt1k_cy<15>)
     MUXCY:CI->O           1   0.059   0.000  XLXI_48/Mcount_cnt1k_cy<16> (XLXI_48/Mcount_cnt1k_cy<16>)
     MUXCY:CI->O           1   0.059   0.000  XLXI_48/Mcount_cnt1k_cy<17> (XLXI_48/Mcount_cnt1k_cy<17>)
     MUXCY:CI->O           1   0.059   0.000  XLXI_48/Mcount_cnt1k_cy<18> (XLXI_48/Mcount_cnt1k_cy<18>)
     MUXCY:CI->O           1   0.059   0.000  XLXI_48/Mcount_cnt1k_cy<19> (XLXI_48/Mcount_cnt1k_cy<19>)
     MUXCY:CI->O           1   0.059   0.000  XLXI_48/Mcount_cnt1k_cy<20> (XLXI_48/Mcount_cnt1k_cy<20>)
     MUXCY:CI->O           1   0.059   0.000  XLXI_48/Mcount_cnt1k_cy<21> (XLXI_48/Mcount_cnt1k_cy<21>)
     MUXCY:CI->O           1   0.059   0.000  XLXI_48/Mcount_cnt1k_cy<22> (XLXI_48/Mcount_cnt1k_cy<22>)
     MUXCY:CI->O           1   0.059   0.000  XLXI_48/Mcount_cnt1k_cy<23> (XLXI_48/Mcount_cnt1k_cy<23>)
     MUXCY:CI->O           1   0.059   0.000  XLXI_48/Mcount_cnt1k_cy<24> (XLXI_48/Mcount_cnt1k_cy<24>)
     MUXCY:CI->O           1   0.059   0.000  XLXI_48/Mcount_cnt1k_cy<25> (XLXI_48/Mcount_cnt1k_cy<25>)
     MUXCY:CI->O           1   0.059   0.000  XLXI_48/Mcount_cnt1k_cy<26> (XLXI_48/Mcount_cnt1k_cy<26>)
     MUXCY:CI->O           1   0.059   0.000  XLXI_48/Mcount_cnt1k_cy<27> (XLXI_48/Mcount_cnt1k_cy<27>)
     MUXCY:CI->O           1   0.059   0.000  XLXI_48/Mcount_cnt1k_cy<28> (XLXI_48/Mcount_cnt1k_cy<28>)
     MUXCY:CI->O           1   0.059   0.000  XLXI_48/Mcount_cnt1k_cy<29> (XLXI_48/Mcount_cnt1k_cy<29>)
     MUXCY:CI->O           0   0.059   0.000  XLXI_48/Mcount_cnt1k_cy<30> (XLXI_48/Mcount_cnt1k_cy<30>)
     XORCY:CI->O           1   0.804   0.000  XLXI_48/Mcount_cnt1k_xor<31> (XLXI_48/Mcount_cnt1k31)
     FDE:D                     0.308          XLXI_48/cnt1k_31
    ----------------------------------------
    Total                     11.992ns (9.433ns logic, 2.559ns route)
                                       (78.7% logic, 21.3% route)

=========================================================================
Timing constraint: Default period analysis for Clock 'XLXI_48/clk_1k1'
  Clock period: 11.992ns (frequency: 83.390MHz)
  Total number of paths / destination ports: 314689 / 34
-------------------------------------------------------------------------
Delay:               11.992ns (Levels of Logic = 66)
  Source:            XLXI_48/cnt1_1 (FF)
  Destination:       XLXI_48/cnt1_31 (FF)
  Source Clock:      XLXI_48/clk_1k1 rising
  Destination Clock: XLXI_48/clk_1k1 rising

  Data Path: XLXI_48/cnt1_1 to XLXI_48/cnt1_31
                                Gate     Net
    Cell:in->out      fanout   Delay   Delay  Logical Name (Net Name)
    ----------------------------------------  ------------
     FDE:C->Q              2   0.591   0.622  XLXI_48/cnt1_1 (XLXI_48/cnt1_1)
     LUT1:I0->O            1   0.704   0.000  XLXI_48/Madd_clk_1_add0000_cy<1>_rt (XLXI_48/Madd_clk_1_add0000_cy<1>_rt)
     MUXCY:S->O            1   0.464   0.000  XLXI_48/Madd_clk_1_add0000_cy<1> (XLXI_48/Madd_clk_1_add0000_cy<1>)
     MUXCY:CI->O           1   0.059   0.000  XLXI_48/Madd_clk_1_add0000_cy<2> (XLXI_48/Madd_clk_1_add0000_cy<2>)
     MUXCY:CI->O           1   0.059   0.000  XLXI_48/Madd_clk_1_add0000_cy<3> (XLXI_48/Madd_clk_1_add0000_cy<3>)
     MUXCY:CI->O           1   0.059   0.000  XLXI_48/Madd_clk_1_add0000_cy<4> (XLXI_48/Madd_clk_1_add0000_cy<4>)
     MUXCY:CI->O           1   0.059   0.000  XLXI_48/Madd_clk_1_add0000_cy<5> (XLXI_48/Madd_clk_1_add0000_cy<5>)
     MUXCY:CI->O           1   0.059   0.000  XLXI_48/Madd_clk_1_add0000_cy<6> (XLXI_48/Madd_clk_1_add0000_cy<6>)
     MUXCY:CI->O           1   0.059   0.000  XLXI_48/Madd_clk_1_add0000_cy<7> (XLXI_48/Madd_clk_1_add0000_cy<7>)
     MUXCY:CI->O           1   0.059   0.000  XLXI_48/Madd_clk_1_add0000_cy<8> (XLXI_48/Madd_clk_1_add0000_cy<8>)
     MUXCY:CI->O           1   0.059   0.000  XLXI_48/Madd_clk_1_add0000_cy<9> (XLXI_48/Madd_clk_1_add0000_cy<9>)
     MUXCY:CI->O           1   0.059   0.000  XLXI_48/Madd_clk_1_add0000_cy<10> (XLXI_48/Madd_clk_1_add0000_cy<10>)
     MUXCY:CI->O           1   0.059   0.000  XLXI_48/Madd_clk_1_add0000_cy<11> (XLXI_48/Madd_clk_1_add0000_cy<11>)
     MUXCY:CI->O           1   0.059   0.000  XLXI_48/Madd_clk_1_add0000_cy<12> (XLXI_48/Madd_clk_1_add0000_cy<12>)
     MUXCY:CI->O           1   0.059   0.000  XLXI_48/Madd_clk_1_add0000_cy<13> (XLXI_48/Madd_clk_1_add0000_cy<13>)
     MUXCY:CI->O           1   0.059   0.000  XLXI_48/Madd_clk_1_add0000_cy<14> (XLXI_48/Madd_clk_1_add0000_cy<14>)
     MUXCY:CI->O           1   0.059   0.000  XLXI_48/Madd_clk_1_add0000_cy<15> (XLXI_48/Madd_clk_1_add0000_cy<15>)
     MUXCY:CI->O           1   0.059   0.000  XLXI_48/Madd_clk_1_add0000_cy<16> (XLXI_48/Madd_clk_1_add0000_cy<16>)
     MUXCY:CI->O           1   0.059   0.000  XLXI_48/Madd_clk_1_add0000_cy<17> (XLXI_48/Madd_clk_1_add0000_cy<17>)
     MUXCY:CI->O           1   0.059   0.000  XLXI_48/Madd_clk_1_add0000_cy<18> (XLXI_48/Madd_clk_1_add0000_cy<18>)
     MUXCY:CI->O           1   0.059   0.000  XLXI_48/Madd_clk_1_add0000_cy<19> (XLXI_48/Madd_clk_1_add0000_cy<19>)
     MUXCY:CI->O           1   0.059   0.000  XLXI_48/Madd_clk_1_add0000_cy<20> (XLXI_48/Madd_clk_1_add0000_cy<20>)
     MUXCY:CI->O           1   0.059   0.000  XLXI_48/Madd_clk_1_add0000_cy<21> (XLXI_48/Madd_clk_1_add0000_cy<21>)
     MUXCY:CI->O           1   0.059   0.000  XLXI_48/Madd_clk_1_add0000_cy<22> (XLXI_48/Madd_clk_1_add0000_cy<22>)
     MUXCY:CI->O           1   0.059   0.000  XLXI_48/Madd_clk_1_add0000_cy<23> (XLXI_48/Madd_clk_1_add0000_cy<23>)
     MUXCY:CI->O           1   0.059   0.000  XLXI_48/Madd_clk_1_add0000_cy<24> (XLXI_48/Madd_clk_1_add0000_cy<24>)
     MUXCY:CI->O           1   0.059   0.000  XLXI_48/Madd_clk_1_add0000_cy<25> (XLXI_48/Madd_clk_1_add0000_cy<25>)
     MUXCY:CI->O           1   0.059   0.000  XLXI_48/Madd_clk_1_add0000_cy<26> (XLXI_48/Madd_clk_1_add0000_cy<26>)
     MUXCY:CI->O           1   0.059   0.000  XLXI_48/Madd_clk_1_add0000_cy<27> (XLXI_48/Madd_clk_1_add0000_cy<27>)
     MUXCY:CI->O           1   0.059   0.000  XLXI_48/Madd_clk_1_add0000_cy<28> (XLXI_48/Madd_clk_1_add0000_cy<28>)
     XORCY:CI->O           1   0.804   0.595  XLXI_48/Madd_clk_1_add0000_xor<29> (XLXI_48/clk_1_add0000<29>)
     LUT2:I0->O            1   0.704   0.000  XLXI_48/Mcompar_cnt1_cmp_gt0000_lut<10> (XLXI_48/Mcompar_cnt1_cmp_gt0000_lut<10>)
     MUXCY:S->O            1   0.464   0.000  XLXI_48/Mcompar_cnt1_cmp_gt0000_cy<10> (XLXI_48/Mcompar_cnt1_cmp_gt0000_cy<10>)
     MUXCY:CI->O          34   0.059   1.342  XLXI_48/Mcompar_cnt1_cmp_gt0000_cy<11> (XLXI_48/Mcompar_cnt1_cmp_gt0000_cy<11>)
     LUT2:I1->O            1   0.704   0.000  XLXI_48/Mcount_cnt1_lut<0> (XLXI_48/Mcount_cnt1_lut<0>)
     MUXCY:S->O            1   0.464   0.000  XLXI_48/Mcount_cnt1_cy<0> (XLXI_48/Mcount_cnt1_cy<0>)
     MUXCY:CI->O           1   0.059   0.000  XLXI_48/Mcount_cnt1_cy<1> (XLXI_48/Mcount_cnt1_cy<1>)
     MUXCY:CI->O           1   0.059   0.000  XLXI_48/Mcount_cnt1_cy<2> (XLXI_48/Mcount_cnt1_cy<2>)
     MUXCY:CI->O           1   0.059   0.000  XLXI_48/Mcount_cnt1_cy<3> (XLXI_48/Mcount_cnt1_cy<3>)
     MUXCY:CI->O           1   0.059   0.000  XLXI_48/Mcount_cnt1_cy<4> (XLXI_48/Mcount_cnt1_cy<4>)
     MUXCY:CI->O           1   0.059   0.000  XLXI_48/Mcount_cnt1_cy<5> (XLXI_48/Mcount_cnt1_cy<5>)
     MUXCY:CI->O           1   0.059   0.000  XLXI_48/Mcount_cnt1_cy<6> (XLXI_48/Mcount_cnt1_cy<6>)
     MUXCY:CI->O           1   0.059   0.000  XLXI_48/Mcount_cnt1_cy<7> (XLXI_48/Mcount_cnt1_cy<7>)
     MUXCY:CI->O           1   0.059   0.000  XLXI_48/Mcount_cnt1_cy<8> (XLXI_48/Mcount_cnt1_cy<8>)
     MUXCY:CI->O           1   0.059   0.000  XLXI_48/Mcount_cnt1_cy<9> (XLXI_48/Mcount_cnt1_cy<9>)
     MUXCY:CI->O           1   0.059   0.000  XLXI_48/Mcount_cnt1_cy<10> (XLXI_48/Mcount_cnt1_cy<10>)
     MUXCY:CI->O           1   0.059   0.000  XLXI_48/Mcount_cnt1_cy<11> (XLXI_48/Mcount_cnt1_cy<11>)
     MUXCY:CI->O           1   0.059   0.000  XLXI_48/Mcount_cnt1_cy<12> (XLXI_48/Mcount_cnt1_cy<12>)
     MUXCY:CI->O           1   0.059   0.000  XLXI_48/Mcount_cnt1_cy<13> (XLXI_48/Mcount_cnt1_cy<13>)
     MUXCY:CI->O           1   0.059   0.000  XLXI_48/Mcount_cnt1_cy<14> (XLXI_48/Mcount_cnt1_cy<14>)
     MUXCY:CI->O           1   0.059   0.000  XLXI_48/Mcount_cnt1_cy<15> (XLXI_48/Mcount_cnt1_cy<15>)
     MUXCY:CI->O           1   0.059   0.000  XLXI_48/Mcount_cnt1_cy<16> (XLXI_48/Mcount_cnt1_cy<16>)
     MUXCY:CI->O           1   0.059   0.000  XLXI_48/Mcount_cnt1_cy<17> (XLXI_48/Mcount_cnt1_cy<17>)
     MUXCY:CI->O           1   0.059   0.000  XLXI_48/Mcount_cnt1_cy<18> (XLXI_48/Mcount_cnt1_cy<18>)
     MUXCY:CI->O           1   0.059   0.000  XLXI_48/Mcount_cnt1_cy<19> (XLXI_48/Mcount_cnt1_cy<19>)
     MUXCY:CI->O           1   0.059   0.000  XLXI_48/Mcount_cnt1_cy<20> (XLXI_48/Mcount_cnt1_cy<20>)
     MUXCY:CI->O           1   0.059   0.000  XLXI_48/Mcount_cnt1_cy<21> (XLXI_48/Mcount_cnt1_cy<21>)
     MUXCY:CI->O           1   0.059   0.000  XLXI_48/Mcount_cnt1_cy<22> (XLXI_48/Mcount_cnt1_cy<22>)
     MUXCY:CI->O           1   0.059   0.000  XLXI_48/Mcount_cnt1_cy<23> (XLXI_48/Mcount_cnt1_cy<23>)
     MUXCY:CI->O           1   0.059   0.000  XLXI_48/Mcount_cnt1_cy<24> (XLXI_48/Mcount_cnt1_cy<24>)
     MUXCY:CI->O           1   0.059   0.000  XLXI_48/Mcount_cnt1_cy<25> (XLXI_48/Mcount_cnt1_cy<25>)
     MUXCY:CI->O           1   0.059   0.000  XLXI_48/Mcount_cnt1_cy<26> (XLXI_48/Mcount_cnt1_cy<26>)
     MUXCY:CI->O           1   0.059   0.000  XLXI_48/Mcount_cnt1_cy<27> (XLXI_48/Mcount_cnt1_cy<27>)
     MUXCY:CI->O           1   0.059   0.000  XLXI_48/Mcount_cnt1_cy<28> (XLXI_48/Mcount_cnt1_cy<28>)
     MUXCY:CI->O           1   0.059   0.000  XLXI_48/Mcount_cnt1_cy<29> (XLXI_48/Mcount_cnt1_cy<29>)
     MUXCY:CI->O           0   0.059   0.000  XLXI_48/Mcount_cnt1_cy<30> (XLXI_48/Mcount_cnt1_cy<30>)
     XORCY:CI->O           1   0.804   0.000  XLXI_48/Mcount_cnt1_xor<31> (XLXI_48/Mcount_cnt131)
     FDE:D                     0.308          XLXI_48/cnt1_31
    ----------------------------------------
    Total                     11.992ns (9.433ns logic, 2.559ns route)
                                       (78.7% logic, 21.3% route)

=========================================================================
Timing constraint: Default period analysis for Clock 'XLXI_48/clk_1'
  Clock period: 3.678ns (frequency: 271.887MHz)
  Total number of paths / destination ports: 2 / 1
-------------------------------------------------------------------------
Delay:               3.678ns (Levels of Logic = 2)
  Source:            XLXI_40/I_36_32 (FF)
  Destination:       XLXI_40/I_36_32 (FF)
  Source Clock:      XLXI_48/clk_1 rising
  Destination Clock: XLXI_48/clk_1 rising

  Data Path: XLXI_40/I_36_32 to XLXI_40/I_36_32
                                Gate     Net
    Cell:in->out      fanout   Delay   Delay  Logical Name (Net Name)
    ----------------------------------------  ------------
     FDCE:C->Q             3   0.591   0.531  I_36_32 (Q)
     AND3B2:I2->O          1   0.704   0.420  I_36_37 (A0)
     OR3:I2->O             1   0.704   0.420  I_36_41 (AD)
     FDCE:D                    0.308          I_36_32
    ----------------------------------------
    Total                      3.678ns (2.307ns logic, 1.371ns route)
                                       (62.7% logic, 37.3% route)

=========================================================================
Timing constraint: Default OFFSET IN BEFORE for Clock 'XLXI_48/clk_1'
  Total number of paths / destination ports: 6 / 1
-------------------------------------------------------------------------
Offset:              4.305ns (Levels of Logic = 4)
  Source:            Kin (PAD)
  Destination:       XLXI_40/I_36_32 (FF)
  Destination Clock: XLXI_48/clk_1 rising

  Data Path: Kin to XLXI_40/I_36_32
                                Gate     Net
    Cell:in->out      fanout   Delay   Delay  Logical Name (Net Name)
    ----------------------------------------  ------------
     IBUF:I->O             3   1.218   0.531  Kin_IBUF (Kin_IBUF)
     begin scope: 'XLXI_40'
     AND3B2:I1->O          1   0.704   0.420  I_36_37 (A0)
     OR3:I2->O             1   0.704   0.420  I_36_41 (AD)
     FDCE:D                    0.308          I_36_32
    ----------------------------------------
    Total                      4.305ns (2.934ns logic, 1.371ns route)
                                       (68.2% logic, 31.8% route)

=========================================================================
Timing constraint: Default OFFSET OUT AFTER for Clock 'XLXI_48/clk_1'
  Total number of paths / destination ports: 1 / 1
-------------------------------------------------------------------------
Offset:              4.394ns (Levels of Logic = 2)
  Source:            XLXI_40/I_36_32 (FF)
  Destination:       Qout (PAD)
  Source Clock:      XLXI_48/clk_1 rising

  Data Path: XLXI_40/I_36_32 to Qout
                                Gate     Net
    Cell:in->out      fanout   Delay   Delay  Logical Name (Net Name)
    ----------------------------------------  ------------
     FDCE:C->Q             3   0.591   0.531  I_36_32 (Q)
     end scope: 'XLXI_40'
     OBUF:I->O                 3.272          Qout_OBUF (Qout)
    ----------------------------------------
    Total                      4.394ns (3.863ns logic, 0.531ns route)
                                       (87.9% logic, 12.1% route)

=========================================================================


Total REAL time to Xst completion: 20.00 secs
Total CPU time to Xst completion: 19.52 secs
 
--> 

Total memory usage is 343576 kilobytes

Number of errors   :    0 (   0 filtered)
Number of warnings :   33 (   0 filtered)
Number of infos    :    1 (   0 filtered)

