Release 14.7 - ngc2edif P.20131013 (nt)
Copyright (c) 1995-2013 Xilinx, Inc.  All rights reserved.
Reading design NOR_RSFF.ngc ...
WARNING:NetListWriters:298 - No output is written to NOR_RSFF.xncf, ignored.
Processing design ...
   Preping design's networks ...
   Preping design's macros ...
  finished :Prep
Writing EDIF netlist file NOR_RSFF.edif ...
ngc2edif: Total memory usage is 113944 kilobytes

Release 14.7 - ngc2edif P.20131013 (nt)
Copyright (c) 1995-2013 Xilinx, Inc.  All rights reserved.
Reading design XNOR_RSFF.ngc ...
WARNING:NetListWriters:298 - No output is written to XNOR_RSFF.xncf, ignored.
Processing design ...
   Preping design's networks ...
   Preping design's macros ...
  finished :Prep
Writing EDIF netlist file XNOR_RSFF.edif ...
ngc2edif: Total memory usage is 113944 kilobytes

Release 14.7 - ngc2edif P.20131013 (nt)
Copyright (c) 1995-2013 Xilinx, Inc.  All rights reserved.
Reading design NOR_DFF.ngc ...
WARNING:NetListWriters:298 - No output is written to NOR_DFF.xncf, ignored.
Processing design ...
   Preping design's networks ...
   Preping design's macros ...
  finished :Prep
Writing EDIF netlist file NOR_DFF.edif ...
ngc2edif: Total memory usage is 113944 kilobytes

Release 14.7 - ngc2edif P.20131013 (nt)
Copyright (c) 1995-2013 Xilinx, Inc.  All rights reserved.
Reading design NegativeEdgeTriggered_DFF.ngc ...
WARNING:NetListWriters:298 - No output is written to
   NegativeEdgeTriggered_DFF.xncf, ignored.
Processing design ...
   Preping design's networks ...
   Preping design's macros ...
  finished :Prep
Writing EDIF netlist file NegativeEdgeTriggered_DFF.edif ...
ngc2edif: Total memory usage is 114456 kilobytes

Release 14.7 - ngc2edif P.20131013 (nt)
Copyright (c) 1995-2013 Xilinx, Inc.  All rights reserved.
Reading design NegativeEdgeTriggered_DFF.ngc ...
WARNING:NetListWriters:298 - No output is written to
   NegativeEdgeTriggered_DFF.xncf, ignored.
Processing design ...
   Preping design's networks ...
   Preping design's macros ...
  finished :Prep
Writing EDIF netlist file NegativeEdgeTriggered_DFF.edif ...
ngc2edif: Total memory usage is 114520 kilobytes

Release 14.7 - ngc2edif P.20131013 (nt)
Copyright (c) 1995-2013 Xilinx, Inc.  All rights reserved.
Reading design NegativeEdgeTriggered_DFF.ngc ...
WARNING:NetListWriters:298 - No output is written to
   NegativeEdgeTriggered_DFF.xncf, ignored.
Processing design ...
   Preping design's networks ...
   Preping design's macros ...
  finished :Prep
Writing EDIF netlist file NegativeEdgeTriggered_DFF.edif ...
ngc2edif: Total memory usage is 113944 kilobytes

Release 14.7 - ngc2edif P.20131013 (nt)
Copyright (c) 1995-2013 Xilinx, Inc.  All rights reserved.
Reading design experiment6.ngc ...
WARNING:NetListWriters:298 - No output is written to experiment6.xncf, ignored.
Processing design ...
   Preping design's networks ...
   Preping design's macros ...
  finished :Prep
Writing EDIF netlist file experiment6.edif ...
ngc2edif: Total memory usage is 114456 kilobytes

Release 14.7 - ngc2edif P.20131013 (nt)
Copyright (c) 1995-2013 Xilinx, Inc.  All rights reserved.
Reading design lab7_experiment9.ngc ...
WARNING:NetListWriters:298 - No output is written to lab7_experiment9.xncf,
   ignored.
Processing design ...
   Preping design's networks ...
   Preping design's macros ...
  finished :Prep
Writing EDIF netlist file lab7_experiment9.edif ...
ngc2edif: Total memory usage is 114264 kilobytes

Release 14.7 - ngc2edif P.20131013 (nt)
Copyright (c) 1995-2013 Xilinx, Inc.  All rights reserved.
Reading design lab7_experiment9.ngc ...
WARNING:NetListWriters:298 - No output is written to lab7_experiment9.xncf,
   ignored.
Processing design ...
   Preping design's networks ...
   Preping design's macros ...
  finished :Prep
Writing EDIF netlist file lab7_experiment9.edif ...
ngc2edif: Total memory usage is 116376 kilobytes

Release 14.7 - ngc2edif P.20131013 (nt)
Copyright (c) 1995-2013 Xilinx, Inc.  All rights reserved.
Reading design lab7_experiment9.ngc ...
WARNING:NetListWriters:298 - No output is written to lab7_experiment9.xncf,
   ignored.
Processing design ...
   Preping design's networks ...
   Preping design's macros ...
  finished :Prep
Writing EDIF netlist file lab7_experiment9.edif ...
ngc2edif: Total memory usage is 115160 kilobytes

Release 14.7 - ngc2edif P.20131013 (nt)
Copyright (c) 1995-2013 Xilinx, Inc.  All rights reserved.
Reading design lab7_experiment9.ngc ...
WARNING:NetListWriters:298 - No output is written to lab7_experiment9.xncf,
   ignored.
Processing design ...
   Preping design's networks ...
   Preping design's macros ...
  finished :Prep
Writing EDIF netlist file lab7_experiment9.edif ...
ngc2edif: Total memory usage is 114840 kilobytes

Release 14.7 - ngc2edif P.20131013 (nt)
Copyright (c) 1995-2013 Xilinx, Inc.  All rights reserved.
Reading design NOR_DFF.ngc ...
WARNING:NetListWriters:298 - No output is written to NOR_DFF.xncf, ignored.
Processing design ...
   Preping design's networks ...
   Preping design's macros ...
  finished :Prep
Writing EDIF netlist file NOR_DFF.edif ...
ngc2edif: Total memory usage is 113816 kilobytes

Release 14.7 - ngc2edif P.20131013 (nt)
Copyright (c) 1995-2013 Xilinx, Inc.  All rights reserved.
Reading design NegativeEdgeTriggered_DFF.ngc ...
WARNING:NetListWriters:298 - No output is written to
   NegativeEdgeTriggered_DFF.xncf, ignored.
Processing design ...
   Preping design's networks ...
   Preping design's macros ...
  finished :Prep
Writing EDIF netlist file NegativeEdgeTriggered_DFF.edif ...
ngc2edif: Total memory usage is 114392 kilobytes

Release 14.7 - ngc2edif P.20131013 (nt)
Copyright (c) 1995-2013 Xilinx, Inc.  All rights reserved.
Reading design experiment6.ngc ...
WARNING:NetListWriters:298 - No output is written to experiment6.xncf, ignored.
Processing design ...
   Preping design's networks ...
   Preping design's macros ...
  finished :Prep
Writing EDIF netlist file experiment6.edif ...
ngc2edif: Total memory usage is 113752 kilobytes

Release 14.7 - ngc2edif P.20131013 (nt)
Copyright (c) 1995-2013 Xilinx, Inc.  All rights reserved.
Reading design experiment6.ngc ...
WARNING:NetListWriters:298 - No output is written to experiment6.xncf, ignored.
Processing design ...
   Preping design's networks ...
   Preping design's macros ...
  finished :Prep
Writing EDIF netlist file experiment6.edif ...
ngc2edif: Total memory usage is 115096 kilobytes

Release 14.7 - ngc2edif P.20131013 (nt)
Copyright (c) 1995-2013 Xilinx, Inc.  All rights reserved.
Reading design experiment6.ngc ...
WARNING:NetListWriters:298 - No output is written to experiment6.xncf, ignored.
Processing design ...
   Preping design's networks ...
   Preping design's macros ...
WARNING:NetListWriters:306 - Signal bus XLXI_7/Mcompar_clk_1_cmp_gt0000_lut<11 :
   0> on block experiment6 is not reconstructed, because there are some missing
   bus signals.
WARNING:NetListWriters:306 - Signal bus XLXI_7/Mcompar_clk_1k_cmp_gt0000_lut<11
   : 0> on block experiment6 is not reconstructed, because there are some
   missing bus signals.
  finished :Prep
Writing EDIF netlist file experiment6.edif ...
ngc2edif: Total memory usage is 116120 kilobytes

Release 14.7 - ngc2edif P.20131013 (nt)
Copyright (c) 1995-2013 Xilinx, Inc.  All rights reserved.
Reading design experiment7_2.ngc ...
WARNING:NetListWriters:298 - No output is written to experiment7_2.xncf,
   ignored.
Processing design ...
   Preping design's networks ...
   Preping design's macros ...
  finished :Prep
Writing EDIF netlist file experiment7_2.edif ...
ngc2edif: Total memory usage is 115096 kilobytes

Release 14.7 - ngc2edif P.20131013 (nt)
Copyright (c) 1995-2013 Xilinx, Inc.  All rights reserved.
Reading design lab7_experiment8.ngc ...
WARNING:NetListWriters:298 - No output is written to lab7_experiment8.xncf,
   ignored.
Processing design ...
   Preping design's networks ...
   Preping design's macros ...
  finished :Prep
Writing EDIF netlist file lab7_experiment8.edif ...
ngc2edif: Total memory usage is 114904 kilobytes

Release 14.7 - ngc2edif P.20131013 (nt)
Copyright (c) 1995-2013 Xilinx, Inc.  All rights reserved.
Reading design lab7_experiment8.ngc ...
WARNING:NetListWriters:298 - No output is written to lab7_experiment8.xncf,
   ignored.
Processing design ...
   Preping design's networks ...
   Preping design's macros ...
  finished :Prep
Writing EDIF netlist file lab7_experiment8.edif ...
ngc2edif: Total memory usage is 114840 kilobytes

Release 14.7 - ngc2edif P.20131013 (nt)
Copyright (c) 1995-2013 Xilinx, Inc.  All rights reserved.
Reading design lab7_experiment8.ngc ...
WARNING:NetListWriters:298 - No output is written to lab7_experiment8.xncf,
   ignored.
Processing design ...
   Preping design's networks ...
   Preping design's macros ...
  finished :Prep
Writing EDIF netlist file lab7_experiment8.edif ...
ngc2edif: Total memory usage is 115864 kilobytes

Release 14.7 - ngc2edif P.20131013 (nt)
Copyright (c) 1995-2013 Xilinx, Inc.  All rights reserved.
Reading design lab7_experiment9.ngc ...
WARNING:NetListWriters:298 - No output is written to lab7_experiment9.xncf,
   ignored.
Processing design ...
   Preping design's networks ...
   Preping design's macros ...
  finished :Prep
Writing EDIF netlist file lab7_experiment9.edif ...
ngc2edif: Total memory usage is 115608 kilobytes

